{"total": {"lines":{"total":10305,"covered":9433,"skipped":0,"pct":91.53},"statements":{"total":11749,"covered":10487,"skipped":0,"pct":89.25},"functions":{"total":3219,"covered":2883,"skipped":0,"pct":89.56},"branches":{"total":9173,"covered":7482,"skipped":0,"pct":81.56},"branchesTrue":{"total":0,"covered":0,"skipped":0,"pct":100}}
,"/Users/dm/orca/workspaces/affiliate-hub/task20-2/src/auth.cli.ts": {"lines":{"total":1,"covered":0,"skipped":0,"pct":0},"functions":{"total":0,"covered":0,"skipped":0,"pct":100},"statements":{"total":1,"covered":0,"skipped":0,"pct":0},"branches":{"total":0,"covered":0,"skipped":0,"pct":100}}
,"/Users/dm/orca/workspaces/affiliate-hub/task20-2/src/middleware.ts": {"lines":{"total":14,"covered":14,"skipped":0,"pct":100},"functions":{"total":2,"covered":2,"skipped":0,"pct":100},"statements":{"total":17,"covered":17,"skipped":0,"pct":100},"branches":{"total":8,"covered":8,"skipped":0,"pct":100}}
,"/Users/dm/orca/workspaces/affiliate-hub/task20-2/src/app/layout.tsx": {"lines":{"total":5,"covered":0,"skipped":0,"pct":0},"functions":{"total":1,"covered":0,"skipped":0,"pct":0},"statements":{"total":5,"covered":0,"skipped":0,"pct":0},"branches":{"total":0,"covered":0,"skipped":0,"pct":100}}
,"/Users/dm/orca/workspaces/affiliate-hub/task20-2/src/app/page.tsx": {"lines":{"total":4,"covered":4,"skipped":0,"pct":100},"functions":{"total":2,"covered":2,"skipped":0,"pct":100},"statements":{"total":4,"covered":4,"skipped":0,"pct":100},"branches":{"total":6,"covered":2,"skipped":0,"pct":33.33}}
,"/Users/dm/orca/workspaces/affiliate-hub/task20-2/src/app/admin/layout.tsx": {"lines":{"total":2,"covered":0,"skipped":0,"pct":0},"functions":{"total":1,"covered":0,"skipped":0,"pct":0},"statements":{"total":2,"covered":0,"skipped":0,"pct":0},"branches":{"total":0,"covered":0,"skipped":0,"pct":100}}
,"/Users/dm/orca/workspaces/affiliate-hub/task20-2/src/app/admin/page.tsx": {"lines":{"total":8,"covered":8,"skipped":0,"pct":100},"functions":{"total":4,"covered":4,"skipped":0,"pct":100},"statements":{"total":8,"covered":8,"skipped":0,"pct":100},"branches":{"total":8,"covered":6,"skipped":0,"pct":75}}
,"/Users/dm/orca/workspaces/affiliate-hub/task20-2/src/app/admin/affiliate/page.tsx": {"lines":{"total":15,"covered":15,"skipped":0,"pct":100},"functions":{"total":8,"covered":8,"skipped":0,"pct":100},"statements":{"total":15,"covered":15,"skipped":0,"pct":100},"branches":{"total":46,"covered":32,"skipped":0,"pct":69.56}}
,"/Users/dm/orca/workspaces/affiliate-hub/task20-2/src/app/admin/affiliate/[conversion]/page.tsx": {"lines":{"total":7,"covered":7,"skipped":0,"pct":100},"functions":{"total":1,"covered":1,"skipped":0,"pct":100},"statements":{"total":7,"covered":7,"skipped":0,"pct":100},"branches":{"total":14,"covered":11,"skipped":0,"pct":78.57}}
,"/Users/dm/orca/workspaces/affiliate-hub/task20-2/src/app/admin/ai-usage/page.tsx": {"lines":{"total":11,"covered":11,"skipped":0,"pct":100},"functions":{"total":4,"covered":4,"skipped":0,"pct":100},"statements":{"total":11,"covered":11,"skipped":0,"pct":100},"branches":{"total":18,"covered":13,"skipped":0,"pct":72.22}}
,"/Users/dm/orca/workspaces/affiliate-hub/task20-2/src/app/admin/analytics/page.tsx": {"lines":{"total":25,"covered":24,"skipped":0,"pct":96},"functions":{"total":11,"covered":10,"skipped":0,"pct":90.9},"statements":{"total":28,"covered":25,"skipped":0,"pct":89.28},"branches":{"total":56,"covered":35,"skipped":0,"pct":62.5}}
,"/Users/dm/orca/workspaces/affiliate-hub/task20-2/src/app/admin/content/page.tsx": {"lines":{"total":11,"covered":10,"skipped":0,"pct":90.9},"functions":{"total":6,"covered":5,"skipped":0,"pct":83.33},"statements":{"total":12,"covered":11,"skipped":0,"pct":91.66},"branches":{"total":22,"covered":14,"skipped":0,"pct":63.63}}
,"/Users/dm/orca/workspaces/affiliate-hub/task20-2/src/app/admin/content/[variant]/page.tsx": {"lines":{"total":23,"covered":15,"skipped":0,"pct":65.21},"functions":{"total":11,"covered":5,"skipped":0,"pct":45.45},"statements":{"total":25,"covered":15,"skipped":0,"pct":60},"branches":{"total":38,"covered":17,"skipped":0,"pct":44.73}}
,"/Users/dm/orca/workspaces/affiliate-hub/task20-2/src/app/admin/content/[variant]/edit/page.tsx": {"lines":{"total":6,"covered":6,"skipped":0,"pct":100},"functions":{"total":1,"covered":1,"skipped":0,"pct":100},"statements":{"total":6,"covered":6,"skipped":0,"pct":100},"branches":{"total":10,"covered":7,"skipped":0,"pct":70}}
,"/Users/dm/orca/workspaces/affiliate-hub/task20-2/src/app/admin/content/[variant]/progress/page.tsx": {"lines":{"total":13,"covered":9,"skipped":0,"pct":69.23},"functions":{"total":3,"covered":3,"skipped":0,"pct":100},"statements":{"total":13,"covered":9,"skipped":0,"pct":69.23},"branches":{"total":33,"covered":18,"skipped":0,"pct":54.54}}
,"/Users/dm/orca/workspaces/affiliate-hub/task20-2/src/app/admin/content/matrix/page.tsx": {"lines":{"total":30,"covered":29,"skipped":0,"pct":96.66},"functions":{"total":17,"covered":16,"skipped":0,"pct":94.11},"statements":{"total":33,"covered":32,"skipped":0,"pct":96.96},"branches":{"total":44,"covered":36,"skipped":0,"pct":81.81}}
,"/Users/dm/orca/workspaces/affiliate-hub/task20-2/src/app/admin/content/new/page.tsx": {"lines":{"total":8,"covered":8,"skipped":0,"pct":100},"functions":{"total":3,"covered":3,"skipped":0,"pct":100},"statements":{"total":8,"covered":8,"skipped":0,"pct":100},"branches":{"total":13,"covered":10,"skipped":0,"pct":76.92}}
,"/Users/dm/orca/workspaces/affiliate-hub/task20-2/src/app/admin/distribution/page.tsx": {"lines":{"total":10,"covered":10,"skipped":0,"pct":100},"functions":{"total":5,"covered":5,"skipped":0,"pct":100},"statements":{"total":10,"covered":10,"skipped":0,"pct":100},"branches":{"total":36,"covered":30,"skipped":0,"pct":83.33}}
,"/Users/dm/orca/workspaces/affiliate-hub/task20-2/src/app/admin/distribution/[publication]/page.tsx": {"lines":{"total":16,"covered":13,"skipped":0,"pct":81.25},"functions":{"total":4,"covered":2,"skipped":0,"pct":50},"statements":{"total":16,"covered":13,"skipped":0,"pct":81.25},"branches":{"total":34,"covered":15,"skipped":0,"pct":44.11}}
,"/Users/dm/orca/workspaces/affiliate-hub/task20-2/src/app/admin/distribution/[publication]/edit/page.tsx": {"lines":{"total":9,"covered":7,"skipped":0,"pct":77.77},"functions":{"total":3,"covered":2,"skipped":0,"pct":66.66},"statements":{"total":11,"covered":8,"skipped":0,"pct":72.72},"branches":{"total":8,"covered":6,"skipped":0,"pct":75}}
,"/Users/dm/orca/workspaces/affiliate-hub/task20-2/src/app/admin/distribution/calendar/page.tsx": {"lines":{"total":15,"covered":15,"skipped":0,"pct":100},"functions":{"total":10,"covered":10,"skipped":0,"pct":100},"statements":{"total":18,"covered":18,"skipped":0,"pct":100},"branches":{"total":20,"covered":17,"skipped":0,"pct":85}}
,"/Users/dm/orca/workspaces/affiliate-hub/task20-2/src/app/admin/distribution/new/page.tsx": {"lines":{"total":7,"covered":7,"skipped":0,"pct":100},"functions":{"total":4,"covered":4,"skipped":0,"pct":100},"statements":{"total":7,"covered":7,"skipped":0,"pct":100},"branches":{"total":8,"covered":7,"skipped":0,"pct":87.5}}
,"/Users/dm/orca/workspaces/affiliate-hub/task20-2/src/app/admin/evidence/page.tsx": {"lines":{"total":17,"covered":17,"skipped":0,"pct":100},"functions":{"total":8,"covered":8,"skipped":0,"pct":100},"statements":{"total":19,"covered":18,"skipped":0,"pct":94.73},"branches":{"total":26,"covered":12,"skipped":0,"pct":46.15}}
,"/Users/dm/orca/workspaces/affiliate-hub/task20-2/src/app/admin/feedback/page.tsx": {"lines":{"total":16,"covered":16,"skipped":0,"pct":100},"functions":{"total":8,"covered":8,"skipped":0,"pct":100},"statements":{"total":18,"covered":18,"skipped":0,"pct":100},"branches":{"total":46,"covered":42,"skipped":0,"pct":91.3}}
,"/Users/dm/orca/workspaces/affiliate-hub/task20-2/src/app/admin/feedback/[report]/page.tsx": {"lines":{"total":9,"covered":8,"skipped":0,"pct":88.88},"functions":{"total":4,"covered":3,"skipped":0,"pct":75},"statements":{"total":9,"covered":8,"skipped":0,"pct":88.88},"branches":{"total":38,"covered":22,"skipped":0,"pct":57.89}}
,"/Users/dm/orca/workspaces/affiliate-hub/task20-2/src/app/admin/generation/page.tsx": {"lines":{"total":20,"covered":19,"skipped":0,"pct":95},"functions":{"total":7,"covered":6,"skipped":0,"pct":85.71},"statements":{"total":21,"covered":19,"skipped":0,"pct":90.47},"branches":{"total":52,"covered":31,"skipped":0,"pct":59.61}}
,"/Users/dm/orca/workspaces/affiliate-hub/task20-2/src/app/admin/generation/inputs/page.tsx": {"lines":{"total":8,"covered":8,"skipped":0,"pct":100},"functions":{"total":2,"covered":2,"skipped":0,"pct":100},"statements":{"total":8,"covered":8,"skipped":0,"pct":100},"branches":{"total":42,"covered":25,"skipped":0,"pct":59.52}}
,"/Users/dm/orca/workspaces/affiliate-hub/task20-2/src/app/admin/generation/prompt/page.tsx": {"lines":{"total":6,"covered":6,"skipped":0,"pct":100},"functions":{"total":3,"covered":3,"skipped":0,"pct":100},"statements":{"total":6,"covered":6,"skipped":0,"pct":100},"branches":{"total":6,"covered":4,"skipped":0,"pct":66.66}}
,"/Users/dm/orca/workspaces/affiliate-hub/task20-2/src/app/admin/improvement/page.tsx": {"lines":{"total":25,"covered":25,"skipped":0,"pct":100},"functions":{"total":13,"covered":13,"skipped":0,"pct":100},"statements":{"total":27,"covered":27,"skipped":0,"pct":100},"branches":{"total":32,"covered":26,"skipped":0,"pct":81.25}}
,"/Users/dm/orca/workspaces/affiliate-hub/task20-2/src/app/admin/improvement/dimensions/page.tsx": {"lines":{"total":12,"covered":12,"skipped":0,"pct":100},"functions":{"total":7,"covered":7,"skipped":0,"pct":100},"statements":{"total":12,"covered":12,"skipped":0,"pct":100},"branches":{"total":22,"covered":17,"skipped":0,"pct":77.27}}
,"/Users/dm/orca/workspaces/affiliate-hub/task20-2/src/app/admin/inbox/page.tsx": {"lines":{"total":12,"covered":12,"skipped":0,"pct":100},"functions":{"total":6,"covered":6,"skipped":0,"pct":100},"statements":{"total":13,"covered":13,"skipped":0,"pct":100},"branches":{"total":28,"covered":22,"skipped":0,"pct":78.57}}
,"/Users/dm/orca/workspaces/affiliate-hub/task20-2/src/app/admin/personas/page.tsx": {"lines":{"total":11,"covered":10,"skipped":0,"pct":90.9},"functions":{"total":7,"covered":6,"skipped":0,"pct":85.71},"statements":{"total":11,"covered":10,"skipped":0,"pct":90.9},"branches":{"total":18,"covered":13,"skipped":0,"pct":72.22}}
,"/Users/dm/orca/workspaces/affiliate-hub/task20-2/src/app/admin/personas/audiences/page.tsx": {"lines":{"total":10,"covered":10,"skipped":0,"pct":100},"functions":{"total":7,"covered":7,"skipped":0,"pct":100},"statements":{"total":10,"covered":10,"skipped":0,"pct":100},"branches":{"total":14,"covered":11,"skipped":0,"pct":78.57}}
,"/Users/dm/orca/workspaces/affiliate-hub/task20-2/src/app/admin/products/claim-view.ts": {"lines":{"total":4,"covered":4,"skipped":0,"pct":100},"functions":{"total":2,"covered":2,"skipped":0,"pct":100},"statements":{"total":5,"covered":5,"skipped":0,"pct":100},"branches":{"total":4,"covered":3,"skipped":0,"pct":75}}
,"/Users/dm/orca/workspaces/affiliate-hub/task20-2/src/app/admin/products/page.tsx": {"lines":{"total":12,"covered":12,"skipped":0,"pct":100},"functions":{"total":3,"covered":3,"skipped":0,"pct":100},"statements":{"total":12,"covered":12,"skipped":0,"pct":100},"branches":{"total":18,"covered":10,"skipped":0,"pct":55.55}}
,"/Users/dm/orca/workspaces/affiliate-hub/task20-2/src/app/admin/products/product-search-form.tsx": {"lines":{"total":7,"covered":4,"skipped":0,"pct":57.14},"functions":{"total":2,"covered":1,"skipped":0,"pct":50},"statements":{"total":7,"covered":4,"skipped":0,"pct":57.14},"branches":{"total":2,"covered":0,"skipped":0,"pct":0}}
,"/Users/dm/orca/workspaces/affiliate-hub/task20-2/src/app/admin/products/[product]/page.tsx": {"lines":{"total":22,"covered":20,"skipped":0,"pct":90.9},"functions":{"total":10,"covered":8,"skipped":0,"pct":80},"statements":{"total":22,"covered":20,"skipped":0,"pct":90.9},"branches":{"total":58,"covered":24,"skipped":0,"pct":41.37}}
,"/Users/dm/orca/workspaces/affiliate-hub/task20-2/src/app/admin/products/[product]/edit/page.tsx": {"lines":{"total":7,"covered":7,"skipped":0,"pct":100},"functions":{"total":1,"covered":1,"skipped":0,"pct":100},"statements":{"total":7,"covered":7,"skipped":0,"pct":100},"branches":{"total":12,"covered":10,"skipped":0,"pct":83.33}}
,"/Users/dm/orca/workspaces/affiliate-hub/task20-2/src/app/admin/products/compare/page.tsx": {"lines":{"total":24,"covered":5,"skipped":0,"pct":20.83},"functions":{"total":9,"covered":1,"skipped":0,"pct":11.11},"statements":{"total":25,"covered":5,"skipped":0,"pct":20},"branches":{"total":14,"covered":2,"skipped":0,"pct":14.28}}
,"/Users/dm/orca/workspaces/affiliate-hub/task20-2/src/app/admin/products/new/page.tsx": {"lines":{"total":2,"covered":2,"skipped":0,"pct":100},"functions":{"total":1,"covered":1,"skipped":0,"pct":100},"statements":{"total":2,"covered":2,"skipped":0,"pct":100},"branches":{"total":0,"covered":0,"skipped":0,"pct":100}}
,"/Users/dm/orca/workspaces/affiliate-hub/task20-2/src/app/admin/rankings/criterion-view.ts": {"lines":{"total":6,"covered":6,"skipped":0,"pct":100},"functions":{"total":4,"covered":4,"skipped":0,"pct":100},"statements":{"total":7,"covered":6,"skipped":0,"pct":85.71},"branches":{"total":4,"covered":3,"skipped":0,"pct":75}}
,"/Users/dm/orca/workspaces/affiliate-hub/task20-2/src/app/admin/rankings/page.tsx": {"lines":{"total":8,"covered":8,"skipped":0,"pct":100},"functions":{"total":4,"covered":4,"skipped":0,"pct":100},"statements":{"total":8,"covered":8,"skipped":0,"pct":100},"branches":{"total":8,"covered":5,"skipped":0,"pct":62.5}}
,"/Users/dm/orca/workspaces/affiliate-hub/task20-2/src/app/admin/rankings/criteria/page.tsx": {"lines":{"total":5,"covered":5,"skipped":0,"pct":100},"functions":{"total":2,"covered":2,"skipped":0,"pct":100},"statements":{"total":5,"covered":5,"skipped":0,"pct":100},"branches":{"total":4,"covered":3,"skipped":0,"pct":75}}
,"/Users/dm/orca/workspaces/affiliate-hub/task20-2/src/app/admin/settings/page.tsx": {"lines":{"total":7,"covered":7,"skipped":0,"pct":100},"functions":{"total":2,"covered":2,"skipped":0,"pct":100},"statements":{"total":7,"covered":7,"skipped":0,"pct":100},"branches":{"total":8,"covered":6,"skipped":0,"pct":75}}
,"/Users/dm/orca/workspaces/affiliate-hub/task20-2/src/app/admin/settings/appearance/page.tsx": {"lines":{"total":4,"covered":4,"skipped":0,"pct":100},"functions":{"total":1,"covered":1,"skipped":0,"pct":100},"statements":{"total":4,"covered":4,"skipped":0,"pct":100},"branches":{"total":0,"covered":0,"skipped":0,"pct":100}}
,"/Users/dm/orca/workspaces/affiliate-hub/task20-2/src/app/admin/settings/audit/page.tsx": {"lines":{"total":5,"covered":5,"skipped":0,"pct":100},"functions":{"total":2,"covered":2,"skipped":0,"pct":100},"statements":{"total":5,"covered":5,"skipped":0,"pct":100},"branches":{"total":12,"covered":8,"skipped":0,"pct":66.66}}
,"/Users/dm/orca/workspaces/affiliate-hub/task20-2/src/app/admin/settings/compliance/page.tsx": {"lines":{"total":8,"covered":8,"skipped":0,"pct":100},"functions":{"total":4,"covered":4,"skipped":0,"pct":100},"statements":{"total":8,"covered":8,"skipped":0,"pct":100},"branches":{"total":20,"covered":16,"skipped":0,"pct":80}}
,"/Users/dm/orca/workspaces/affiliate-hub/task20-2/src/app/admin/settings/integration-access/page.tsx": {"lines":{"total":7,"covered":4,"skipped":0,"pct":57.14},"functions":{"total":4,"covered":1,"skipped":0,"pct":25},"statements":{"total":7,"covered":4,"skipped":0,"pct":57.14},"branches":{"total":12,"covered":5,"skipped":0,"pct":41.66}}
,"/Users/dm/orca/workspaces/affiliate-hub/task20-2/src/app/admin/settings/llm/page.tsx": {"lines":{"total":13,"covered":13,"skipped":0,"pct":100},"functions":{"total":6,"covered":6,"skipped":0,"pct":100},"statements":{"total":13,"covered":13,"skipped":0,"pct":100},"branches":{"total":31,"covered":28,"skipped":0,"pct":90.32}}
,"/Users/dm/orca/workspaces/affiliate-hub/task20-2/src/app/admin/settings/members/page.tsx": {"lines":{"total":9,"covered":9,"skipped":0,"pct":100},"functions":{"total":4,"covered":4,"skipped":0,"pct":100},"statements":{"total":9,"covered":9,"skipped":0,"pct":100},"branches":{"total":20,"covered":15,"skipped":0,"pct":75}}
,"/Users/dm/orca/workspaces/affiliate-hub/task20-2/src/app/admin/settings/roles/page.tsx": {"lines":{"total":6,"covered":6,"skipped":0,"pct":100},"functions":{"total":3,"covered":3,"skipped":0,"pct":100},"statements":{"total":6,"covered":6,"skipped":0,"pct":100},"branches":{"total":6,"covered":5,"skipped":0,"pct":83.33}}
,"/Users/dm/orca/workspaces/affiliate-hub/task20-2/src/app/admin/settings/workspaces/page.tsx": {"lines":{"total":9,"covered":9,"skipped":0,"pct":100},"functions":{"total":5,"covered":5,"skipped":0,"pct":100},"statements":{"total":9,"covered":9,"skipped":0,"pct":100},"branches":{"total":42,"covered":25,"skipped":0,"pct":59.52}}
,"/Users/dm/orca/workspaces/affiliate-hub/task20-2/src/app/admin/sites/page.tsx": {"lines":{"total":9,"covered":9,"skipped":0,"pct":100},"functions":{"total":4,"covered":4,"skipped":0,"pct":100},"statements":{"total":10,"covered":10,"skipped":0,"pct":100},"branches":{"total":32,"covered":18,"skipped":0,"pct":56.25}}
,"/Users/dm/orca/workspaces/affiliate-hub/task20-2/src/app/admin/sites/[site]/page.tsx": {"lines":{"total":14,"covered":13,"skipped":0,"pct":92.85},"functions":{"total":7,"covered":6,"skipped":0,"pct":85.71},"statements":{"total":15,"covered":14,"skipped":0,"pct":93.33},"branches":{"total":24,"covered":14,"skipped":0,"pct":58.33}}
,"/Users/dm/orca/workspaces/affiliate-hub/task20-2/src/app/admin/sites/[site]/edit/page.tsx": {"lines":{"total":6,"covered":6,"skipped":0,"pct":100},"functions":{"total":1,"covered":1,"skipped":0,"pct":100},"statements":{"total":6,"covered":6,"skipped":0,"pct":100},"branches":{"total":6,"covered":5,"skipped":0,"pct":83.33}}
,"/Users/dm/orca/workspaces/affiliate-hub/task20-2/src/app/admin/sites/new/page.tsx": {"lines":{"total":16,"covered":7,"skipped":0,"pct":43.75},"functions":{"total":7,"covered":3,"skipped":0,"pct":42.85},"statements":{"total":18,"covered":7,"skipped":0,"pct":38.88},"branches":{"total":30,"covered":8,"skipped":0,"pct":26.66}}
,"/Users/dm/orca/workspaces/affiliate-hub/task20-2/src/app/admin/tools/page.tsx": {"lines":{"total":11,"covered":11,"skipped":0,"pct":100},"functions":{"total":8,"covered":8,"skipped":0,"pct":100},"statements":{"total":12,"covered":12,"skipped":0,"pct":100},"branches":{"total":10,"covered":9,"skipped":0,"pct":90}}
,"/Users/dm/orca/workspaces/affiliate-hub/task20-2/src/app/admin/ui-catalog/channel-concept-samples.tsx": {"lines":{"total":4,"covered":4,"skipped":0,"pct":100},"functions":{"total":3,"covered":3,"skipped":0,"pct":100},"statements":{"total":4,"covered":4,"skipped":0,"pct":100},"branches":{"total":0,"covered":0,"skipped":0,"pct":100}}
,"/Users/dm/orca/workspaces/affiliate-hub/task20-2/src/app/admin/ui-catalog/density-samples.tsx": {"lines":{"total":3,"covered":3,"skipped":0,"pct":100},"functions":{"total":2,"covered":2,"skipped":0,"pct":100},"statements":{"total":3,"covered":3,"skipped":0,"pct":100},"branches":{"total":0,"covered":0,"skipped":0,"pct":100}}
,"/Users/dm/orca/workspaces/affiliate-hub/task20-2/src/app/admin/ui-catalog/feedback-samples.tsx": {"lines":{"total":19,"covered":12,"skipped":0,"pct":63.15},"functions":{"total":5,"covered":2,"skipped":0,"pct":40},"statements":{"total":19,"covered":12,"skipped":0,"pct":63.15},"branches":{"total":6,"covered":4,"skipped":0,"pct":66.66}}
,"/Users/dm/orca/workspaces/affiliate-hub/task20-2/src/app/admin/ui-catalog/form-result-samples.tsx": {"lines":{"total":1,"covered":1,"skipped":0,"pct":100},"functions":{"total":1,"covered":1,"skipped":0,"pct":100},"statements":{"total":1,"covered":1,"skipped":0,"pct":100},"branches":{"total":0,"covered":0,"skipped":0,"pct":100}}
,"/Users/dm/orca/workspaces/affiliate-hub/task20-2/src/app/admin/ui-catalog/input-samples.tsx": {"lines":{"total":16,"covered":15,"skipped":0,"pct":93.75},"functions":{"total":6,"covered":5,"skipped":0,"pct":83.33},"statements":{"total":16,"covered":15,"skipped":0,"pct":93.75},"branches":{"total":4,"covered":4,"skipped":0,"pct":100}}
,"/Users/dm/orca/workspaces/affiliate-hub/task20-2/src/app/admin/ui-catalog/page.tsx": {"lines":{"total":9,"covered":9,"skipped":0,"pct":100},"functions":{"total":4,"covered":4,"skipped":0,"pct":100},"statements":{"total":9,"covered":9,"skipped":0,"pct":100},"branches":{"total":0,"covered":0,"skipped":0,"pct":100}}
,"/Users/dm/orca/workspaces/affiliate-hub/task20-2/src/app/admin/ui-catalog/sample-action.ts": {"lines":{"total":2,"covered":1,"skipped":0,"pct":50},"functions":{"total":1,"covered":0,"skipped":0,"pct":0},"statements":{"total":2,"covered":1,"skipped":0,"pct":50},"branches":{"total":0,"covered":0,"skipped":0,"pct":100}}
,"/Users/dm/orca/workspaces/affiliate-hub/task20-2/src/app/admin/writing/page.tsx": {"lines":{"total":12,"covered":12,"skipped":0,"pct":100},"functions":{"total":8,"covered":8,"skipped":0,"pct":100},"statements":{"total":12,"covered":12,"skipped":0,"pct":100},"branches":{"total":8,"covered":7,"skipped":0,"pct":87.5}}
,"/Users/dm/orca/workspaces/affiliate-hub/task20-2/src/app/api/auth/[...all]/route.ts": {"lines":{"total":6,"covered":0,"skipped":0,"pct":0},"functions":{"total":1,"covered":0,"skipped":0,"pct":0},"statements":{"total":6,"covered":0,"skipped":0,"pct":0},"branches":{"total":2,"covered":0,"skipped":0,"pct":0}}
,"/Users/dm/orca/workspaces/affiliate-hub/task20-2/src/app/api/feedback-captures/[capture]/route.ts": {"lines":{"total":12,"covered":11,"skipped":0,"pct":91.66},"functions":{"total":2,"covered":2,"skipped":0,"pct":100},"statements":{"total":15,"covered":14,"skipped":0,"pct":93.33},"branches":{"total":8,"covered":7,"skipped":0,"pct":87.5}}
,"/Users/dm/orca/workspaces/affiliate-hub/task20-2/src/app/api/feedback/pending/route.ts": {"lines":{"total":16,"covered":16,"skipped":0,"pct":100},"functions":{"total":3,"covered":3,"skipped":0,"pct":100},"statements":{"total":19,"covered":18,"skipped":0,"pct":94.73},"branches":{"total":8,"covered":7,"skipped":0,"pct":87.5}}
,"/Users/dm/orca/workspaces/affiliate-hub/task20-2/src/app/api/mcp/route.ts": {"lines":{"total":41,"covered":41,"skipped":0,"pct":100},"functions":{"total":4,"covered":4,"skipped":0,"pct":100},"statements":{"total":45,"covered":45,"skipped":0,"pct":100},"branches":{"total":40,"covered":37,"skipped":0,"pct":92.5}}
,"/Users/dm/orca/workspaces/affiliate-hub/task20-2/src/app/api/telemetry/route.ts": {"lines":{"total":15,"covered":15,"skipped":0,"pct":100},"functions":{"total":1,"covered":1,"skipped":0,"pct":100},"statements":{"total":17,"covered":17,"skipped":0,"pct":100},"branches":{"total":10,"covered":9,"skipped":0,"pct":90}}
,"/Users/dm/orca/workspaces/affiliate-hub/task20-2/src/app/api/tools/route.ts": {"lines":{"total":5,"covered":5,"skipped":0,"pct":100},"functions":{"total":1,"covered":1,"skipped":0,"pct":100},"statements":{"total":5,"covered":5,"skipped":0,"pct":100},"branches":{"total":2,"covered":2,"skipped":0,"pct":100}}
,"/Users/dm/orca/workspaces/affiliate-hub/task20-2/src/app/api/tools/[tool]/route.ts": {"lines":{"total":16,"covered":16,"skipped":0,"pct":100},"functions":{"total":1,"covered":1,"skipped":0,"pct":100},"statements":{"total":17,"covered":17,"skipped":0,"pct":100},"branches":{"total":10,"covered":9,"skipped":0,"pct":90}}
,"/Users/dm/orca/workspaces/affiliate-hub/task20-2/src/app/go/[code]/route.ts": {"lines":{"total":26,"covered":26,"skipped":0,"pct":100},"functions":{"total":3,"covered":3,"skipped":0,"pct":100},"statements":{"total":26,"covered":26,"skipped":0,"pct":100},"branches":{"total":10,"covered":10,"skipped":0,"pct":100}}
,"/Users/dm/orca/workspaces/affiliate-hub/task20-2/src/app/s/[site]/not-found.tsx": {"lines":{"total":1,"covered":1,"skipped":0,"pct":100},"functions":{"total":1,"covered":1,"skipped":0,"pct":100},"statements":{"total":1,"covered":1,"skipped":0,"pct":100},"branches":{"total":0,"covered":0,"skipped":0,"pct":100}}
,"/Users/dm/orca/workspaces/affiliate-hub/task20-2/src/app/s/[site]/page.tsx": {"lines":{"total":6,"covered":6,"skipped":0,"pct":100},"functions":{"total":3,"covered":3,"skipped":0,"pct":100},"statements":{"total":6,"covered":6,"skipped":0,"pct":100},"branches":{"total":4,"covered":3,"skipped":0,"pct":75}}
,"/Users/dm/orca/workspaces/affiliate-hub/task20-2/src/app/s/[site]/advertising-policy/page.tsx": {"lines":{"total":3,"covered":3,"skipped":0,"pct":100},"functions":{"total":1,"covered":1,"skipped":0,"pct":100},"statements":{"total":3,"covered":3,"skipped":0,"pct":100},"branches":{"total":0,"covered":0,"skipped":0,"pct":100}}
,"/Users/dm/orca/workspaces/affiliate-hub/task20-2/src/app/s/[site]/ai-policy/page.tsx": {"lines":{"total":3,"covered":3,"skipped":0,"pct":100},"functions":{"total":1,"covered":1,"skipped":0,"pct":100},"statements":{"total":3,"covered":3,"skipped":0,"pct":100},"branches":{"total":0,"covered":0,"skipped":0,"pct":100}}
,"/Users/dm/orca/workspaces/affiliate-hub/task20-2/src/app/s/[site]/authors/[author]/page.tsx": {"lines":{"total":3,"covered":3,"skipped":0,"pct":100},"functions":{"total":1,"covered":1,"skipped":0,"pct":100},"statements":{"total":3,"covered":3,"skipped":0,"pct":100},"branches":{"total":0,"covered":0,"skipped":0,"pct":100}}
,"/Users/dm/orca/workspaces/affiliate-hub/task20-2/src/app/s/[site]/best/[topic]/page.tsx": {"lines":{"total":3,"covered":3,"skipped":0,"pct":100},"functions":{"total":1,"covered":1,"skipped":0,"pct":100},"statements":{"total":3,"covered":3,"skipped":0,"pct":100},"branches":{"total":0,"covered":0,"skipped":0,"pct":100}}
,"/Users/dm/orca/workspaces/affiliate-hub/task20-2/src/app/s/[site]/categories/[category]/page.tsx": {"lines":{"total":7,"covered":7,"skipped":0,"pct":100},"functions":{"total":2,"covered":2,"skipped":0,"pct":100},"statements":{"total":8,"covered":8,"skipped":0,"pct":100},"branches":{"total":6,"covered":6,"skipped":0,"pct":100}}
,"/Users/dm/orca/workspaces/affiliate-hub/task20-2/src/app/s/[site]/compare/[comparison]/page.tsx": {"lines":{"total":3,"covered":3,"skipped":0,"pct":100},"functions":{"total":1,"covered":1,"skipped":0,"pct":100},"statements":{"total":3,"covered":3,"skipped":0,"pct":100},"branches":{"total":0,"covered":0,"skipped":0,"pct":100}}
,"/Users/dm/orca/workspaces/affiliate-hub/task20-2/src/app/s/[site]/contact/page.tsx": {"lines":{"total":4,"covered":4,"skipped":0,"pct":100},"functions":{"total":2,"covered":2,"skipped":0,"pct":100},"statements":{"total":4,"covered":4,"skipped":0,"pct":100},"branches":{"total":0,"covered":0,"skipped":0,"pct":100}}
,"/Users/dm/orca/workspaces/affiliate-hub/task20-2/src/app/s/[site]/corrections/page.tsx": {"lines":{"total":5,"covered":5,"skipped":0,"pct":100},"functions":{"total":2,"covered":2,"skipped":0,"pct":100},"statements":{"total":5,"covered":5,"skipped":0,"pct":100},"branches":{"total":4,"covered":3,"skipped":0,"pct":75}}
,"/Users/dm/orca/workspaces/affiliate-hub/task20-2/src/app/s/[site]/editorial-policy/page.tsx": {"lines":{"total":3,"covered":3,"skipped":0,"pct":100},"functions":{"total":1,"covered":1,"skipped":0,"pct":100},"statements":{"total":3,"covered":3,"skipped":0,"pct":100},"branches":{"total":0,"covered":0,"skipped":0,"pct":100}}
,"/Users/dm/orca/workspaces/affiliate-hub/task20-2/src/app/s/[site]/experts/[expert]/page.tsx": {"lines":{"total":3,"covered":3,"skipped":0,"pct":100},"functions":{"total":1,"covered":1,"skipped":0,"pct":100},"statements":{"total":3,"covered":3,"skipped":0,"pct":100},"branches":{"total":0,"covered":0,"skipped":0,"pct":100}}
,"/Users/dm/orca/workspaces/affiliate-hub/task20-2/src/app/s/[site]/guides/[topic]/page.tsx": {"lines":{"total":3,"covered":3,"skipped":0,"pct":100},"functions":{"total":1,"covered":1,"skipped":0,"pct":100},"statements":{"total":3,"covered":3,"skipped":0,"pct":100},"branches":{"total":0,"covered":0,"skipped":0,"pct":100}}
,"/Users/dm/orca/workspaces/affiliate-hub/task20-2/src/app/s/[site]/measurement/page.tsx": {"lines":{"total":13,"covered":12,"skipped":0,"pct":92.3},"functions":{"total":5,"covered":5,"skipped":0,"pct":100},"statements":{"total":13,"covered":12,"skipped":0,"pct":92.3},"branches":{"total":2,"covered":1,"skipped":0,"pct":50}}
,"/Users/dm/orca/workspaces/affiliate-hub/task20-2/src/app/s/[site]/methodology/page.tsx": {"lines":{"total":3,"covered":3,"skipped":0,"pct":100},"functions":{"total":1,"covered":1,"skipped":0,"pct":100},"statements":{"total":3,"covered":3,"skipped":0,"pct":100},"branches":{"total":0,"covered":0,"skipped":0,"pct":100}}
,"/Users/dm/orca/workspaces/affiliate-hub/task20-2/src/app/s/[site]/privacy/page.tsx": {"lines":{"total":3,"covered":3,"skipped":0,"pct":100},"functions":{"total":1,"covered":1,"skipped":0,"pct":100},"statements":{"total":3,"covered":3,"skipped":0,"pct":100},"branches":{"total":0,"covered":0,"skipped":0,"pct":100}}
,"/Users/dm/orca/workspaces/affiliate-hub/task20-2/src/app/s/[site]/reviews/[product]/page.tsx": {"lines":{"total":3,"covered":3,"skipped":0,"pct":100},"functions":{"total":1,"covered":1,"skipped":0,"pct":100},"statements":{"total":3,"covered":3,"skipped":0,"pct":100},"branches":{"total":0,"covered":0,"skipped":0,"pct":100}}
,"/Users/dm/orca/workspaces/affiliate-hub/task20-2/src/app/s/[site]/search/page.tsx": {"lines":{"total":8,"covered":8,"skipped":0,"pct":100},"functions":{"total":2,"covered":2,"skipped":0,"pct":100},"statements":{"total":8,"covered":8,"skipped":0,"pct":100},"branches":{"total":12,"covered":10,"skipped":0,"pct":83.33}}
,"/Users/dm/orca/workspaces/affiliate-hub/task20-2/src/app/s/[site]/shortlist/page.tsx": {"lines":{"total":6,"covered":5,"skipped":0,"pct":83.33},"functions":{"total":3,"covered":2,"skipped":0,"pct":66.66},"statements":{"total":6,"covered":5,"skipped":0,"pct":83.33},"branches":{"total":6,"covered":4,"skipped":0,"pct":66.66}}
,"/Users/dm/orca/workspaces/affiliate-hub/task20-2/src/app/s/[site]/terms/page.tsx": {"lines":{"total":3,"covered":3,"skipped":0,"pct":100},"functions":{"total":1,"covered":1,"skipped":0,"pct":100},"statements":{"total":3,"covered":3,"skipped":0,"pct":100},"branches":{"total":0,"covered":0,"skipped":0,"pct":100}}
,"/Users/dm/orca/workspaces/affiliate-hub/task20-2/src/app/s/[site]/tools/[tool]/page.tsx": {"lines":{"total":18,"covered":17,"skipped":0,"pct":94.44},"functions":{"total":4,"covered":3,"skipped":0,"pct":75},"statements":{"total":19,"covered":17,"skipped":0,"pct":89.47},"branches":{"total":16,"covered":7,"skipped":0,"pct":43.75}}
,"/Users/dm/orca/workspaces/affiliate-hub/task20-2/src/app/signin/google-signin-button.tsx": {"lines":{"total":16,"covered":16,"skipped":0,"pct":100},"functions":{"total":2,"covered":2,"skipped":0,"pct":100},"statements":{"total":16,"covered":16,"skipped":0,"pct":100},"branches":{"total":6,"covered":6,"skipped":0,"pct":100}}
,"/Users/dm/orca/workspaces/affiliate-hub/task20-2/src/app/signin/page.tsx": {"lines":{"total":5,"covered":5,"skipped":0,"pct":100},"functions":{"total":2,"covered":2,"skipped":0,"pct":100},"statements":{"total":5,"covered":5,"skipped":0,"pct":100},"branches":{"total":12,"covered":12,"skipped":0,"pct":100}}
,"/Users/dm/orca/workspaces/affiliate-hub/task20-2/src/application/access-denial.ts": {"lines":{"total":22,"covered":22,"skipped":0,"pct":100},"functions":{"total":6,"covered":6,"skipped":0,"pct":100},"statements":{"total":27,"covered":25,"skipped":0,"pct":92.59},"branches":{"total":22,"covered":20,"skipped":0,"pct":90.9}}
,"/Users/dm/orca/workspaces/affiliate-hub/task20-2/src/application/audit.ts": {"lines":{"total":3,"covered":3,"skipped":0,"pct":100},"functions":{"total":3,"covered":3,"skipped":0,"pct":100},"statements":{"total":3,"covered":3,"skipped":0,"pct":100},"branches":{"total":8,"covered":8,"skipped":0,"pct":100}}
,"/Users/dm/orca/workspaces/affiliate-hub/task20-2/src/application/deps.ts": {"lines":{"total":0,"covered":0,"skipped":0,"pct":100},"functions":{"total":0,"covered":0,"skipped":0,"pct":100},"statements":{"total":0,"covered":0,"skipped":0,"pct":100},"branches":{"total":0,"covered":0,"skipped":0,"pct":100}}
,"/Users/dm/orca/workspaces/affiliate-hub/task20-2/src/application/ports/analytics.ts": {"lines":{"total":0,"covered":0,"skipped":0,"pct":100},"functions":{"total":0,"covered":0,"skipped":0,"pct":100},"statements":{"total":0,"covered":0,"skipped":0,"pct":100},"branches":{"total":0,"covered":0,"skipped":0,"pct":100}}
,"/Users/dm/orca/workspaces/affiliate-hub/task20-2/src/application/ports/authoring.ts": {"lines":{"total":0,"covered":0,"skipped":0,"pct":100},"functions":{"total":0,"covered":0,"skipped":0,"pct":100},"statements":{"total":0,"covered":0,"skipped":0,"pct":100},"branches":{"total":0,"covered":0,"skipped":0,"pct":100}}
,"/Users/dm/orca/workspaces/affiliate-hub/task20-2/src/application/ports/common.ts": {"lines":{"total":0,"covered":0,"skipped":0,"pct":100},"functions":{"total":0,"covered":0,"skipped":0,"pct":100},"statements":{"total":0,"covered":0,"skipped":0,"pct":100},"branches":{"total":0,"covered":0,"skipped":0,"pct":100}}
,"/Users/dm/orca/workspaces/affiliate-hub/task20-2/src/application/ports/compliance.ts": {"lines":{"total":0,"covered":0,"skipped":0,"pct":100},"functions":{"total":0,"covered":0,"skipped":0,"pct":100},"statements":{"total":0,"covered":0,"skipped":0,"pct":100},"branches":{"total":0,"covered":0,"skipped":0,"pct":100}}
,"/Users/dm/orca/workspaces/affiliate-hub/task20-2/src/application/ports/distribution.ts": {"lines":{"total":0,"covered":0,"skipped":0,"pct":100},"functions":{"total":0,"covered":0,"skipped":0,"pct":100},"statements":{"total":0,"covered":0,"skipped":0,"pct":100},"branches":{"total":0,"covered":0,"skipped":0,"pct":100}}
,"/Users/dm/orca/workspaces/affiliate-hub/task20-2/src/application/ports/evidence.ts": {"lines":{"total":0,"covered":0,"skipped":0,"pct":100},"functions":{"total":0,"covered":0,"skipped":0,"pct":100},"statements":{"total":0,"covered":0,"skipped":0,"pct":100},"branches":{"total":0,"covered":0,"skipped":0,"pct":100}}
,"/Users/dm/orca/workspaces/affiliate-hub/task20-2/src/application/ports/feedback.ts": {"lines":{"total":0,"covered":0,"skipped":0,"pct":100},"functions":{"total":0,"covered":0,"skipped":0,"pct":100},"statements":{"total":0,"covered":0,"skipped":0,"pct":100},"branches":{"total":0,"covered":0,"skipped":0,"pct":100}}
,"/Users/dm/orca/workspaces/affiliate-hub/task20-2/src/application/ports/identity.ts": {"lines":{"total":0,"covered":0,"skipped":0,"pct":100},"functions":{"total":0,"covered":0,"skipped":0,"pct":100},"statements":{"total":0,"covered":0,"skipped":0,"pct":100},"branches":{"total":0,"covered":0,"skipped":0,"pct":100}}
,"/Users/dm/orca/workspaces/affiliate-hub/task20-2/src/application/ports/improvement.ts": {"lines":{"total":0,"covered":0,"skipped":0,"pct":100},"functions":{"total":0,"covered":0,"skipped":0,"pct":100},"statements":{"total":0,"covered":0,"skipped":0,"pct":100},"branches":{"total":0,"covered":0,"skipped":0,"pct":100}}
,"/Users/dm/orca/workspaces/affiliate-hub/task20-2/src/application/ports/index.ts": {"lines":{"total":0,"covered":0,"skipped":0,"pct":100},"functions":{"total":0,"covered":0,"skipped":0,"pct":100},"statements":{"total":0,"covered":0,"skipped":0,"pct":100},"branches":{"total":0,"covered":0,"skipped":0,"pct":100}}
,"/Users/dm/orca/workspaces/affiliate-hub/task20-2/src/application/ports/llm-credential.ts": {"lines":{"total":0,"covered":0,"skipped":0,"pct":100},"functions":{"total":0,"covered":0,"skipped":0,"pct":100},"statements":{"total":0,"covered":0,"skipped":0,"pct":100},"branches":{"total":0,"covered":0,"skipped":0,"pct":100}}
,"/Users/dm/orca/workspaces/affiliate-hub/task20-2/src/application/ports/llm-usage.ts": {"lines":{"total":0,"covered":0,"skipped":0,"pct":100},"functions":{"total":0,"covered":0,"skipped":0,"pct":100},"statements":{"total":0,"covered":0,"skipped":0,"pct":100},"branches":{"total":0,"covered":0,"skipped":0,"pct":100}}
,"/Users/dm/orca/workspaces/affiliate-hub/task20-2/src/application/ports/llm.ts": {"lines":{"total":0,"covered":0,"skipped":0,"pct":100},"functions":{"total":0,"covered":0,"skipped":0,"pct":100},"statements":{"total":0,"covered":0,"skipped":0,"pct":100},"branches":{"total":0,"covered":0,"skipped":0,"pct":100}}
,"/Users/dm/orca/workspaces/affiliate-hub/task20-2/src/application/ports/monetization.ts": {"lines":{"total":0,"covered":0,"skipped":0,"pct":100},"functions":{"total":0,"covered":0,"skipped":0,"pct":100},"statements":{"total":0,"covered":0,"skipped":0,"pct":100},"branches":{"total":0,"covered":0,"skipped":0,"pct":100}}
,"/Users/dm/orca/workspaces/affiliate-hub/task20-2/src/application/ports/product.ts": {"lines":{"total":0,"covered":0,"skipped":0,"pct":100},"functions":{"total":0,"covered":0,"skipped":0,"pct":100},"statements":{"total":0,"covered":0,"skipped":0,"pct":100},"branches":{"total":0,"covered":0,"skipped":0,"pct":100}}
,"/Users/dm/orca/workspaces/affiliate-hub/task20-2/src/application/ports/ranking.ts": {"lines":{"total":0,"covered":0,"skipped":0,"pct":100},"functions":{"total":0,"covered":0,"skipped":0,"pct":100},"statements":{"total":0,"covered":0,"skipped":0,"pct":100},"branches":{"total":0,"covered":0,"skipped":0,"pct":100}}
,"/Users/dm/orca/workspaces/affiliate-hub/task20-2/src/application/ports/reader-interaction.ts": {"lines":{"total":0,"covered":0,"skipped":0,"pct":100},"functions":{"total":0,"covered":0,"skipped":0,"pct":100},"statements":{"total":0,"covered":0,"skipped":0,"pct":100},"branches":{"total":0,"covered":0,"skipped":0,"pct":100}}
,"/Users/dm/orca/workspaces/affiliate-hub/task20-2/src/application/ports/site.ts": {"lines":{"total":0,"covered":0,"skipped":0,"pct":100},"functions":{"total":0,"covered":0,"skipped":0,"pct":100},"statements":{"total":0,"covered":0,"skipped":0,"pct":100},"branches":{"total":0,"covered":0,"skipped":0,"pct":100}}
,"/Users/dm/orca/workspaces/affiliate-hub/task20-2/src/application/ports/telemetry.ts": {"lines":{"total":0,"covered":0,"skipped":0,"pct":100},"functions":{"total":0,"covered":0,"skipped":0,"pct":100},"statements":{"total":0,"covered":0,"skipped":0,"pct":100},"branches":{"total":0,"covered":0,"skipped":0,"pct":100}}
,"/Users/dm/orca/workspaces/affiliate-hub/task20-2/src/application/read-models/article-offer.ts": {"lines":{"total":7,"covered":7,"skipped":0,"pct":100},"functions":{"total":3,"covered":3,"skipped":0,"pct":100},"statements":{"total":8,"covered":8,"skipped":0,"pct":100},"branches":{"total":14,"covered":13,"skipped":0,"pct":92.85}}
,"/Users/dm/orca/workspaces/affiliate-hub/task20-2/src/application/read-models/article-tracking.ts": {"lines":{"total":27,"covered":27,"skipped":0,"pct":100},"functions":{"total":9,"covered":9,"skipped":0,"pct":100},"statements":{"total":31,"covered":31,"skipped":0,"pct":100},"branches":{"total":18,"covered":18,"skipped":0,"pct":100}}
,"/Users/dm/orca/workspaces/affiliate-hub/task20-2/src/application/read-models/published-article.ts": {"lines":{"total":5,"covered":5,"skipped":0,"pct":100},"functions":{"total":3,"covered":3,"skipped":0,"pct":100},"statements":{"total":6,"covered":6,"skipped":0,"pct":100},"branches":{"total":2,"covered":2,"skipped":0,"pct":100}}
,"/Users/dm/orca/workspaces/affiliate-hub/task20-2/src/application/usecases/usecase.ts": {"lines":{"total":0,"covered":0,"skipped":0,"pct":100},"functions":{"total":0,"covered":0,"skipped":0,"pct":100},"statements":{"total":0,"covered":0,"skipped":0,"pct":100},"branches":{"total":0,"covered":0,"skipped":0,"pct":100}}
,"/Users/dm/orca/workspaces/affiliate-hub/task20-2/src/application/usecases/analytics/ai-usage-report.ts": {"lines":{"total":16,"covered":16,"skipped":0,"pct":100},"functions":{"total":3,"covered":3,"skipped":0,"pct":100},"statements":{"total":17,"covered":17,"skipped":0,"pct":100},"branches":{"total":14,"covered":14,"skipped":0,"pct":100}}
,"/Users/dm/orca/workspaces/affiliate-hub/task20-2/src/application/usecases/analytics/explain-telemetry.ts": {"lines":{"total":8,"covered":8,"skipped":0,"pct":100},"functions":{"total":4,"covered":4,"skipped":0,"pct":100},"statements":{"total":8,"covered":8,"skipped":0,"pct":100},"branches":{"total":6,"covered":6,"skipped":0,"pct":100}}
,"/Users/dm/orca/workspaces/affiliate-hub/task20-2/src/application/usecases/analytics/filter-metrics.ts": {"lines":{"total":47,"covered":47,"skipped":0,"pct":100},"functions":{"total":15,"covered":15,"skipped":0,"pct":100},"statements":{"total":54,"covered":52,"skipped":0,"pct":96.29},"branches":{"total":69,"covered":61,"skipped":0,"pct":88.4}}
,"/Users/dm/orca/workspaces/affiliate-hub/task20-2/src/application/usecases/analytics/read-metrics.ts": {"lines":{"total":47,"covered":47,"skipped":0,"pct":100},"functions":{"total":12,"covered":12,"skipped":0,"pct":100},"statements":{"total":58,"covered":58,"skipped":0,"pct":100},"branches":{"total":40,"covered":38,"skipped":0,"pct":95}}
,"/Users/dm/orca/workspaces/affiliate-hub/task20-2/src/application/usecases/analytics/read-tracking-coverage.ts": {"lines":{"total":11,"covered":10,"skipped":0,"pct":90.9},"functions":{"total":2,"covered":2,"skipped":0,"pct":100},"statements":{"total":13,"covered":10,"skipped":0,"pct":76.92},"branches":{"total":10,"covered":6,"skipped":0,"pct":60}}
,"/Users/dm/orca/workspaces/affiliate-hub/task20-2/src/application/usecases/analytics/record-telemetry.ts": {"lines":{"total":21,"covered":21,"skipped":0,"pct":100},"functions":{"total":2,"covered":2,"skipped":0,"pct":100},"statements":{"total":21,"covered":21,"skipped":0,"pct":100},"branches":{"total":14,"covered":14,"skipped":0,"pct":100}}
,"/Users/dm/orca/workspaces/affiliate-hub/task20-2/src/application/usecases/authoring/manage-personas.ts": {"lines":{"total":63,"covered":63,"skipped":0,"pct":100},"functions":{"total":14,"covered":14,"skipped":0,"pct":100},"statements":{"total":80,"covered":80,"skipped":0,"pct":100},"branches":{"total":56,"covered":56,"skipped":0,"pct":100}}
,"/Users/dm/orca/workspaces/affiliate-hub/task20-2/src/application/usecases/authoring/plan-generation-matrix.ts": {"lines":{"total":72,"covered":72,"skipped":0,"pct":100},"functions":{"total":16,"covered":16,"skipped":0,"pct":100},"statements":{"total":77,"covered":74,"skipped":0,"pct":96.1},"branches":{"total":67,"covered":57,"skipped":0,"pct":85.07}}
,"/Users/dm/orca/workspaces/affiliate-hub/task20-2/src/application/usecases/authoring/read-writing-method.ts": {"lines":{"total":15,"covered":15,"skipped":0,"pct":100},"functions":{"total":8,"covered":8,"skipped":0,"pct":100},"statements":{"total":16,"covered":15,"skipped":0,"pct":93.75},"branches":{"total":10,"covered":7,"skipped":0,"pct":70}}
,"/Users/dm/orca/workspaces/affiliate-hub/task20-2/src/application/usecases/compliance/manage-compliance.ts": {"lines":{"total":85,"covered":76,"skipped":0,"pct":89.41},"functions":{"total":10,"covered":10,"skipped":0,"pct":100},"statements":{"total":101,"covered":80,"skipped":0,"pct":79.2},"branches":{"total":98,"covered":70,"skipped":0,"pct":71.42}}
,"/Users/dm/orca/workspaces/affiliate-hub/task20-2/src/application/usecases/content/concept-drafts.ts": {"lines":{"total":39,"covered":39,"skipped":0,"pct":100},"functions":{"total":7,"covered":7,"skipped":0,"pct":100},"statements":{"total":45,"covered":45,"skipped":0,"pct":100},"branches":{"total":20,"covered":19,"skipped":0,"pct":95}}
,"/Users/dm/orca/workspaces/affiliate-hub/task20-2/src/application/usecases/content/edit-content.ts": {"lines":{"total":70,"covered":69,"skipped":0,"pct":98.57},"functions":{"total":12,"covered":12,"skipped":0,"pct":100},"statements":{"total":90,"covered":86,"skipped":0,"pct":95.55},"branches":{"total":62,"covered":58,"skipped":0,"pct":93.54}}
,"/Users/dm/orca/workspaces/affiliate-hub/task20-2/src/application/usecases/content/manage-content.ts": {"lines":{"total":148,"covered":148,"skipped":0,"pct":100},"functions":{"total":24,"covered":24,"skipped":0,"pct":100},"statements":{"total":185,"covered":175,"skipped":0,"pct":94.59},"branches":{"total":162,"covered":148,"skipped":0,"pct":91.35}}
,"/Users/dm/orca/workspaces/affiliate-hub/task20-2/src/application/usecases/dashboard/read-dashboard.ts": {"lines":{"total":58,"covered":56,"skipped":0,"pct":96.55},"functions":{"total":26,"covered":24,"skipped":0,"pct":92.3},"statements":{"total":62,"covered":60,"skipped":0,"pct":96.77},"branches":{"total":122,"covered":117,"skipped":0,"pct":95.9}}
,"/Users/dm/orca/workspaces/affiliate-hub/task20-2/src/application/usecases/distribution/manage-distribution.ts": {"lines":{"total":220,"covered":201,"skipped":0,"pct":91.36},"functions":{"total":45,"covered":44,"skipped":0,"pct":97.77},"statements":{"total":273,"covered":234,"skipped":0,"pct":85.71},"branches":{"total":192,"covered":149,"skipped":0,"pct":77.6}}
,"/Users/dm/orca/workspaces/affiliate-hub/task20-2/src/application/usecases/distribution/publication-calendar.ts": {"lines":{"total":113,"covered":111,"skipped":0,"pct":98.23},"functions":{"total":19,"covered":19,"skipped":0,"pct":100},"statements":{"total":135,"covered":129,"skipped":0,"pct":95.55},"branches":{"total":109,"covered":101,"skipped":0,"pct":92.66}}
,"/Users/dm/orca/workspaces/affiliate-hub/task20-2/src/application/usecases/feedback/hand-off-feedback.ts": {"lines":{"total":45,"covered":35,"skipped":0,"pct":77.77},"functions":{"total":3,"covered":3,"skipped":0,"pct":100},"statements":{"total":48,"covered":36,"skipped":0,"pct":75},"branches":{"total":45,"covered":32,"skipped":0,"pct":71.11}}
,"/Users/dm/orca/workspaces/affiliate-hub/task20-2/src/application/usecases/feedback/list-feedback.ts": {"lines":{"total":16,"covered":16,"skipped":0,"pct":100},"functions":{"total":7,"covered":7,"skipped":0,"pct":100},"statements":{"total":19,"covered":18,"skipped":0,"pct":94.73},"branches":{"total":16,"covered":14,"skipped":0,"pct":87.5}}
,"/Users/dm/orca/workspaces/affiliate-hub/task20-2/src/application/usecases/feedback/manage-integration-keys.ts": {"lines":{"total":36,"covered":36,"skipped":0,"pct":100},"functions":{"total":6,"covered":6,"skipped":0,"pct":100},"statements":{"total":50,"covered":45,"skipped":0,"pct":90},"branches":{"total":32,"covered":26,"skipped":0,"pct":81.25}}
,"/Users/dm/orca/workspaces/affiliate-hub/task20-2/src/application/usecases/feedback/read-feedback.ts": {"lines":{"total":17,"covered":14,"skipped":0,"pct":82.35},"functions":{"total":3,"covered":3,"skipped":0,"pct":100},"statements":{"total":21,"covered":16,"skipped":0,"pct":76.19},"branches":{"total":20,"covered":16,"skipped":0,"pct":80}}
,"/Users/dm/orca/workspaces/affiliate-hub/task20-2/src/application/usecases/feedback/submit-feedback.ts": {"lines":{"total":25,"covered":24,"skipped":0,"pct":96},"functions":{"total":2,"covered":2,"skipped":0,"pct":100},"statements":{"total":30,"covered":27,"skipped":0,"pct":90},"branches":{"total":20,"covered":17,"skipped":0,"pct":85}}
,"/Users/dm/orca/workspaces/affiliate-hub/task20-2/src/application/usecases/feedback/update-feedback-status.ts": {"lines":{"total":32,"covered":32,"skipped":0,"pct":100},"functions":{"total":2,"covered":2,"skipped":0,"pct":100},"statements":{"total":40,"covered":36,"skipped":0,"pct":90},"branches":{"total":46,"covered":42,"skipped":0,"pct":91.3}}
,"/Users/dm/orca/workspaces/affiliate-hub/task20-2/src/application/usecases/generation/draft-content-variant.ts": {"lines":{"total":52,"covered":51,"skipped":0,"pct":98.07},"functions":{"total":8,"covered":8,"skipped":0,"pct":100},"statements":{"total":62,"covered":58,"skipped":0,"pct":93.54},"branches":{"total":49,"covered":45,"skipped":0,"pct":91.83}}
,"/Users/dm/orca/workspaces/affiliate-hub/task20-2/src/application/usecases/generation/list-selectable-models.ts": {"lines":{"total":40,"covered":40,"skipped":0,"pct":100},"functions":{"total":9,"covered":9,"skipped":0,"pct":100},"statements":{"total":56,"covered":55,"skipped":0,"pct":98.21},"branches":{"total":40,"covered":39,"skipped":0,"pct":97.5}}
,"/Users/dm/orca/workspaces/affiliate-hub/task20-2/src/application/usecases/generation/manage-llm-credentials.ts": {"lines":{"total":50,"covered":50,"skipped":0,"pct":100},"functions":{"total":6,"covered":6,"skipped":0,"pct":100},"statements":{"total":63,"covered":53,"skipped":0,"pct":84.12},"branches":{"total":48,"covered":37,"skipped":0,"pct":77.08}}
,"/Users/dm/orca/workspaces/affiliate-hub/task20-2/src/application/usecases/generation/read-generation-plan.ts": {"lines":{"total":28,"covered":28,"skipped":0,"pct":100},"functions":{"total":16,"covered":16,"skipped":0,"pct":100},"statements":{"total":33,"covered":33,"skipped":0,"pct":100},"branches":{"total":22,"covered":18,"skipped":0,"pct":81.81}}
,"/Users/dm/orca/workspaces/affiliate-hub/task20-2/src/application/usecases/generation/read-llm-usage.ts": {"lines":{"total":14,"covered":14,"skipped":0,"pct":100},"functions":{"total":3,"covered":3,"skipped":0,"pct":100},"statements":{"total":16,"covered":15,"skipped":0,"pct":93.75},"branches":{"total":16,"covered":15,"skipped":0,"pct":93.75}}
,"/Users/dm/orca/workspaces/affiliate-hub/task20-2/src/application/usecases/identity/manage-workspace.ts": {"lines":{"total":142,"covered":134,"skipped":0,"pct":94.36},"functions":{"total":32,"covered":31,"skipped":0,"pct":96.87},"statements":{"total":173,"covered":148,"skipped":0,"pct":85.54},"branches":{"total":138,"covered":109,"skipped":0,"pct":78.98}}
,"/Users/dm/orca/workspaces/affiliate-hub/task20-2/src/application/usecases/improvement/list-improvement-dimensions.ts": {"lines":{"total":21,"covered":21,"skipped":0,"pct":100},"functions":{"total":16,"covered":16,"skipped":0,"pct":100},"statements":{"total":26,"covered":26,"skipped":0,"pct":100},"branches":{"total":12,"covered":12,"skipped":0,"pct":100}}
,"/Users/dm/orca/workspaces/affiliate-hub/task20-2/src/application/usecases/improvement/review-loop-runs.ts": {"lines":{"total":32,"covered":32,"skipped":0,"pct":100},"functions":{"total":9,"covered":9,"skipped":0,"pct":100},"statements":{"total":37,"covered":37,"skipped":0,"pct":100},"branches":{"total":34,"covered":34,"skipped":0,"pct":100}}
,"/Users/dm/orca/workspaces/affiliate-hub/task20-2/src/application/usecases/improvement/run-improvement-loop.ts": {"lines":{"total":118,"covered":106,"skipped":0,"pct":89.83},"functions":{"total":21,"covered":21,"skipped":0,"pct":100},"statements":{"total":161,"covered":117,"skipped":0,"pct":72.67},"branches":{"total":100,"covered":57,"skipped":0,"pct":57}}
,"/Users/dm/orca/workspaces/affiliate-hub/task20-2/src/application/usecases/monetization/manage-affiliate.ts": {"lines":{"total":108,"covered":107,"skipped":0,"pct":99.07},"functions":{"total":26,"covered":25,"skipped":0,"pct":96.15},"statements":{"total":134,"covered":128,"skipped":0,"pct":95.52},"branches":{"total":102,"covered":92,"skipped":0,"pct":90.19}}
,"/Users/dm/orca/workspaces/affiliate-hub/task20-2/src/application/usecases/monetization/manage-link-inbox.ts": {"lines":{"total":114,"covered":113,"skipped":0,"pct":99.12},"functions":{"total":18,"covered":18,"skipped":0,"pct":100},"statements":{"total":147,"covered":132,"skipped":0,"pct":89.79},"branches":{"total":108,"covered":90,"skipped":0,"pct":83.33}}
,"/Users/dm/orca/workspaces/affiliate-hub/task20-2/src/application/usecases/monetization/register-affiliate-link.ts": {"lines":{"total":35,"covered":33,"skipped":0,"pct":94.28},"functions":{"total":5,"covered":5,"skipped":0,"pct":100},"statements":{"total":43,"covered":36,"skipped":0,"pct":83.72},"branches":{"total":37,"covered":30,"skipped":0,"pct":81.08}}
,"/Users/dm/orca/workspaces/affiliate-hub/task20-2/src/application/usecases/product/edit-product.ts": {"lines":{"total":80,"covered":79,"skipped":0,"pct":98.75},"functions":{"total":15,"covered":15,"skipped":0,"pct":100},"statements":{"total":100,"covered":95,"skipped":0,"pct":95},"branches":{"total":88,"covered":82,"skipped":0,"pct":93.18}}
,"/Users/dm/orca/workspaces/affiliate-hub/task20-2/src/application/usecases/product/read-product.ts": {"lines":{"total":118,"covered":118,"skipped":0,"pct":100},"functions":{"total":34,"covered":34,"skipped":0,"pct":100},"statements":{"total":149,"covered":143,"skipped":0,"pct":95.97},"branches":{"total":90,"covered":79,"skipped":0,"pct":87.77}}
,"/Users/dm/orca/workspaces/affiliate-hub/task20-2/src/application/usecases/ranking/rank-products.ts": {"lines":{"total":25,"covered":25,"skipped":0,"pct":100},"functions":{"total":2,"covered":2,"skipped":0,"pct":100},"statements":{"total":29,"covered":29,"skipped":0,"pct":100},"branches":{"total":18,"covered":18,"skipped":0,"pct":100}}
,"/Users/dm/orca/workspaces/affiliate-hub/task20-2/src/application/usecases/site/build-site.ts": {"lines":{"total":152,"covered":150,"skipped":0,"pct":98.68},"functions":{"total":39,"covered":38,"skipped":0,"pct":97.43},"statements":{"total":184,"covered":176,"skipped":0,"pct":95.65},"branches":{"total":123,"covered":112,"skipped":0,"pct":91.05}}
,"/Users/dm/orca/workspaces/affiliate-hub/task20-2/src/application/usecases/site/edit-sites.ts": {"lines":{"total":52,"covered":52,"skipped":0,"pct":100},"functions":{"total":8,"covered":8,"skipped":0,"pct":100},"statements":{"total":65,"covered":63,"skipped":0,"pct":96.92},"branches":{"total":54,"covered":50,"skipped":0,"pct":92.59}}
,"/Users/dm/orca/workspaces/affiliate-hub/task20-2/src/application/usecases/site/manage-sites.ts": {"lines":{"total":40,"covered":40,"skipped":0,"pct":100},"functions":{"total":15,"covered":15,"skipped":0,"pct":100},"statements":{"total":50,"covered":48,"skipped":0,"pct":96},"branches":{"total":28,"covered":23,"skipped":0,"pct":82.14}}
,"/Users/dm/orca/workspaces/affiliate-hub/task20-2/src/application/usecases/site/publish-article.ts": {"lines":{"total":105,"covered":105,"skipped":0,"pct":100},"functions":{"total":30,"covered":30,"skipped":0,"pct":100},"statements":{"total":133,"covered":122,"skipped":0,"pct":91.72},"branches":{"total":88,"covered":71,"skipped":0,"pct":80.68}}
,"/Users/dm/orca/workspaces/affiliate-hub/task20-2/src/application/usecases/site/read-article-facets.ts": {"lines":{"total":68,"covered":62,"skipped":0,"pct":91.17},"functions":{"total":29,"covered":27,"skipped":0,"pct":93.1},"statements":{"total":80,"covered":69,"skipped":0,"pct":86.25},"branches":{"total":72,"covered":49,"skipped":0,"pct":68.05}}
,"/Users/dm/orca/workspaces/affiliate-hub/task20-2/src/application/usecases/site/read-site.ts": {"lines":{"total":63,"covered":63,"skipped":0,"pct":100},"functions":{"total":23,"covered":23,"skipped":0,"pct":100},"statements":{"total":79,"covered":79,"skipped":0,"pct":100},"branches":{"total":40,"covered":40,"skipped":0,"pct":100}}
,"/Users/dm/orca/workspaces/affiliate-hub/task20-2/src/application/usecases/site/reader-interaction.ts": {"lines":{"total":33,"covered":33,"skipped":0,"pct":100},"functions":{"total":15,"covered":15,"skipped":0,"pct":100},"statements":{"total":34,"covered":34,"skipped":0,"pct":100},"branches":{"total":16,"covered":16,"skipped":0,"pct":100}}
,"/Users/dm/orca/workspaces/affiliate-hub/task20-2/src/db/auth-schema.ts": {"lines":{"total":17,"covered":11,"skipped":0,"pct":64.7},"functions":{"total":12,"covered":6,"skipped":0,"pct":50},"statements":{"total":20,"covered":14,"skipped":0,"pct":70},"branches":{"total":0,"covered":0,"skipped":0,"pct":100}}
,"/Users/dm/orca/workspaces/affiliate-hub/task20-2/src/db/index.ts": {"lines":{"total":8,"covered":8,"skipped":0,"pct":100},"functions":{"total":2,"covered":2,"skipped":0,"pct":100},"statements":{"total":8,"covered":8,"skipped":0,"pct":100},"branches":{"total":8,"covered":8,"skipped":0,"pct":100}}
,"/Users/dm/orca/workspaces/affiliate-hub/task20-2/src/db/schema.ts": {"lines":{"total":102,"covered":87,"skipped":0,"pct":85.29},"functions":{"total":51,"covered":36,"skipped":0,"pct":70.58},"statements":{"total":102,"covered":87,"skipped":0,"pct":85.29},"branches":{"total":0,"covered":0,"skipped":0,"pct":100}}
,"/Users/dm/orca/workspaces/affiliate-hub/task20-2/src/domain/analytics/ai-usage.ts": {"lines":{"total":22,"covered":22,"skipped":0,"pct":100},"functions":{"total":8,"covered":8,"skipped":0,"pct":100},"statements":{"total":24,"covered":24,"skipped":0,"pct":100},"branches":{"total":28,"covered":28,"skipped":0,"pct":100}}
,"/Users/dm/orca/workspaces/affiliate-hub/task20-2/src/domain/analytics/consent.ts": {"lines":{"total":19,"covered":19,"skipped":0,"pct":100},"functions":{"total":5,"covered":5,"skipped":0,"pct":100},"statements":{"total":20,"covered":20,"skipped":0,"pct":100},"branches":{"total":20,"covered":20,"skipped":0,"pct":100}}
,"/Users/dm/orca/workspaces/affiliate-hub/task20-2/src/domain/analytics/dimensions.ts": {"lines":{"total":12,"covered":9,"skipped":0,"pct":75},"functions":{"total":7,"covered":6,"skipped":0,"pct":85.71},"statements":{"total":14,"covered":10,"skipped":0,"pct":71.42},"branches":{"total":9,"covered":7,"skipped":0,"pct":77.77}}
,"/Users/dm/orca/workspaces/affiliate-hub/task20-2/src/domain/analytics/experiment.ts": {"lines":{"total":27,"covered":27,"skipped":0,"pct":100},"functions":{"total":6,"covered":6,"skipped":0,"pct":100},"statements":{"total":29,"covered":29,"skipped":0,"pct":100},"branches":{"total":24,"covered":24,"skipped":0,"pct":100}}
,"/Users/dm/orca/workspaces/affiliate-hub/task20-2/src/domain/analytics/feedback-policy.ts": {"lines":{"total":8,"covered":8,"skipped":0,"pct":100},"functions":{"total":3,"covered":3,"skipped":0,"pct":100},"statements":{"total":8,"covered":8,"skipped":0,"pct":100},"branches":{"total":4,"covered":4,"skipped":0,"pct":100}}
,"/Users/dm/orca/workspaces/affiliate-hub/task20-2/src/domain/analytics/improvement.ts": {"lines":{"total":29,"covered":29,"skipped":0,"pct":100},"functions":{"total":5,"covered":5,"skipped":0,"pct":100},"statements":{"total":30,"covered":30,"skipped":0,"pct":100},"branches":{"total":42,"covered":38,"skipped":0,"pct":90.47}}
,"/Users/dm/orca/workspaces/affiliate-hub/task20-2/src/domain/analytics/index.ts": {"lines":{"total":0,"covered":0,"skipped":0,"pct":100},"functions":{"total":0,"covered":0,"skipped":0,"pct":100},"statements":{"total":0,"covered":0,"skipped":0,"pct":100},"branches":{"total":0,"covered":0,"skipped":0,"pct":100}}
,"/Users/dm/orca/workspaces/affiliate-hub/task20-2/src/domain/analytics/loop-kinds.ts": {"lines":{"total":26,"covered":26,"skipped":0,"pct":100},"functions":{"total":8,"covered":8,"skipped":0,"pct":100},"statements":{"total":30,"covered":29,"skipped":0,"pct":96.66},"branches":{"total":21,"covered":20,"skipped":0,"pct":95.23}}
,"/Users/dm/orca/workspaces/affiliate-hub/task20-2/src/domain/analytics/loop-record.ts": {"lines":{"total":95,"covered":84,"skipped":0,"pct":88.42},"functions":{"total":11,"covered":11,"skipped":0,"pct":100},"statements":{"total":103,"covered":90,"skipped":0,"pct":87.37},"branches":{"total":88,"covered":74,"skipped":0,"pct":84.09}}
,"/Users/dm/orca/workspaces/affiliate-hub/task20-2/src/domain/analytics/loop-run.ts": {"lines":{"total":36,"covered":36,"skipped":0,"pct":100},"functions":{"total":6,"covered":6,"skipped":0,"pct":100},"statements":{"total":37,"covered":37,"skipped":0,"pct":100},"branches":{"total":34,"covered":33,"skipped":0,"pct":97.05}}
,"/Users/dm/orca/workspaces/affiliate-hub/task20-2/src/domain/analytics/metrics-from-telemetry.ts": {"lines":{"total":33,"covered":33,"skipped":0,"pct":100},"functions":{"total":15,"covered":15,"skipped":0,"pct":100},"statements":{"total":42,"covered":42,"skipped":0,"pct":100},"branches":{"total":14,"covered":13,"skipped":0,"pct":92.85}}
,"/Users/dm/orca/workspaces/affiliate-hub/task20-2/src/domain/analytics/metrics.ts": {"lines":{"total":17,"covered":17,"skipped":0,"pct":100},"functions":{"total":4,"covered":4,"skipped":0,"pct":100},"statements":{"total":18,"covered":18,"skipped":0,"pct":100},"branches":{"total":16,"covered":16,"skipped":0,"pct":100}}
,"/Users/dm/orca/workspaces/affiliate-hub/task20-2/src/domain/analytics/optimization.ts": {"lines":{"total":29,"covered":26,"skipped":0,"pct":89.65},"functions":{"total":11,"covered":7,"skipped":0,"pct":63.63},"statements":{"total":35,"covered":29,"skipped":0,"pct":82.85},"branches":{"total":12,"covered":10,"skipped":0,"pct":83.33}}
,"/Users/dm/orca/workspaces/affiliate-hub/task20-2/src/domain/analytics/telemetry-events.ts": {"lines":{"total":36,"covered":35,"skipped":0,"pct":97.22},"functions":{"total":8,"covered":8,"skipped":0,"pct":100},"statements":{"total":41,"covered":39,"skipped":0,"pct":95.12},"branches":{"total":28,"covered":26,"skipped":0,"pct":92.85}}
,"/Users/dm/orca/workspaces/affiliate-hub/task20-2/src/domain/analytics/variant-spec.ts": {"lines":{"total":49,"covered":46,"skipped":0,"pct":93.87},"functions":{"total":12,"covered":12,"skipped":0,"pct":100},"statements":{"total":54,"covered":50,"skipped":0,"pct":92.59},"branches":{"total":40,"covered":35,"skipped":0,"pct":87.5}}
,"/Users/dm/orca/workspaces/affiliate-hub/task20-2/src/domain/authoring/appearance.ts": {"lines":{"total":9,"covered":9,"skipped":0,"pct":100},"functions":{"total":9,"covered":9,"skipped":0,"pct":100},"statements":{"total":15,"covered":15,"skipped":0,"pct":100},"branches":{"total":14,"covered":14,"skipped":0,"pct":100}}
,"/Users/dm/orca/workspaces/affiliate-hub/task20-2/src/domain/authoring/article-structure.ts": {"lines":{"total":24,"covered":24,"skipped":0,"pct":100},"functions":{"total":17,"covered":17,"skipped":0,"pct":100},"statements":{"total":31,"covered":31,"skipped":0,"pct":100},"branches":{"total":8,"covered":8,"skipped":0,"pct":100}}
,"/Users/dm/orca/workspaces/affiliate-hub/task20-2/src/domain/authoring/asset.ts": {"lines":{"total":12,"covered":11,"skipped":0,"pct":91.66},"functions":{"total":2,"covered":2,"skipped":0,"pct":100},"statements":{"total":12,"covered":11,"skipped":0,"pct":91.66},"branches":{"total":8,"covered":7,"skipped":0,"pct":87.5}}
,"/Users/dm/orca/workspaces/affiliate-hub/task20-2/src/domain/authoring/audience-persona.ts": {"lines":{"total":9,"covered":9,"skipped":0,"pct":100},"functions":{"total":1,"covered":1,"skipped":0,"pct":100},"statements":{"total":9,"covered":9,"skipped":0,"pct":100},"branches":{"total":30,"covered":30,"skipped":0,"pct":100}}
,"/Users/dm/orca/workspaces/affiliate-hub/task20-2/src/domain/authoring/author-persona.ts": {"lines":{"total":23,"covered":23,"skipped":0,"pct":100},"functions":{"total":5,"covered":5,"skipped":0,"pct":100},"statements":{"total":26,"covered":26,"skipped":0,"pct":100},"branches":{"total":47,"covered":45,"skipped":0,"pct":95.74}}
,"/Users/dm/orca/workspaces/affiliate-hub/task20-2/src/domain/authoring/content-package.ts": {"lines":{"total":32,"covered":32,"skipped":0,"pct":100},"functions":{"total":3,"covered":3,"skipped":0,"pct":100},"statements":{"total":37,"covered":36,"skipped":0,"pct":97.29},"branches":{"total":26,"covered":25,"skipped":0,"pct":96.15}}
,"/Users/dm/orca/workspaces/affiliate-hub/task20-2/src/domain/authoring/content-state.ts": {"lines":{"total":11,"covered":11,"skipped":0,"pct":100},"functions":{"total":3,"covered":3,"skipped":0,"pct":100},"statements":{"total":11,"covered":11,"skipped":0,"pct":100},"branches":{"total":10,"covered":9,"skipped":0,"pct":90}}
,"/Users/dm/orca/workspaces/affiliate-hub/task20-2/src/domain/authoring/content-variant.ts": {"lines":{"total":15,"covered":15,"skipped":0,"pct":100},"functions":{"total":2,"covered":2,"skipped":0,"pct":100},"statements":{"total":15,"covered":15,"skipped":0,"pct":100},"branches":{"total":24,"covered":24,"skipped":0,"pct":100}}
,"/Users/dm/orca/workspaces/affiliate-hub/task20-2/src/domain/authoring/conversation-block.ts": {"lines":{"total":25,"covered":25,"skipped":0,"pct":100},"functions":{"total":3,"covered":3,"skipped":0,"pct":100},"statements":{"total":25,"covered":25,"skipped":0,"pct":100},"branches":{"total":19,"covered":19,"skipped":0,"pct":100}}
,"/Users/dm/orca/workspaces/affiliate-hub/task20-2/src/domain/authoring/index.ts": {"lines":{"total":0,"covered":0,"skipped":0,"pct":100},"functions":{"total":0,"covered":0,"skipped":0,"pct":100},"statements":{"total":0,"covered":0,"skipped":0,"pct":100},"branches":{"total":0,"covered":0,"skipped":0,"pct":100}}
,"/Users/dm/orca/workspaces/affiliate-hub/task20-2/src/domain/authoring/master-brief.ts": {"lines":{"total":17,"covered":13,"skipped":0,"pct":76.47},"functions":{"total":7,"covered":5,"skipped":0,"pct":71.42},"statements":{"total":21,"covered":16,"skipped":0,"pct":76.19},"branches":{"total":12,"covered":9,"skipped":0,"pct":75}}
,"/Users/dm/orca/workspaces/affiliate-hub/task20-2/src/domain/authoring/quality-check.ts": {"lines":{"total":127,"covered":127,"skipped":0,"pct":100},"functions":{"total":21,"covered":21,"skipped":0,"pct":100},"statements":{"total":139,"covered":139,"skipped":0,"pct":100},"branches":{"total":103,"covered":101,"skipped":0,"pct":98.05}}
,"/Users/dm/orca/workspaces/affiliate-hub/task20-2/src/domain/authoring/site-blueprint.ts": {"lines":{"total":43,"covered":43,"skipped":0,"pct":100},"functions":{"total":9,"covered":9,"skipped":0,"pct":100},"statements":{"total":46,"covered":46,"skipped":0,"pct":100},"branches":{"total":18,"covered":18,"skipped":0,"pct":100}}
,"/Users/dm/orca/workspaces/affiliate-hub/task20-2/src/domain/authoring/site-draft.ts": {"lines":{"total":25,"covered":24,"skipped":0,"pct":96},"functions":{"total":6,"covered":6,"skipped":0,"pct":100},"statements":{"total":26,"covered":25,"skipped":0,"pct":96.15},"branches":{"total":33,"covered":32,"skipped":0,"pct":96.96}}
,"/Users/dm/orca/workspaces/affiliate-hub/task20-2/src/domain/authoring/site-routes.ts": {"lines":{"total":5,"covered":4,"skipped":0,"pct":80},"functions":{"total":8,"covered":6,"skipped":0,"pct":75},"statements":{"total":9,"covered":7,"skipped":0,"pct":77.77},"branches":{"total":9,"covered":7,"skipped":0,"pct":77.77}}
,"/Users/dm/orca/workspaces/affiliate-hub/task20-2/src/domain/authoring/site.ts": {"lines":{"total":22,"covered":20,"skipped":0,"pct":90.9},"functions":{"total":5,"covered":5,"skipped":0,"pct":100},"statements":{"total":22,"covered":20,"skipped":0,"pct":90.9},"branches":{"total":21,"covered":19,"skipped":0,"pct":90.47}}
,"/Users/dm/orca/workspaces/affiliate-hub/task20-2/src/domain/authoring/writing-style.ts": {"lines":{"total":6,"covered":6,"skipped":0,"pct":100},"functions":{"total":0,"covered":0,"skipped":0,"pct":100},"statements":{"total":6,"covered":6,"skipped":0,"pct":100},"branches":{"total":0,"covered":0,"skipped":0,"pct":100}}
,"/Users/dm/orca/workspaces/affiliate-hub/task20-2/src/domain/compliance/audit-log.ts": {"lines":{"total":20,"covered":20,"skipped":0,"pct":100},"functions":{"total":4,"covered":4,"skipped":0,"pct":100},"statements":{"total":21,"covered":21,"skipped":0,"pct":100},"branches":{"total":33,"covered":33,"skipped":0,"pct":100}}
,"/Users/dm/orca/workspaces/affiliate-hub/task20-2/src/domain/compliance/disclosure.ts": {"lines":{"total":21,"covered":21,"skipped":0,"pct":100},"functions":{"total":6,"covered":6,"skipped":0,"pct":100},"statements":{"total":21,"covered":21,"skipped":0,"pct":100},"branches":{"total":24,"covered":24,"skipped":0,"pct":100}}
,"/Users/dm/orca/workspaces/affiliate-hub/task20-2/src/domain/compliance/index.ts": {"lines":{"total":0,"covered":0,"skipped":0,"pct":100},"functions":{"total":0,"covered":0,"skipped":0,"pct":100},"statements":{"total":0,"covered":0,"skipped":0,"pct":100},"branches":{"total":0,"covered":0,"skipped":0,"pct":100}}
,"/Users/dm/orca/workspaces/affiliate-hub/task20-2/src/domain/compliance/policy-rule-seed.ts": {"lines":{"total":7,"covered":7,"skipped":0,"pct":100},"functions":{"total":1,"covered":1,"skipped":0,"pct":100},"statements":{"total":8,"covered":7,"skipped":0,"pct":87.5},"branches":{"total":2,"covered":1,"skipped":0,"pct":50}}
,"/Users/dm/orca/workspaces/affiliate-hub/task20-2/src/domain/compliance/policy-rule.ts": {"lines":{"total":41,"covered":41,"skipped":0,"pct":100},"functions":{"total":7,"covered":7,"skipped":0,"pct":100},"statements":{"total":44,"covered":44,"skipped":0,"pct":100},"branches":{"total":38,"covered":36,"skipped":0,"pct":94.73}}
,"/Users/dm/orca/workspaces/affiliate-hub/task20-2/src/domain/compliance/publish-gate.ts": {"lines":{"total":40,"covered":40,"skipped":0,"pct":100},"functions":{"total":3,"covered":3,"skipped":0,"pct":100},"statements":{"total":40,"covered":40,"skipped":0,"pct":100},"branches":{"total":34,"covered":34,"skipped":0,"pct":100}}
,"/Users/dm/orca/workspaces/affiliate-hub/task20-2/src/domain/distribution/campaign.ts": {"lines":{"total":18,"covered":16,"skipped":0,"pct":88.88},"functions":{"total":3,"covered":3,"skipped":0,"pct":100},"statements":{"total":19,"covered":17,"skipped":0,"pct":89.47},"branches":{"total":16,"covered":14,"skipped":0,"pct":87.5}}
,"/Users/dm/orca/workspaces/affiliate-hub/task20-2/src/domain/distribution/channel.ts": {"lines":{"total":16,"covered":16,"skipped":0,"pct":100},"functions":{"total":5,"covered":5,"skipped":0,"pct":100},"statements":{"total":18,"covered":18,"skipped":0,"pct":100},"branches":{"total":18,"covered":18,"skipped":0,"pct":100}}
,"/Users/dm/orca/workspaces/affiliate-hub/task20-2/src/domain/distribution/index.ts": {"lines":{"total":0,"covered":0,"skipped":0,"pct":100},"functions":{"total":0,"covered":0,"skipped":0,"pct":100},"statements":{"total":0,"covered":0,"skipped":0,"pct":100},"branches":{"total":0,"covered":0,"skipped":0,"pct":100}}
,"/Users/dm/orca/workspaces/affiliate-hub/task20-2/src/domain/distribution/publication.ts": {"lines":{"total":28,"covered":27,"skipped":0,"pct":96.42},"functions":{"total":8,"covered":7,"skipped":0,"pct":87.5},"statements":{"total":29,"covered":28,"skipped":0,"pct":96.55},"branches":{"total":38,"covered":38,"skipped":0,"pct":100}}
,"/Users/dm/orca/workspaces/affiliate-hub/task20-2/src/domain/evidence/claim.ts": {"lines":{"total":22,"covered":22,"skipped":0,"pct":100},"functions":{"total":4,"covered":4,"skipped":0,"pct":100},"statements":{"total":25,"covered":25,"skipped":0,"pct":100},"branches":{"total":35,"covered":35,"skipped":0,"pct":100}}
,"/Users/dm/orca/workspaces/affiliate-hub/task20-2/src/domain/evidence/evidence.ts": {"lines":{"total":20,"covered":20,"skipped":0,"pct":100},"functions":{"total":2,"covered":2,"skipped":0,"pct":100},"statements":{"total":20,"covered":20,"skipped":0,"pct":100},"branches":{"total":22,"covered":22,"skipped":0,"pct":100}}
,"/Users/dm/orca/workspaces/affiliate-hub/task20-2/src/domain/evidence/index.ts": {"lines":{"total":0,"covered":0,"skipped":0,"pct":100},"functions":{"total":0,"covered":0,"skipped":0,"pct":100},"statements":{"total":0,"covered":0,"skipped":0,"pct":100},"branches":{"total":0,"covered":0,"skipped":0,"pct":100}}
,"/Users/dm/orca/workspaces/affiliate-hub/task20-2/src/domain/feedback/capture-policy.ts": {"lines":{"total":29,"covered":29,"skipped":0,"pct":100},"functions":{"total":5,"covered":5,"skipped":0,"pct":100},"statements":{"total":29,"covered":29,"skipped":0,"pct":100},"branches":{"total":12,"covered":12,"skipped":0,"pct":100}}
,"/Users/dm/orca/workspaces/affiliate-hub/task20-2/src/domain/feedback/diagnostics-retention.ts": {"lines":{"total":9,"covered":9,"skipped":0,"pct":100},"functions":{"total":4,"covered":4,"skipped":0,"pct":100},"statements":{"total":10,"covered":10,"skipped":0,"pct":100},"branches":{"total":2,"covered":2,"skipped":0,"pct":100}}
,"/Users/dm/orca/workspaces/affiliate-hub/task20-2/src/domain/feedback/diagnostics.ts": {"lines":{"total":63,"covered":61,"skipped":0,"pct":96.82},"functions":{"total":17,"covered":17,"skipped":0,"pct":100},"statements":{"total":75,"covered":67,"skipped":0,"pct":89.33},"branches":{"total":55,"covered":44,"skipped":0,"pct":80}}
,"/Users/dm/orca/workspaces/affiliate-hub/task20-2/src/domain/feedback/disposition.ts": {"lines":{"total":14,"covered":14,"skipped":0,"pct":100},"functions":{"total":3,"covered":3,"skipped":0,"pct":100},"statements":{"total":14,"covered":14,"skipped":0,"pct":100},"branches":{"total":15,"covered":15,"skipped":0,"pct":100}}
,"/Users/dm/orca/workspaces/affiliate-hub/task20-2/src/domain/feedback/handoff-prompt.ts": {"lines":{"total":41,"covered":41,"skipped":0,"pct":100},"functions":{"total":7,"covered":7,"skipped":0,"pct":100},"statements":{"total":43,"covered":43,"skipped":0,"pct":100},"branches":{"total":24,"covered":22,"skipped":0,"pct":91.66}}
,"/Users/dm/orca/workspaces/affiliate-hub/task20-2/src/domain/feedback/handoff.ts": {"lines":{"total":16,"covered":15,"skipped":0,"pct":93.75},"functions":{"total":3,"covered":3,"skipped":0,"pct":100},"statements":{"total":16,"covered":15,"skipped":0,"pct":93.75},"branches":{"total":14,"covered":13,"skipped":0,"pct":92.85}}
,"/Users/dm/orca/workspaces/affiliate-hub/task20-2/src/domain/feedback/index.ts": {"lines":{"total":0,"covered":0,"skipped":0,"pct":100},"functions":{"total":0,"covered":0,"skipped":0,"pct":100},"statements":{"total":0,"covered":0,"skipped":0,"pct":100},"branches":{"total":0,"covered":0,"skipped":0,"pct":100}}
,"/Users/dm/orca/workspaces/affiliate-hub/task20-2/src/domain/feedback/integration-access.ts": {"lines":{"total":30,"covered":27,"skipped":0,"pct":90},"functions":{"total":6,"covered":6,"skipped":0,"pct":100},"statements":{"total":31,"covered":28,"skipped":0,"pct":90.32},"branches":{"total":20,"covered":17,"skipped":0,"pct":85}}
,"/Users/dm/orca/workspaces/affiliate-hub/task20-2/src/domain/feedback/report.ts": {"lines":{"total":26,"covered":23,"skipped":0,"pct":88.46},"functions":{"total":3,"covered":3,"skipped":0,"pct":100},"statements":{"total":26,"covered":23,"skipped":0,"pct":88.46},"branches":{"total":32,"covered":29,"skipped":0,"pct":90.62}}
,"/Users/dm/orca/workspaces/affiliate-hub/task20-2/src/domain/feedback/status.ts": {"lines":{"total":12,"covered":12,"skipped":0,"pct":100},"functions":{"total":2,"covered":2,"skipped":0,"pct":100},"statements":{"total":12,"covered":12,"skipped":0,"pct":100},"branches":{"total":9,"covered":9,"skipped":0,"pct":100}}
,"/Users/dm/orca/workspaces/affiliate-hub/task20-2/src/domain/generation/agent-roster.ts": {"lines":{"total":18,"covered":14,"skipped":0,"pct":77.77},"functions":{"total":8,"covered":4,"skipped":0,"pct":50},"statements":{"total":25,"covered":18,"skipped":0,"pct":72},"branches":{"total":15,"covered":12,"skipped":0,"pct":80}}
,"/Users/dm/orca/workspaces/affiliate-hub/task20-2/src/domain/generation/approval-bridge.ts": {"lines":{"total":17,"covered":15,"skipped":0,"pct":88.23},"functions":{"total":8,"covered":6,"skipped":0,"pct":75},"statements":{"total":23,"covered":18,"skipped":0,"pct":78.26},"branches":{"total":10,"covered":7,"skipped":0,"pct":70}}
,"/Users/dm/orca/workspaces/affiliate-hub/task20-2/src/domain/generation/draft-instructions.ts": {"lines":{"total":18,"covered":18,"skipped":0,"pct":100},"functions":{"total":17,"covered":17,"skipped":0,"pct":100},"statements":{"total":19,"covered":19,"skipped":0,"pct":100},"branches":{"total":10,"covered":5,"skipped":0,"pct":50}}
,"/Users/dm/orca/workspaces/affiliate-hub/task20-2/src/domain/generation/generation-input.ts": {"lines":{"total":22,"covered":21,"skipped":0,"pct":95.45},"functions":{"total":6,"covered":6,"skipped":0,"pct":100},"statements":{"total":25,"covered":24,"skipped":0,"pct":96},"branches":{"total":20,"covered":19,"skipped":0,"pct":95}}
,"/Users/dm/orca/workspaces/affiliate-hub/task20-2/src/domain/generation/index.ts": {"lines":{"total":0,"covered":0,"skipped":0,"pct":100},"functions":{"total":0,"covered":0,"skipped":0,"pct":100},"statements":{"total":0,"covered":0,"skipped":0,"pct":100},"branches":{"total":0,"covered":0,"skipped":0,"pct":100}}
,"/Users/dm/orca/workspaces/affiliate-hub/task20-2/src/domain/generation/injection-guard.ts": {"lines":{"total":21,"covered":20,"skipped":0,"pct":95.23},"functions":{"total":6,"covered":5,"skipped":0,"pct":83.33},"statements":{"total":23,"covered":22,"skipped":0,"pct":95.65},"branches":{"total":8,"covered":7,"skipped":0,"pct":87.5}}
,"/Users/dm/orca/workspaces/affiliate-hub/task20-2/src/domain/generation/llm-credential.ts": {"lines":{"total":24,"covered":24,"skipped":0,"pct":100},"functions":{"total":4,"covered":4,"skipped":0,"pct":100},"statements":{"total":27,"covered":27,"skipped":0,"pct":100},"branches":{"total":14,"covered":14,"skipped":0,"pct":100}}
,"/Users/dm/orca/workspaces/affiliate-hub/task20-2/src/domain/generation/output-contract.ts": {"lines":{"total":18,"covered":18,"skipped":0,"pct":100},"functions":{"total":5,"covered":5,"skipped":0,"pct":100},"statements":{"total":19,"covered":19,"skipped":0,"pct":100},"branches":{"total":11,"covered":11,"skipped":0,"pct":100}}
,"/Users/dm/orca/workspaces/affiliate-hub/task20-2/src/domain/generation/prompt-blocks.ts": {"lines":{"total":14,"covered":14,"skipped":0,"pct":100},"functions":{"total":6,"covered":6,"skipped":0,"pct":100},"statements":{"total":15,"covered":15,"skipped":0,"pct":100},"branches":{"total":4,"covered":4,"skipped":0,"pct":100}}
,"/Users/dm/orca/workspaces/affiliate-hub/task20-2/src/domain/generation/skill-catalog.ts": {"lines":{"total":18,"covered":13,"skipped":0,"pct":72.22},"functions":{"total":9,"covered":6,"skipped":0,"pct":66.66},"statements":{"total":21,"covered":15,"skipped":0,"pct":71.42},"branches":{"total":12,"covered":7,"skipped":0,"pct":58.33}}
,"/Users/dm/orca/workspaces/affiliate-hub/task20-2/src/domain/identity/brand.ts": {"lines":{"total":17,"covered":17,"skipped":0,"pct":100},"functions":{"total":4,"covered":4,"skipped":0,"pct":100},"statements":{"total":20,"covered":20,"skipped":0,"pct":100},"branches":{"total":29,"covered":29,"skipped":0,"pct":100}}
,"/Users/dm/orca/workspaces/affiliate-hub/task20-2/src/domain/identity/index.ts": {"lines":{"total":0,"covered":0,"skipped":0,"pct":100},"functions":{"total":0,"covered":0,"skipped":0,"pct":100},"statements":{"total":0,"covered":0,"skipped":0,"pct":100},"branches":{"total":0,"covered":0,"skipped":0,"pct":100}}
,"/Users/dm/orca/workspaces/affiliate-hub/task20-2/src/domain/identity/membership.ts": {"lines":{"total":25,"covered":25,"skipped":0,"pct":100},"functions":{"total":7,"covered":7,"skipped":0,"pct":100},"statements":{"total":27,"covered":27,"skipped":0,"pct":100},"branches":{"total":32,"covered":32,"skipped":0,"pct":100}}
,"/Users/dm/orca/workspaces/affiliate-hub/task20-2/src/domain/identity/permissions.ts": {"lines":{"total":12,"covered":12,"skipped":0,"pct":100},"functions":{"total":3,"covered":3,"skipped":0,"pct":100},"statements":{"total":15,"covered":15,"skipped":0,"pct":100},"branches":{"total":10,"covered":10,"skipped":0,"pct":100}}
,"/Users/dm/orca/workspaces/affiliate-hub/task20-2/src/domain/identity/user.ts": {"lines":{"total":12,"covered":10,"skipped":0,"pct":83.33},"functions":{"total":3,"covered":3,"skipped":0,"pct":100},"statements":{"total":12,"covered":10,"skipped":0,"pct":83.33},"branches":{"total":13,"covered":10,"skipped":0,"pct":76.92}}
,"/Users/dm/orca/workspaces/affiliate-hub/task20-2/src/domain/identity/workspace.ts": {"lines":{"total":13,"covered":12,"skipped":0,"pct":92.3},"functions":{"total":4,"covered":3,"skipped":0,"pct":75},"statements":{"total":14,"covered":13,"skipped":0,"pct":92.85},"branches":{"total":8,"covered":8,"skipped":0,"pct":100}}
,"/Users/dm/orca/workspaces/affiliate-hub/task20-2/src/domain/monetization/affiliate-link.ts": {"lines":{"total":25,"covered":25,"skipped":0,"pct":100},"functions":{"total":6,"covered":6,"skipped":0,"pct":100},"statements":{"total":31,"covered":31,"skipped":0,"pct":100},"branches":{"total":30,"covered":29,"skipped":0,"pct":96.66}}
,"/Users/dm/orca/workspaces/affiliate-hub/task20-2/src/domain/monetization/affiliate-program.ts": {"lines":{"total":17,"covered":17,"skipped":0,"pct":100},"functions":{"total":4,"covered":4,"skipped":0,"pct":100},"statements":{"total":17,"covered":17,"skipped":0,"pct":100},"branches":{"total":35,"covered":34,"skipped":0,"pct":97.14}}
,"/Users/dm/orca/workspaces/affiliate-hub/task20-2/src/domain/monetization/conversion.ts": {"lines":{"total":28,"covered":27,"skipped":0,"pct":96.42},"functions":{"total":7,"covered":7,"skipped":0,"pct":100},"statements":{"total":32,"covered":29,"skipped":0,"pct":90.62},"branches":{"total":42,"covered":37,"skipped":0,"pct":88.09}}
[...]
,"/Users/dm/orca/workspaces/affiliate-hub/task20-2/src/presentation/tools/product-tools.ts": {"lines":{"total":8,"covered":8,"skipped":0,"pct":100},"functions":{"total":2,"covered":2,"skipped":0,"pct":100},"statements":{"total":8,"covered":8,"skipped":0,"pct":100},"branches":{"total":0,"covered":0,"skipped":0,"pct":100}}
,"/Users/dm/orca/workspaces/affiliate-hub/task20-2/src/presentation/tools/reader-tools.ts": {"lines":{"total":5,"covered":5,"skipped":0,"pct":100},"functions":{"total":1,"covered":1,"skipped":0,"pct":100},"statements":{"total":5,"covered":5,"skipped":0,"pct":100},"branches":{"total":0,"covered":0,"skipped":0,"pct":100}}
,"/Users/dm/orca/workspaces/affiliate-hub/task20-2/src/presentation/tools/rest-adapter.ts": {"lines":{"total":6,"covered":6,"skipped":0,"pct":100},"functions":{"total":3,"covered":3,"skipped":0,"pct":100},"statements":{"total":7,"covered":7,"skipped":0,"pct":100},"branches":{"total":4,"covered":4,"skipped":0,"pct":100}}
,"/Users/dm/orca/workspaces/affiliate-hub/task20-2/src/presentation/tools/settings-tools.ts": {"lines":{"total":3,"covered":3,"skipped":0,"pct":100},"functions":{"total":1,"covered":1,"skipped":0,"pct":100},"statements":{"total":3,"covered":3,"skipped":0,"pct":100},"branches":{"total":0,"covered":0,"skipped":0,"pct":100}}
,"/Users/dm/orca/workspaces/affiliate-hub/task20-2/src/presentation/tools/site-tools.ts": {"lines":{"total":4,"covered":4,"skipped":0,"pct":100},"functions":{"total":1,"covered":1,"skipped":0,"pct":100},"statements":{"total":4,"covered":4,"skipped":0,"pct":100},"branches":{"total":0,"covered":0,"skipped":0,"pct":100}}
,"/Users/dm/orca/workspaces/affiliate-hub/task20-2/src/presentation/tools/spec-contract.ts": {"lines":{"total":30,"covered":30,"skipped":0,"pct":100},"functions":{"total":12,"covered":12,"skipped":0,"pct":100},"statements":{"total":41,"covered":39,"skipped":0,"pct":95.12},"branches":{"total":18,"covered":16,"skipped":0,"pct":88.88}}
,"/Users/dm/orca/workspaces/affiliate-hub/task20-2/src/presentation/tools/tool-definition.ts": {"lines":{"total":5,"covered":5,"skipped":0,"pct":100},"functions":{"total":1,"covered":1,"skipped":0,"pct":100},"statements":{"total":6,"covered":6,"skipped":0,"pct":100},"branches":{"total":6,"covered":6,"skipped":0,"pct":100}}
,"/Users/dm/orca/workspaces/affiliate-hub/task20-2/src/presentation/tools/webmcp-adapter.ts": {"lines":{"total":25,"covered":18,"skipped":0,"pct":72},"functions":{"total":15,"covered":13,"skipped":0,"pct":86.66},"statements":{"total":34,"covered":26,"skipped":0,"pct":76.47},"branches":{"total":29,"covered":21,"skipped":0,"pct":72.41}}
,"/Users/dm/orca/workspaces/affiliate-hub/task20-2/src/presentation/tools/webmcp-policy.ts": {"lines":{"total":13,"covered":13,"skipped":0,"pct":100},"functions":{"total":3,"covered":3,"skipped":0,"pct":100},"statements":{"total":15,"covered":15,"skipped":0,"pct":100},"branches":{"total":6,"covered":6,"skipped":0,"pct":100}}
,"/Users/dm/orca/workspaces/affiliate-hub/task20-2/src/presentation/ui/admin-route-metadata.ts": {"lines":{"total":35,"covered":34,"skipped":0,"pct":97.14},"functions":{"total":14,"covered":14,"skipped":0,"pct":100},"statements":{"total":42,"covered":38,"skipped":0,"pct":90.47},"branches":{"total":18,"covered":14,"skipped":0,"pct":77.77}}
,"/Users/dm/orca/workspaces/affiliate-hub/task20-2/src/presentation/ui/appearance.ts": {"lines":{"total":6,"covered":6,"skipped":0,"pct":100},"functions":{"total":1,"covered":1,"skipped":0,"pct":100},"statements":{"total":7,"covered":7,"skipped":0,"pct":100},"branches":{"total":2,"covered":2,"skipped":0,"pct":100}}
,"/Users/dm/orca/workspaces/affiliate-hub/task20-2/src/presentation/ui/consent.ts": {"lines":{"total":2,"covered":2,"skipped":0,"pct":100},"functions":{"total":0,"covered":0,"skipped":0,"pct":100},"statements":{"total":2,"covered":2,"skipped":0,"pct":100},"branches":{"total":0,"covered":0,"skipped":0,"pct":100}}
,"/Users/dm/orca/workspaces/affiliate-hub/task20-2/src/presentation/ui/copy.ts": {"lines":{"total":6,"covered":6,"skipped":0,"pct":100},"functions":{"total":3,"covered":3,"skipped":0,"pct":100},"statements":{"total":6,"covered":6,"skipped":0,"pct":100},"branches":{"total":3,"covered":3,"skipped":0,"pct":100}}
,"/Users/dm/orca/workspaces/affiliate-hub/task20-2/src/presentation/ui/index.ts": {"lines":{"total":0,"covered":0,"skipped":0,"pct":100},"functions":{"total":0,"covered":0,"skipped":0,"pct":100},"statements":{"total":0,"covered":0,"skipped":0,"pct":100},"branches":{"total":0,"covered":0,"skipped":0,"pct":100}}
,"/Users/dm/orca/workspaces/affiliate-hub/task20-2/src/presentation/ui/telemetry-attrs.ts": {"lines":{"total":11,"covered":11,"skipped":0,"pct":100},"functions":{"total":2,"covered":2,"skipped":0,"pct":100},"statements":{"total":16,"covered":16,"skipped":0,"pct":100},"branches":{"total":10,"covered":10,"skipped":0,"pct":100}}
,"/Users/dm/orca/workspaces/affiliate-hub/task20-2/src/presentation/ui/webmcp-provider.tsx": {"lines":{"total":4,"covered":3,"skipped":0,"pct":75},"functions":{"total":2,"covered":1,"skipped":0,"pct":50},"statements":{"total":4,"covered":3,"skipped":0,"pct":75},"branches":{"total":0,"covered":0,"skipped":0,"pct":100}}
,"/Users/dm/orca/workspaces/affiliate-hub/task20-2/src/presentation/ui/patterns/appearance-picker.tsx": {"lines":{"total":18,"covered":4,"skipped":0,"pct":22.22},"functions":{"total":8,"covered":1,"skipped":0,"pct":12.5},"statements":{"total":23,"covered":4,"skipped":0,"pct":17.39},"branches":{"total":11,"covered":5,"skipped":0,"pct":45.45}}
,"/Users/dm/orca/workspaces/affiliate-hub/task20-2/src/presentation/ui/patterns/approval.tsx": {"lines":{"total":11,"covered":11,"skipped":0,"pct":100},"functions":{"total":4,"covered":4,"skipped":0,"pct":100},"statements":{"total":11,"covered":11,"skipped":0,"pct":100},"branches":{"total":10,"covered":10,"skipped":0,"pct":100}}
,"/Users/dm/orca/workspaces/affiliate-hub/task20-2/src/presentation/ui/patterns/capture-canvas.tsx": {"lines":{"total":165,"covered":159,"skipped":0,"pct":96.36},"functions":{"total":30,"covered":28,"skipped":0,"pct":93.33},"statements":{"total":183,"covered":171,"skipped":0,"pct":93.44},"branches":{"total":93,"covered":77,"skipped":0,"pct":82.79}}
,"/Users/dm/orca/workspaces/affiliate-hub/task20-2/src/presentation/ui/patterns/channel-status.tsx": {"lines":{"total":8,"covered":8,"skipped":0,"pct":100},"functions":{"total":3,"covered":3,"skipped":0,"pct":100},"statements":{"total":8,"covered":8,"skipped":0,"pct":100},"branches":{"total":9,"covered":9,"skipped":0,"pct":100}}
,"/Users/dm/orca/workspaces/affiliate-hub/task20-2/src/presentation/ui/patterns/comparison-table.tsx": {"lines":{"total":7,"covered":6,"skipped":0,"pct":85.71},"functions":{"total":4,"covered":4,"skipped":0,"pct":100},"statements":{"total":7,"covered":6,"skipped":0,"pct":85.71},"branches":{"total":14,"covered":13,"skipped":0,"pct":92.85}}
,"/Users/dm/orca/workspaces/affiliate-hub/task20-2/src/presentation/ui/patterns/concept-matrix.tsx": {"lines":{"total":14,"covered":14,"skipped":0,"pct":100},"functions":{"total":7,"covered":7,"skipped":0,"pct":100},"statements":{"total":16,"covered":16,"skipped":0,"pct":100},"branches":{"total":19,"covered":17,"skipped":0,"pct":89.47}}
,"/Users/dm/orca/workspaces/affiliate-hub/task20-2/src/presentation/ui/patterns/consent-banner.tsx": {"lines":{"total":11,"covered":6,"skipped":0,"pct":54.54},"functions":{"total":5,"covered":1,"skipped":0,"pct":20},"statements":{"total":11,"covered":6,"skipped":0,"pct":54.54},"branches":{"total":10,"covered":8,"skipped":0,"pct":80}}
,"/Users/dm/orca/workspaces/affiliate-hub/task20-2/src/presentation/ui/patterns/conversation.tsx": {"lines":{"total":5,"covered":5,"skipped":0,"pct":100},"functions":{"total":2,"covered":2,"skipped":0,"pct":100},"statements":{"total":6,"covered":5,"skipped":0,"pct":83.33},"branches":{"total":3,"covered":2,"skipped":0,"pct":66.66}}
,"/Users/dm/orca/workspaces/affiliate-hub/task20-2/src/presentation/ui/patterns/disclosure.tsx": {"lines":{"total":3,"covered":3,"skipped":0,"pct":100},"functions":{"total":2,"covered":2,"skipped":0,"pct":100},"statements":{"total":3,"covered":3,"skipped":0,"pct":100},"branches":{"total":21,"covered":21,"skipped":0,"pct":100}}
,"/Users/dm/orca/workspaces/affiliate-hub/task20-2/src/presentation/ui/patterns/evidence.tsx": {"lines":{"total":5,"covered":5,"skipped":0,"pct":100},"functions":{"total":3,"covered":3,"skipped":0,"pct":100},"statements":{"total":5,"covered":5,"skipped":0,"pct":100},"branches":{"total":6,"covered":5,"skipped":0,"pct":83.33}}
,"/Users/dm/orca/workspaces/affiliate-hub/task20-2/src/presentation/ui/patterns/factuality.tsx": {"lines":{"total":10,"covered":10,"skipped":0,"pct":100},"functions":{"total":3,"covered":3,"skipped":0,"pct":100},"statements":{"total":10,"covered":10,"skipped":0,"pct":100},"branches":{"total":0,"covered":0,"skipped":0,"pct":100}}
,"/Users/dm/orca/workspaces/affiliate-hub/task20-2/src/presentation/ui/patterns/feedback-button.tsx": {"lines":{"total":118,"covered":93,"skipped":0,"pct":78.81},"functions":{"total":33,"covered":23,"skipped":0,"pct":69.69},"statements":{"total":131,"covered":98,"skipped":0,"pct":74.8},"branches":{"total":64,"covered":46,"skipped":0,"pct":71.87}}
,"/Users/dm/orca/workspaces/affiliate-hub/task20-2/src/presentation/ui/patterns/filter-bar.tsx": {"lines":{"total":7,"covered":7,"skipped":0,"pct":100},"functions":{"total":7,"covered":7,"skipped":0,"pct":100},"statements":{"total":8,"covered":8,"skipped":0,"pct":100},"branches":{"total":14,"covered":14,"skipped":0,"pct":100}}
,"/Users/dm/orca/workspaces/affiliate-hub/task20-2/src/presentation/ui/patterns/form-result.tsx": {"lines":{"total":1,"covered":1,"skipped":0,"pct":100},"functions":{"total":1,"covered":1,"skipped":0,"pct":100},"statements":{"total":1,"covered":1,"skipped":0,"pct":100},"branches":{"total":9,"covered":9,"skipped":0,"pct":100}}
,"/Users/dm/orca/workspaces/affiliate-hub/task20-2/src/presentation/ui/patterns/material-review.tsx": {"lines":{"total":2,"covered":2,"skipped":0,"pct":100},"functions":{"total":2,"covered":2,"skipped":0,"pct":100},"statements":{"total":2,"covered":2,"skipped":0,"pct":100},"branches":{"total":8,"covered":4,"skipped":0,"pct":50}}
,"/Users/dm/orca/workspaces/affiliate-hub/task20-2/src/presentation/ui/patterns/model-picker.tsx": {"lines":{"total":7,"covered":6,"skipped":0,"pct":85.71},"functions":{"total":7,"covered":6,"skipped":0,"pct":85.71},"statements":{"total":7,"covered":6,"skipped":0,"pct":85.71},"branches":{"total":9,"covered":9,"skipped":0,"pct":100}}
,"/Users/dm/orca/workspaces/affiliate-hub/task20-2/src/presentation/ui/patterns/nav-collapse-toggle.tsx": {"lines":{"total":9,"covered":5,"skipped":0,"pct":55.55},"functions":{"total":2,"covered":1,"skipped":0,"pct":50},"statements":{"total":9,"covered":5,"skipped":0,"pct":55.55},"branches":{"total":7,"covered":5,"skipped":0,"pct":71.42}}
,"/Users/dm/orca/workspaces/affiliate-hub/task20-2/src/presentation/ui/patterns/note.tsx": {"lines":{"total":1,"covered":1,"skipped":0,"pct":100},"functions":{"total":1,"covered":1,"skipped":0,"pct":100},"statements":{"total":1,"covered":1,"skipped":0,"pct":100},"branches":{"total":0,"covered":0,"skipped":0,"pct":100}}
,"/Users/dm/orca/workspaces/affiliate-hub/task20-2/src/presentation/ui/patterns/page-diagnostics.ts": {"lines":{"total":59,"covered":59,"skipped":0,"pct":100},"functions":{"total":17,"covered":17,"skipped":0,"pct":100},"statements":{"total":68,"covered":67,"skipped":0,"pct":98.52},"branches":{"total":32,"covered":31,"skipped":0,"pct":96.87}}
,"/Users/dm/orca/workspaces/affiliate-hub/task20-2/src/presentation/ui/patterns/product-card.tsx": {"lines":{"total":2,"covered":2,"skipped":0,"pct":100},"functions":{"total":2,"covered":2,"skipped":0,"pct":100},"statements":{"total":2,"covered":2,"skipped":0,"pct":100},"branches":{"total":13,"covered":11,"skipped":0,"pct":84.61}}
,"/Users/dm/orca/workspaces/affiliate-hub/task20-2/src/presentation/ui/patterns/ranking-table.tsx": {"lines":{"total":10,"covered":10,"skipped":0,"pct":100},"functions":{"total":8,"covered":8,"skipped":0,"pct":100},"statements":{"total":11,"covered":11,"skipped":0,"pct":100},"branches":{"total":19,"covered":18,"skipped":0,"pct":94.73}}
,"/Users/dm/orca/workspaces/affiliate-hub/task20-2/src/presentation/ui/patterns/schedule-calendar.tsx": {"lines":{"total":20,"covered":20,"skipped":0,"pct":100},"functions":{"total":8,"covered":8,"skipped":0,"pct":100},"statements":{"total":23,"covered":22,"skipped":0,"pct":95.65},"branches":{"total":18,"covered":17,"skipped":0,"pct":94.44}}
,"/Users/dm/orca/workspaces/affiliate-hub/task20-2/src/presentation/ui/patterns/see-also.tsx": {"lines":{"total":1,"covered":1,"skipped":0,"pct":100},"functions":{"total":1,"covered":1,"skipped":0,"pct":100},"statements":{"total":1,"covered":1,"skipped":0,"pct":100},"branches":{"total":0,"covered":0,"skipped":0,"pct":100}}
,"/Users/dm/orca/workspaces/affiliate-hub/task20-2/src/presentation/ui/patterns/stub-notice.tsx": {"lines":{"total":5,"covered":5,"skipped":0,"pct":100},"functions":{"total":3,"covered":3,"skipped":0,"pct":100},"statements":{"total":5,"covered":5,"skipped":0,"pct":100},"branches":{"total":4,"covered":4,"skipped":0,"pct":100}}
,"/Users/dm/orca/workspaces/affiliate-hub/task20-2/src/presentation/ui/patterns/work-board.tsx": {"lines":{"total":4,"covered":4,"skipped":0,"pct":100},"functions":{"total":2,"covered":2,"skipped":0,"pct":100},"statements":{"total":4,"covered":4,"skipped":0,"pct":100},"branches":{"total":2,"covered":2,"skipped":0,"pct":100}}
,"/Users/dm/orca/workspaces/affiliate-hub/task20-2/src/presentation/ui/primitives/action-button.tsx": {"lines":{"total":1,"covered":1,"skipped":0,"pct":100},"functions":{"total":1,"covered":1,"skipped":0,"pct":100},"statements":{"total":1,"covered":1,"skipped":0,"pct":100},"branches":{"total":3,"covered":3,"skipped":0,"pct":100}}
,"/Users/dm/orca/workspaces/affiliate-hub/task20-2/src/presentation/ui/primitives/action-note.tsx": {"lines":{"total":1,"covered":1,"skipped":0,"pct":100},"functions":{"total":1,"covered":1,"skipped":0,"pct":100},"statements":{"total":1,"covered":1,"skipped":0,"pct":100},"branches":{"total":1,"covered":1,"skipped":0,"pct":100}}
,"/Users/dm/orca/workspaces/affiliate-hub/task20-2/src/presentation/ui/primitives/button.tsx": {"lines":{"total":3,"covered":3,"skipped":0,"pct":100},"functions":{"total":1,"covered":1,"skipped":0,"pct":100},"statements":{"total":3,"covered":3,"skipped":0,"pct":100},"branches":{"total":14,"covered":14,"skipped":0,"pct":100}}
,"/Users/dm/orca/workspaces/affiliate-hub/task20-2/src/presentation/ui/primitives/callout.tsx": {"lines":{"total":2,"covered":2,"skipped":0,"pct":100},"functions":{"total":1,"covered":1,"skipped":0,"pct":100},"statements":{"total":2,"covered":2,"skipped":0,"pct":100},"branches":{"total":7,"covered":7,"skipped":0,"pct":100}}
,"/Users/dm/orca/workspaces/affiliate-hub/task20-2/src/presentation/ui/primitives/checkbox-group.tsx": {"lines":{"total":12,"covered":7,"skipped":0,"pct":58.33},"functions":{"total":6,"covered":2,"skipped":0,"pct":33.33},"statements":{"total":12,"covered":7,"skipped":0,"pct":58.33},"branches":{"total":18,"covered":14,"skipped":0,"pct":77.77}}
,"/Users/dm/orca/workspaces/affiliate-hub/task20-2/src/presentation/ui/primitives/checkbox.tsx": {"lines":{"total":1,"covered":1,"skipped":0,"pct":100},"functions":{"total":1,"covered":1,"skipped":0,"pct":100},"statements":{"total":1,"covered":1,"skipped":0,"pct":100},"branches":{"total":1,"covered":1,"skipped":0,"pct":100}}
,"/Users/dm/orca/workspaces/affiliate-hub/task20-2/src/presentation/ui/primitives/field.tsx": {"lines":{"total":18,"covered":8,"skipped":0,"pct":44.44},"functions":{"total":5,"covered":2,"skipped":0,"pct":40},"statements":{"total":21,"covered":8,"skipped":0,"pct":38.09},"branches":{"total":43,"covered":35,"skipped":0,"pct":81.39}}
,"/Users/dm/orca/workspaces/affiliate-hub/task20-2/src/presentation/ui/primitives/form-value.tsx": {"lines":{"total":1,"covered":1,"skipped":0,"pct":100},"functions":{"total":1,"covered":1,"skipped":0,"pct":100},"statements":{"total":1,"covered":1,"skipped":0,"pct":100},"branches":{"total":0,"covered":0,"skipped":0,"pct":100}}
,"/Users/dm/orca/workspaces/affiliate-hub/task20-2/src/presentation/ui/primitives/heading.tsx": {"lines":{"total":5,"covered":4,"skipped":0,"pct":80},"functions":{"total":1,"covered":1,"skipped":0,"pct":100},"statements":{"total":5,"covered":4,"skipped":0,"pct":80},"branches":{"total":4,"covered":3,"skipped":0,"pct":75}}
,"/Users/dm/orca/workspaces/affiliate-hub/task20-2/src/presentation/ui/primitives/human-only-form.tsx": {"lines":{"total":4,"covered":3,"skipped":0,"pct":75},"functions":{"total":1,"covered":1,"skipped":0,"pct":100},"statements":{"total":4,"covered":3,"skipped":0,"pct":75},"branches":{"total":4,"covered":3,"skipped":0,"pct":75}}
,"/Users/dm/orca/workspaces/affiliate-hub/task20-2/src/presentation/ui/primitives/icon.tsx": {"lines":{"total":4,"covered":4,"skipped":0,"pct":100},"functions":{"total":1,"covered":1,"skipped":0,"pct":100},"statements":{"total":4,"covered":4,"skipped":0,"pct":100},"branches":{"total":1,"covered":1,"skipped":0,"pct":100}}
,"/Users/dm/orca/workspaces/affiliate-hub/task20-2/src/presentation/ui/primitives/select.tsx": {"lines":{"total":7,"covered":7,"skipped":0,"pct":100},"functions":{"total":3,"covered":3,"skipped":0,"pct":100},"statements":{"total":7,"covered":7,"skipped":0,"pct":100},"branches":{"total":20,"covered":20,"skipped":0,"pct":100}}
,"/Users/dm/orca/workspaces/affiliate-hub/task20-2/src/presentation/ui/primitives/state-view.tsx": {"lines":{"total":3,"covered":3,"skipped":0,"pct":100},"functions":{"total":3,"covered":3,"skipped":0,"pct":100},"statements":{"total":3,"covered":3,"skipped":0,"pct":100},"branches":{"total":2,"covered":2,"skipped":0,"pct":100}}
,"/Users/dm/orca/workspaces/affiliate-hub/task20-2/src/presentation/ui/primitives/textarea.tsx": {"lines":{"total":6,"covered":6,"skipped":0,"pct":100},"functions":{"total":2,"covered":2,"skipped":0,"pct":100},"statements":{"total":6,"covered":6,"skipped":0,"pct":100},"branches":{"total":19,"covered":19,"skipped":0,"pct":100}}
,"/Users/dm/orca/workspaces/affiliate-hub/task20-2/src/presentation/ui/primitives/tool-form.tsx": {"lines":{"total":2,"covered":2,"skipped":0,"pct":100},"functions":{"total":1,"covered":1,"skipped":0,"pct":100},"statements":{"total":2,"covered":2,"skipped":0,"pct":100},"branches":{"total":0,"covered":0,"skipped":0,"pct":100}}
,"/Users/dm/orca/workspaces/affiliate-hub/task20-2/src/presentation/ui/templates/app-shell.tsx": {"lines":{"total":42,"covered":42,"skipped":0,"pct":100},"functions":{"total":18,"covered":18,"skipped":0,"pct":100},"statements":{"total":49,"covered":49,"skipped":0,"pct":100},"branches":{"total":41,"covered":38,"skipped":0,"pct":92.68}}
,"/Users/dm/orca/workspaces/affiliate-hub/task20-2/src/presentation/ui/templates/article-view.tsx": {"lines":{"total":23,"covered":21,"skipped":0,"pct":91.3},"functions":{"total":17,"covered":17,"skipped":0,"pct":100},"statements":{"total":24,"covered":22,"skipped":0,"pct":91.66},"branches":{"total":34,"covered":31,"skipped":0,"pct":91.17}}
,"/Users/dm/orca/workspaces/affiliate-hub/task20-2/src/presentation/ui/templates/screen-parts.tsx": {"lines":{"total":24,"covered":22,"skipped":0,"pct":91.66},"functions":{"total":22,"covered":20,"skipped":0,"pct":90.9},"statements":{"total":24,"covered":22,"skipped":0,"pct":91.66},"branches":{"total":22,"covered":17,"skipped":0,"pct":77.27}}
,"/Users/dm/orca/workspaces/affiliate-hub/task20-2/src/presentation/ui/templates/site-shell.tsx": {"lines":{"total":7,"covered":6,"skipped":0,"pct":85.71},"functions":{"total":7,"covered":6,"skipped":0,"pct":85.71},"statements":{"total":7,"covered":6,"skipped":0,"pct":85.71},"branches":{"total":22,"covered":21,"skipped":0,"pct":95.45}}
}
