{"numTotalTestSuites":32,"numPassedTestSuites":32,"numFailedTestSuites":0,"numPendingTestSuites":0,"numTotalTests":141,"numPassedTests":141,"numFailedTests":0,"numPendingTests":0,"numTodoTests":0,"snapshot":{"added":0,"failure":false,"filesAdded":0,"filesRemoved":0,"filesRemovedList":[],"filesUnmatched":0,"filesUpdated":0,"matched":0,"total":0,"unchecked":0,"uncheckedKeysByFile":[],"unmatched":0,"updated":0,"didUpdate":false},"startTime":1787542235849,"success":true,"testResults":[{"assertionResults":[{"ancestorTitles":["保存先の入口は、必ず作業場所を伴う"],"fullName":"保存先の入口は、必ず作業場所を伴う そもそも読み取れている（0 件なら、この検査は何も見ていない）","status":"passed","title":"そもそも読み取れている（0 件なら、この検査は何も見ていない）","duration":2.585750000000189,"failureMessages":[],"meta":{},"tags":[]},{"ancestorTitles":["保存先の入口は、必ず作業場所を伴う"],"fullName":"保存先の入口は、必ず作業場所を伴う 作業場所を伴わないメソッドは、理由つきで免除されたものだけ","status":"passed","title":"作業場所を伴わないメソッドは、理由つきで免除されたものだけ","duration":0.7378749999998035,"failureMessages":[],"meta":{},"tags":[]},{"ancestorTitles":["保存先の入口は、必ず作業場所を伴う"],"fullName":"保存先の入口は、必ず作業場所を伴う 免除の一覧に、もう要らないものが残っていない","status":"passed","title":"免除の一覧に、もう要らないものが残っていない","duration":0.13787500000034925,"failureMessages":[],"meta":{},"tags":[]},{"ancestorTitles":["保存先の入口は、必ず作業場所を伴う"],"fullName":"保存先の入口は、必ず作業場所を伴う 免除には必ず理由が書いてある","status":"passed","title":"免除には必ず理由が書いてある","duration":0.09862500000053842,"failureMessages":[],"meta":{},"tags":[]},{"ancestorTitles":["保存先の入口は、必ず作業場所を伴う"],"fullName":"保存先の入口は、必ず作業場所を伴う 実体を渡すだけで済ませている入口は、その型が本当に作業場所を持っている","status":"passed","title":"実体を渡すだけで済ませている入口は、その型が本当に作業場所を持っている","duration":0.13883399999940593,"failureMessages":[],"meta":{},"tags":[]},{"ancestorTitles":["保存先の入口は、必ず作業場所を伴う"],"fullName":"保存先の入口は、必ず作業場所を伴う 印つきの別名（Editorial / Commercial）は、素のポートを包んだものだけ","status":"passed","title":"印つきの別名（Editorial / Commercial）は、素のポートを包んだものだけ","duration":0.20941700000003038,"failureMessages":[],"meta":{},"tags":[]},{"ancestorTitles":["読者の身元は 1 か所でしか作らない"],"fullName":"読者の身元は 1 か所でしか作らない そもそも読み取れている（見つからないなら、この検査は何も見ていない）","status":"passed","title":"そもそも読み取れている（見つからないなら、この検査は何も見ていない）","duration":0.49562499999956344,"failureMessages":[],"meta":{},"tags":[]},{"ancestorTitles":["読者の身元は 1 か所でしか作らない"],"fullName":"読者の身元は 1 か所でしか作らない 読者の作業場所を名乗れるのは、身元を組み立てる 1 か所だけ","status":"passed","title":"読者の作業場所を名乗れるのは、身元を組み立てる 1 か所だけ","duration":0.08175000000028376,"failureMessages":[],"meta":{},"tags":[]}],"startTime":1787542240441,"endTime":1787542240445.4956,"status":"passed","message":"","name":"/Users/dm/orca/workspaces/affiliate-hub/task20-2/tests/architecture/tenant-scoped-ports.test.ts"},{"assertionResults":[{"ancestorTitles":["保存先の表は、作業場所で切れている"],"fullName":"保存先の表は、作業場所で切れている すべての表に workspace_id がある（無いものは理由つきで免除）","status":"passed","title":"すべての表に workspace_id がある（無いものは理由つきで免除）","duration":1.918999999999869,"failureMessages":[],"meta":{},"tags":[]},{"ancestorTitles":["保存先の表は、作業場所で切れている"],"fullName":"保存先の表は、作業場所で切れている 免除の一覧に、もう要らないものが残っていない","status":"passed","title":"免除の一覧に、もう要らないものが残っていない","duration":0.19950000000062573,"failureMessages":[],"meta":{},"tags":[]},{"ancestorTitles":["保存先の表は、作業場所で切れている"],"fullName":"保存先の表は、作業場所で切れている 免除には必ず理由が書いてある","status":"passed","title":"免除には必ず理由が書いてある","duration":0.11616700000013225,"failureMessages":[],"meta":{},"tags":[]},{"ancestorTitles":["作業場所を持たない古い表は、どこからも触られていない"],"fullName":"作業場所を持たない古い表は、どこからも触られていない 使い始めたものが 1 つも無い","status":"passed","title":"使い始めたものが 1 つも無い","duration":0.1671249999999418,"failureMessages":[],"meta":{},"tags":[]},{"ancestorTitles":["作業場所で絞る索引がある"],"fullName":"作業場所で絞る索引がある 作業場所を持つ表は、作業場所で始まる索引か主キーを持つ","status":"passed","title":"作業場所を持つ表は、作業場所で始まる索引か主キーを持つ","duration":0.2015000000001237,"failureMessages":[],"meta":{},"tags":[]},{"ancestorTitles":["作業場所で絞る索引がある"],"fullName":"作業場所で絞る索引がある 索引の免除に、もう要らないものが残っていない","status":"passed","title":"索引の免除に、もう要らないものが残っていない","duration":0.11166700000012497,"failureMessages":[],"meta":{},"tags":[]},{"ancestorTitles":["表への問い合わせは、作業場所で絞っている"],"fullName":"表への問い合わせは、作業場所で絞っている 絞らない問い合わせは、理由つきで免除されたものだけ","status":"passed","title":"絞らない問い合わせは、理由つきで免除されたものだけ","duration":0.11141700000007404,"failureMessages":[],"meta":{},"tags":[]},{"ancestorTitles":["表への問い合わせは、作業場所で絞っている"],"fullName":"表への問い合わせは、作業場所で絞っている 免除した件数と、実際に絞っていない件数が一致する","status":"passed","title":"免除した件数と、実際に絞っていない件数が一致する","duration":0.15024999999968713,"failureMessages":[],"meta":{},"tags":[]},{"ancestorTitles":["表への問い合わせは、作業場所で絞っている"],"fullName":"表への問い合わせは、作業場所で絞っている 免除には必ず理由が書いてある","status":"passed","title":"免除には必ず理由が書いてある","duration":0.5317079999995258,"failureMessages":[],"meta":{},"tags":[]},{"ancestorTitles":["表への問い合わせは、作業場所で絞っている"],"fullName":"表への問い合わせは、作業場所で絞っている 絞っている問い合わせのほうが多い（全部免除にして緑にしていないこと）","status":"passed","title":"絞っている問い合わせのほうが多い（全部免除にして緑にしていないこと）","duration":0.1726250000001528,"failureMessages":[],"meta":{},"tags":[]}],"startTime":1787542243287,"endTime":1787542243290.5317,"status":"passed","message":"","name":"/Users/dm/orca/workspaces/affiliate-hub/task20-2/tests/architecture/tenant-scoped-schema.test.ts"},{"assertionResults":[{"ancestorTitles":["役割の表そのもの"],"fullName":"役割の表そのもの すべての役割に日本語の名前がある","status":"passed","title":"すべての役割に日本語の名前がある","duration":2.0027919999999995,"failureMessages":[],"meta":{},"tags":[]},{"ancestorTitles":["役割の表そのもの"],"fullName":"役割の表そのもの 役割 1 つにつき、できることが 1 つ以上ある","status":"passed","title":"役割 1 つにつき、できることが 1 つ以上ある","duration":0.9699590000000171,"failureMessages":[],"meta":{},"tags":[]},{"ancestorTitles":["役割の表そのもの"],"fullName":"役割の表そのもの 持ち主は、他の誰かができることを全部できる","status":"passed","title":"持ち主は、他の誰かができることを全部できる","duration":0.1472919999998794,"failureMessages":[],"meta":{},"tags":[]},{"ancestorTitles":["渡したくないものが、ついでに渡っていないか"],"fullName":"渡したくないものが、ついでに渡っていないか 公開担当は、本文を書き換えられない","status":"passed","title":"公開担当は、本文を書き換えられない","duration":0.15970800000013696,"failureMessages":[],"meta":{},"tags":[]},{"ancestorTitles":["渡したくないものが、ついでに渡っていないか"],"fullName":"渡したくないものが、ついでに渡っていないか 数字の担当は、記事を書けない・公開できない","status":"passed","title":"数字の担当は、記事を書けない・公開できない","duration":0.2362919999998212,"failureMessages":[],"meta":{},"tags":[]},{"ancestorTitles":["渡したくないものが、ついでに渡っていないか"],"fullName":"渡したくないものが、ついでに渡っていないか 使い勝手の担当は、改善要望まわりだけで、記事には一切触れない","status":"passed","title":"使い勝手の担当は、改善要望まわりだけで、記事には一切触れない","duration":0.1590840000001208,"failureMessages":[],"meta":{},"tags":[]},{"ancestorTitles":["渡したくないものが、ついでに渡っていないか"],"fullName":"渡したくないものが、ついでに渡っていないか AI は、人が決めることを役割で持っていても実行できない","status":"passed","title":"AI は、人が決めることを役割で持っていても実行できない","duration":0.11399999999980537,"failureMessages":[],"meta":{},"tags":[]},{"ancestorTitles":["役割ごとに、持たないと決めたものを持っていないか"],"fullName":"役割ごとに、持たないと決めたものを持っていないか REQ-R02 workspace_admin: workspace.manage を持たない","status":"passed","title":"REQ-R02 workspace_admin: workspace.manage を持たない","duration":0.07687499999997272,"failureMessages":[],"meta":{},"tags":[]},{"ancestorTitles":["役割ごとに、持たないと決めたものを持っていないか"],"fullName":"役割ごとに、持たないと決めたものを持っていないか REQ-R03 brand_manager: workspace.manage / member.manage / affiliate.manage / affiliate.read_revenue を持たない","status":"passed","title":"REQ-R03 brand_manager: workspace.manage / member.manage / affiliate.manage / affiliate.read_revenue を持たない","duration":0.05320900000015172,"failureMessages":[],"meta":{},"tags":[]},{"ancestorTitles":["役割ごとに、持たないと決めたものを持っていないか"],"fullName":"役割ごとに、持たないと決めたものを持っていないか REQ-R04 researcher: content.write / content.generate / content.approve / content.publish を持たない","status":"passed","title":"REQ-R04 researcher: content.write / content.generate / content.approve / content.publish を持たない","duration":0.11158400000022084,"failureMessages":[],"meta":{},"tags":[]},{"ancestorTitles":["役割ごとに、持たないと決めたものを持っていないか"],"fullName":"役割ごとに、持たないと決めたものを持っていないか REQ-R05 writer: content.approve / content.publish を持たない","status":"passed","title":"REQ-R05 writer: content.approve / content.publish を持たない","duration":0.05287500000008549,"failureMessages":[],"meta":{},"tags":[]},{"ancestorTitles":["役割ごとに、持たないと決めたものを持っていないか"],"fullName":"役割ごとに、持たないと決めたものを持っていないか REQ-R06 reviewer: content.approve / content.publish を持たない","status":"passed","title":"REQ-R06 reviewer: content.approve / content.publish を持たない","duration":0.046333000000004176,"failureMessages":[],"meta":{},"tags":[]},{"ancestorTitles":["役割ごとに、持たないと決めたものを持っていないか"],"fullName":"役割ごとに、持たないと決めたものを持っていないか REQ-R07 publisher: content.write / content.generate / content.approve を持たない","status":"passed","title":"REQ-R07 publisher: content.write / content.generate / content.approve を持たない","duration":0.047000000000025466,"failureMessages":[],"meta":{},"tags":[]},{"ancestorTitles":["役割ごとに、持たないと決めたものを持っていないか"],"fullName":"役割ごとに、持たないと決めたものを持っていないか REQ-R08 analyst: content.write / content.publish / content.approve / affiliate.manage / improvement.run / improvement.approve を持たない","status":"passed","title":"REQ-R08 analyst: content.write / content.publish / content.approve / affiliate.manage / improvement.run / improvement.approve を持たない","duration":0.04641700000001947,"failureMessages":[],"meta":{},"tags":[]},{"ancestorTitles":["役割ごとに、持たないと決めたものを持っていないか"],"fullName":"役割ごとに、持たないと決めたものを持っていないか REQ-R09 contributor: content.approve / content.publish / product.write / analytics.read / site.draft / site.manage を持たない","status":"passed","title":"REQ-R09 contributor: content.approve / content.publish / product.write / analytics.read / site.draft / site.manage を持たない","duration":0.04433400000016263,"failureMessages":[],"meta":{},"tags":[]},{"ancestorTitles":["役割ごとに、持たないと決めたものを持っていないか"],"fullName":"役割ごとに、持たないと決めたものを持っていないか REQ-R10 ai_service_account: content.approve / content.publish / member.manage / feedback.manage を持たない","status":"passed","title":"REQ-R10 ai_service_account: content.approve / content.publish / member.manage / feedback.manage を持たない","duration":0.04574999999999818,"failureMessages":[],"meta":{},"tags":[]},{"ancestorTitles":["役割ごとに、持たないと決めたものを持っていないか"],"fullName":"役割ごとに、持たないと決めたものを持っていないか REQ-R02 作業場所の管理担当は、持ち主から `workspace.manage` だけを引いたもの","status":"passed","title":"REQ-R02 作業場所の管理担当は、持ち主から `workspace.manage` だけを引いたもの","duration":0.11262499999997999,"failureMessages":[],"meta":{},"tags":[]},{"ancestorTitles":["役割ごとに、持たないと決めたものを持っていないか"],"fullName":"役割ごとに、持たないと決めたものを持っていないか REQ-R01 作業場所そのものを管理できるのは持ち主だけ","status":"passed","title":"REQ-R01 作業場所そのものを管理できるのは持ち主だけ","duration":0.08637499999986176,"failureMessages":[],"meta":{},"tags":[]},{"ancestorTitles":["AI に必ず断るもの（REQ-R10）"],"fullName":"AI に必ず断るもの（REQ-R10） content.approve は AI では通らない（REQ-R10「承認」）","status":"passed","title":"content.approve は AI では通らない（REQ-R10「承認」）","duration":0.2755420000000868,"failureMessages":[],"meta":{},"tags":[]},{"ancestorTitles":["AI に必ず断るもの（REQ-R10）"],"fullName":"AI に必ず断るもの（REQ-R10） content.publish は AI では通らない（REQ-R10「公開」）","status":"passed","title":"content.publish は AI では通らない（REQ-R10「公開」）","duration":0.09149999999999636,"failureMessages":[],"meta":{},"tags":[]},{"ancestorTitles":["AI に必ず断るもの（REQ-R10）"],"fullName":"AI に必ず断るもの（REQ-R10） member.manage は AI では通らない（REQ-R10「会員管理」）","status":"passed","title":"member.manage は AI では通らない（REQ-R10「会員管理」）","duration":0.08625000000006366,"failureMessages":[],"meta":{},"tags":[]},{"ancestorTitles":["AI に必ず断るもの（REQ-R10）"],"fullName":"AI に必ず断るもの（REQ-R10） affiliate.manage は AI では通らない（REQ-R10「報酬管理」）","status":"passed","title":"affiliate.manage は AI では通らない（REQ-R10「報酬管理」）","duration":0.08666600000015023,"failureMessages":[],"meta":{},"tags":[]},{"ancestorTitles":["AI に必ず断るもの（REQ-R10）"],"fullName":"AI に必ず断るもの（REQ-R10） export.perform は AI では通らない（REQ-R10「書き出し」）","status":"passed","title":"export.perform は AI では通らない（REQ-R10「書き出し」）","duration":0.08666700000003402,"failureMessages":[],"meta":{},"tags":[]},{"ancestorTitles":["AI に必ず断るもの（REQ-R10）"],"fullName":"AI に必ず断るもの（REQ-R10） workspace.manage は AI では通らない（REQ-R01 作業場所そのものの管理）","status":"passed","title":"workspace.manage は AI では通らない（REQ-R01 作業場所そのものの管理）","duration":0.14579200000002857,"failureMessages":[],"meta":{},"tags":[]},{"ancestorTitles":["AI に必ず断るもの（REQ-R10）"],"fullName":"AI に必ず断るもの（REQ-R10） feedback.manage は AI では通らない（REQ-FB05 要望の扱いを決める・取り消す）","status":"passed","title":"feedback.manage は AI では通らない（REQ-FB05 要望の扱いを決める・取り消す）","duration":0.0883329999999205,"failureMessages":[],"meta":{},"tags":[]},{"ancestorTitles":["AI に必ず断るもの（REQ-R10）"],"fullName":"AI に必ず断るもの（REQ-R10） integration_key.manage は AI では通らない（REQ-FB06 鍵の発行・失効）","status":"passed","title":"integration_key.manage は AI では通らない（REQ-FB06 鍵の発行・失効）","duration":0.08816699999988487,"failureMessages":[],"meta":{},"tags":[]},{"ancestorTitles":["AI に必ず断るもの（REQ-R10）"],"fullName":"AI に必ず断るもの（REQ-R10） improvement.approve は AI では通らない（§14.5 試作の承認）","status":"passed","title":"improvement.approve は AI では通らない（§14.5 試作の承認）","duration":0.08312500000010914,"failureMessages":[],"meta":{},"tags":[]},{"ancestorTitles":["AI に必ず断るもの（REQ-R10）"],"fullName":"AI に必ず断るもの（REQ-R10） improvement.run は AI では通らない（§14.5 比較を始める）","status":"passed","title":"improvement.run は AI では通らない（§14.5 比較を始める）","duration":0.08808300000009694,"failureMessages":[],"meta":{},"tags":[]},{"ancestorTitles":["断り方"],"fullName":"断り方 足りない権限の名前と、誰に頼めばよいかを言う","status":"passed","title":"足りない権限の名前と、誰に頼めばよいかを言う","duration":0.1277500000001055,"failureMessages":[],"meta":{},"tags":[]},{"ancestorTitles":["断り方"],"fullName":"断り方 AI が人の操作を求めたときは、権限の名前ではなく「人が行う」と言う","status":"passed","title":"AI が人の操作を求めたときは、権限の名前ではなく「人が行う」と言う","duration":0.13025000000016007,"failureMessages":[],"meta":{},"tags":[]},{"ancestorTitles":["断り方"],"fullName":"断り方 持っているときは通す","status":"passed","title":"持っているときは通す","duration":0.08254099999999198,"failureMessages":[],"meta":{},"tags":[]}],"startTime":1787542237150,"endTime":1787542237157.0825,"status":"passed","message":"","name":"/Users/dm/orca/workspaces/affiliate-hub/task20-2/tests/domain/permissions.test.ts"},{"assertionResults":[{"ancestorTitles":["どこを守るか"],"fullName":"どこを守るか 管理画面は守る","status":"passed","title":"管理画面は守る","duration":2.6804579999999305,"failureMessages":[],"meta":{},"tags":[]},{"ancestorTitles":["どこを守るか"],"fullName":"どこを守るか 読者のページとサインイン画面は守らない","status":"passed","title":"読者のページとサインイン画面は守らない","duration":0.12683300000003328,"failureMessages":[],"meta":{},"tags":[]},{"ancestorTitles":["どこを守るか"],"fullName":"どこを守るか ログインの往復そのものは守らない","status":"passed","title":"ログインの往復そのものは守らない","duration":0.08112500000004275,"failureMessages":[],"meta":{},"tags":[]},{"ancestorTitles":["どこを守るか"],"fullName":"どこを守るか 名前が /admin で始まるだけの別の道は守らない","status":"passed","title":"名前が /admin で始まるだけの別の道は守らない","duration":0.06870900000001257,"failureMessages":[],"meta":{},"tags":[]},{"ancestorTitles":["通行証を見て、通すかどうか"],"fullName":"通行証を見て、通すかどうか 有効な通行証は通す","status":"passed","title":"有効な通行証は通す","duration":0.19545899999991434,"failureMessages":[],"meta":{},"tags":[]},{"ancestorTitles":["通行証を見て、通すかどうか"],"fullName":"通行証を見て、通すかどうか 通行証を持っていない人は、ログインへ戻す","status":"passed","title":"通行証を持っていない人は、ログインへ戻す","duration":0.55925000000002,"failureMessages":[],"meta":{},"tags":[]},{"ancestorTitles":["通行証を見て、通すかどうか"],"fullName":"通行証を見て、通すかどうか 偽物の通行証では通れない","status":"passed","title":"偽物の通行証では通れない","duration":0.08587499999998727,"failureMessages":[],"meta":{},"tags":[]},{"ancestorTitles":["通行証を見て、通すかどうか"],"fullName":"通行証を見て、通すかどうか 保存先へ届かないときは通さない","status":"passed","title":"保存先へ届かないときは通さない","duration":0.11237499999992906,"failureMessages":[],"meta":{},"tags":[]},{"ancestorTitles":["通行証を見て、通すかどうか"],"fullName":"通行証を見て、通すかどうか 確かめる相手がいないときも通さない","status":"passed","title":"確かめる相手がいないときも通さない","duration":0.07254199999999855,"failureMessages":[],"meta":{},"tags":[]},{"ancestorTitles":["通行証を見て、通すかどうか"],"fullName":"通行証を見て、通すかどうか 断る理由を分けて持つが、通す側は 1 つしかない","status":"passed","title":"断る理由を分けて持つが、通す側は 1 つしかない","duration":0.5793749999999136,"failureMessages":[],"meta":{},"tags":[]},{"ancestorTitles":["通行証を見て、通すかどうか"],"fullName":"通行証を見て、通すかどうか 役は見ない","status":"passed","title":"役は見ない","duration":0.07179099999996197,"failureMessages":[],"meta":{},"tags":[]}],"startTime":1787542236826,"endTime":1787542236830.5793,"status":"passed","message":"","name":"/Users/dm/orca/workspaces/affiliate-hub/task20-2/tests/infrastructure/entry-gate.test.ts"},{"assertionResults":[{"ancestorTitles":["合言葉の確かめ方"],"fullName":"合言葉の確かめ方 合言葉そのものではなく、潰した値で引いている","status":"passed","title":"合言葉そのものではなく、潰した値で引いている","duration":19.13754199999994,"failureMessages":[],"meta":{},"tags":[]},{"ancestorTitles":["合言葉の確かめ方"],"fullName":"合言葉の確かめ方 潰した値は毎回同じで、違う合言葉では違う値になる","status":"passed","title":"潰した値は毎回同じで、違う合言葉では違う値になる","duration":7.880249999999705,"failureMessages":[],"meta":{},"tags":[]},{"ancestorTitles":["合言葉の確かめ方"],"fullName":"合言葉の確かめ方 期限が切れていれば、行が残っていても無効にする","status":"passed","title":"期限が切れていれば、行が残っていても無効にする","duration":0.6312090000001263,"failureMessages":[],"meta":{},"tags":[]},{"ancestorTitles":["合言葉の確かめ方"],"fullName":"合言葉の確かめ方 取り消された合言葉は、期限内でも無効にする","status":"passed","title":"取り消された合言葉は、期限内でも無効にする","duration":1.8485829999999623,"failureMessages":[],"meta":{},"tags":[]},{"ancestorTitles":["合言葉の確かめ方"],"fullName":"合言葉の確かめ方 有効なら、誰のものかを返す","status":"passed","title":"有効なら、誰のものかを返す","duration":1.5137500000000728,"failureMessages":[],"meta":{},"tags":[]},{"ancestorTitles":["合言葉の確かめ方"],"fullName":"合言葉の確かめ方 保存先が落ちたときは「ログインしていない」に化けさせない","status":"passed","title":"保存先が落ちたときは「ログインしていない」に化けさせない","duration":0.9862079999998059,"failureMessages":[],"meta":{},"tags":[]},{"ancestorTitles":["合言葉から「いま操作している人」を決める"],"fullName":"合言葉から「いま操作している人」を決める 権限は合言葉ではなく、担当者の登録から引く","status":"passed","title":"権限は合言葉ではなく、担当者の登録から引く","duration":0.4976249999999709,"failureMessages":[],"meta":{},"tags":[]},{"ancestorTitles":["合言葉から「いま操作している人」を決める"],"fullName":"合言葉から「いま操作している人」を決める 担当を外された人は、合言葉が生きていても操作できない","status":"passed","title":"担当を外された人は、合言葉が生きていても操作できない","duration":0.11362499999995634,"failureMessages":[],"meta":{},"tags":[]},{"ancestorTitles":["合言葉から「いま操作している人」を決める"],"fullName":"合言葉から「いま操作している人」を決める 担当者として登録が無ければ、権限を与えない","status":"passed","title":"担当者として登録が無ければ、権限を与えない","duration":0.19016699999974662,"failureMessages":[],"meta":{},"tags":[]},{"ancestorTitles":["合言葉から「いま操作している人」を決める"],"fullName":"合言葉から「いま操作している人」を決める 合言葉が無ければ、未ログインとして返す","status":"passed","title":"合言葉が無ければ、未ログインとして返す","duration":0.1838340000003882,"failureMessages":[],"meta":{},"tags":[]},{"ancestorTitles":["合言葉から「いま操作している人」を決める"],"fullName":"合言葉から「いま操作している人」を決める 確かめられなかったときは、未ログインと区別して返す","status":"passed","title":"確かめられなかったときは、未ログインと区別して返す","duration":0.15083299999969313,"failureMessages":[],"meta":{},"tags":[]}],"startTime":1787542238328,"endTime":1787542238362.1902,"status":"passed","message":"","name":"/Users/dm/orca/workspaces/affiliate-hub/task20-2/tests/infrastructure/session-actor.test.ts"},{"assertionResults":[{"ancestorTitles":["AWS-ACC-01 未ログインは入れない／ログイン済みは入れる"],"fullName":"AWS-ACC-01 未ログインは入れない／ログイン済みは入れる 守る道と守らない道が、どちらも意図どおり","status":"passed","title":"守る道と守らない道が、どちらも意図どおり","duration":2.527165999999852,"failureMessages":[],"meta":{},"tags":[]},{"ancestorTitles":["AWS-ACC-01 未ログインは入れない／ログイン済みは入れる"],"fullName":"AWS-ACC-01 未ログインは入れない／ログイン済みは入れる 通行証が無ければ戻し、有効なら通す（通す側が消えていないこと）","status":"passed","title":"通行証が無ければ戻し、有効なら通す（通す側が消えていないこと）","duration":0.23979199999985212,"failureMessages":[],"meta":{},"tags":[]},{"ancestorTitles":["AWS-ACC-02 他所のものは見えない／自分のものは見える"],"fullName":"AWS-ACC-02 他所のものは見えない／自分のものは見える 自分のものは取れる（全部 404 に倒していないこと）","status":"passed","title":"自分のものは取れる（全部 404 に倒していないこと）","duration":0.10491699999988668,"failureMessages":[],"meta":{},"tags":[]},{"ancestorTitles":["AWS-ACC-02 他所のものは見えない／自分のものは見える"],"fullName":"AWS-ACC-02 他所のものは見えない／自分のものは見える 他所のものは断られる","status":"passed","title":"他所のものは断られる","duration":0.12349999999992178,"failureMessages":[],"meta":{},"tags":[]},{"ancestorTitles":["AWS-ACC-02 他所のものは見えない／自分のものは見える"],"fullName":"AWS-ACC-02 他所のものは見えない／自分のものは見える 他所の ID と、そもそも無い ID が、応答も本文も区別できない","status":"passed","title":"他所の ID と、そもそも無い ID が、応答も本文も区別できない","duration":41.09529199999997,"failureMessages":[],"meta":{},"tags":[]},{"ancestorTitles":["AWS-ACC-04 権限の無い役は公開できない／許された操作はできる"],"fullName":"AWS-ACC-04 権限の無い役は公開できない／許された操作はできる 分析だけの役は公開を断られる","status":"passed","title":"分析だけの役は公開を断られる","duration":0.17762500000003456,"failureMessages":[],"meta":{},"tags":[]},{"ancestorTitles":["AWS-ACC-04 権限の無い役は公開できない／許された操作はできる"],"fullName":"AWS-ACC-04 権限の無い役は公開できない／許された操作はできる 同じ役でも、許された操作は通る（全部 403 に倒していないこと）","status":"passed","title":"同じ役でも、許された操作は通る（全部 403 に倒していないこと）","duration":0.07091700000000856,"failureMessages":[],"meta":{},"tags":[]},{"ancestorTitles":["AWS-ACC-04 権限の無い役は公開できない／許された操作はできる"],"fullName":"AWS-ACC-04 権限の無い役は公開できない／許された操作はできる 断られた本人が次に何をすればよいか分かる","status":"passed","title":"断られた本人が次に何をすればよいか分かる","duration":0.7328330000000278,"failureMessages":[],"meta":{},"tags":[]}],"startTime":1787542237061,"endTime":1787542237105.733,"status":"passed","message":"","name":"/Users/dm/orca/workspaces/affiliate-hub/task20-2/tests/acceptance/feat-auth-workspace/access-boundary.test.ts"},{"assertionResults":[{"ancestorTitles":["ブランドの標準値を生成の既定値に写す"],"fullName":"ブランドの標準値を生成の既定値に写す 標準 CTA がそのまま呼びかけ文になる","status":"passed","title":"標準 CTA がそのまま呼びかけ文になる","duration":1.7486250000001746,"failureMessages":[],"meta":{},"tags":[]},{"ancestorTitles":["ブランドの標準値を生成の既定値に写す"],"fullName":"ブランドの標準値を生成の既定値に写す 標準免責がそのまま広告表記になる","status":"passed","title":"標準免責がそのまま広告表記になる","duration":0.12020799999982046,"failureMessages":[],"meta":{},"tags":[]},{"ancestorTitles":["ブランドの標準値を生成の既定値に写す"],"fullName":"ブランドの標準値を生成の既定値に写す ブランドを切り替えると渡る値も切り替わる","status":"passed","title":"ブランドを切り替えると渡る値も切り替わる","duration":0.5022500000000036,"failureMessages":[],"meta":{},"tags":[]},{"ancestorTitles":["ブランドの標準値を生成の既定値に写す"],"fullName":"ブランドの標準値を生成の既定値に写す 免責が未設定なら埋めない（空のまま生成へ進めない）","status":"passed","title":"免責が未設定なら埋めない（空のまま生成へ進めない）","duration":0.7192500000001019,"failureMessages":[],"meta":{},"tags":[]},{"ancestorTitles":["呼び出し側が明示しなくても入る／明示したら勝つ"],"fullName":"呼び出し側が明示しなくても入る／明示したら勝つ 何も渡さなくても呼びかけと広告表記が埋まる","status":"passed","title":"何も渡さなくても呼びかけと広告表記が埋まる","duration":0.1119170000001759,"failureMessages":[],"meta":{},"tags":[]},{"ancestorTitles":["呼び出し側が明示しなくても入る／明示したら勝つ"],"fullName":"呼び出し側が明示しなくても入る／明示したら勝つ 明示した値はブランドの標準値より優先される","status":"passed","title":"明示した値はブランドの標準値より優先される","duration":0.22691699999995762,"failureMessages":[],"meta":{},"tags":[]},{"ancestorTitles":["呼び出し側が明示しなくても入る／明示したら勝つ"],"fullName":"呼び出し側が明示しなくても入る／明示したら勝つ ブランドが無いときは何も足さない","status":"passed","title":"ブランドが無いときは何も足さない","duration":0.14474999999993088,"failureMessages":[],"meta":{},"tags":[]},{"ancestorTitles":["生成ユースケースまで届いているか"],"fullName":"生成ユースケースまで届いているか ブランドを渡さなければ、免責が無いまま止まる","status":"passed","title":"ブランドを渡さなければ、免責が無いまま止まる","duration":0.5712499999999636,"failureMessages":[],"meta":{},"tags":[]},{"ancestorTitles":["生成ユースケースまで届いているか"],"fullName":"生成ユースケースまで届いているか ブランドを渡すと、設定した免責と呼びかけがそのまま指示文へ載る","status":"passed","title":"ブランドを渡すと、設定した免責と呼びかけがそのまま指示文へ載る","duration":0.6911250000000564,"failureMessages":[],"meta":{},"tags":[]},{"ancestorTitles":["生成ユースケースまで届いているか"],"fullName":"生成ユースケースまで届いているか 指したブランドが無ければ、埋まらないまま止まる","status":"passed","title":"指したブランドが無ければ、埋まらないまま止まる","duration":0.11375000000020918,"failureMessages":[],"meta":{},"tags":[]}],"startTime":1787542237513,"endTime":1787542237518.6912,"status":"passed","message":"","name":"/Users/dm/orca/workspaces/affiliate-hub/task20-2/tests/acceptance/feat-auth-workspace/brand-defaults.test.ts"},{"assertionResults":[{"ancestorTitles":["エラーの種類ごとの番号（判定表）"],"fullName":"エラーの種類ごとの番号（判定表） 種類が 1 つも落ちていない（実装の表をそのまま回す）","status":"passed","title":"種類が 1 つも落ちていない（実装の表をそのまま回す）","duration":2.1736249999999018,"failureMessages":[],"meta":{},"tags":[]},{"ancestorTitles":["エラーの種類ごとの番号（判定表）"],"fullName":"エラーの種類ごとの番号（判定表） VALIDATION_FAILED → 400","status":"passed","title":"VALIDATION_FAILED → 400","duration":0.3067919999998594,"failureMessages":[],"meta":{},"tags":[]},{"ancestorTitles":["エラーの種類ごとの番号（判定表）"],"fullName":"エラーの種類ごとの番号（判定表） NOT_FOUND → 404","status":"passed","title":"NOT_FOUND → 404","duration":0.0959579999998823,"failureMessages":[],"meta":{},"tags":[]},{"ancestorTitles":["エラーの種類ごとの番号（判定表）"],"fullName":"エラーの種類ごとの番号（判定表） CONFLICT → 409","status":"passed","title":"CONFLICT → 409","duration":0.17862500000001091,"failureMessages":[],"meta":{},"tags":[]},{"ancestorTitles":["エラーの種類ごとの番号（判定表）"],"fullName":"エラーの種類ごとの番号（判定表） TENANT_MISMATCH → 404","status":"passed","title":"TENANT_MISMATCH → 404","duration":0.07491700000036872,"failureMessages":[],"meta":{},"tags":[]},{"ancestorTitles":["エラーの種類ごとの番号（判定表）"],"fullName":"エラーの種類ごとの番号（判定表） FORBIDDEN → 403","status":"passed","title":"FORBIDDEN → 403","duration":0.06925000000001091,"failureMessages":[],"meta":{},"tags":[]},{"ancestorTitles":["エラーの種類ごとの番号（判定表）"],"fullName":"エラーの種類ごとの番号（判定表） UNAUTHENTICATED → 401","status":"passed","title":"UNAUTHENTICATED → 401","duration":0.07049999999981083,"failureMessages":[],"meta":{},"tags":[]},{"ancestorTitles":["エラーの種類ごとの番号（判定表）"],"fullName":"エラーの種類ごとの番号（判定表） INVARIANT_VIOLATED → 422","status":"passed","title":"INVARIANT_VIOLATED → 422","duration":0.23958300000003874,"failureMessages":[],"meta":{},"tags":[]},{"ancestorTitles":["エラーの種類ごとの番号（判定表）"],"fullName":"エラーの種類ごとの番号（判定表） COMMERCIAL_INPUT_REJECTED → 422","status":"passed","title":"COMMERCIAL_INPUT_REJECTED → 422","duration":0.07412500000009459,"failureMessages":[],"meta":{},"tags":[]},{"ancestorTitles":["エラーの種類ごとの番号（判定表）"],"fullName":"エラーの種類ごとの番号（判定表） PUBLISH_GATE_FAILED → 422","status":"passed","title":"PUBLISH_GATE_FAILED → 422","duration":0.06987500000013824,"failureMessages":[],"meta":{},"tags":[]},{"ancestorTitles":["エラーの種類ごとの番号（判定表）"],"fullName":"エラーの種類ごとの番号（判定表） EVIDENCE_REQUIRED → 422","status":"passed","title":"EVIDENCE_REQUIRED → 422","duration":0.06495799999993324,"failureMessages":[],"meta":{},"tags":[]},{"ancestorTitles":["エラーの種類ごとの番号（判定表）"],"fullName":"エラーの種類ごとの番号（判定表） FACT_BOUNDARY_VIOLATED → 422","status":"passed","title":"FACT_BOUNDARY_VIOLATED → 422","duration":0.06883400000015172,"failureMessages":[],"meta":{},"tags":[]},{"ancestorTitles":["エラーの種類ごとの番号（判定表）"],"fullName":"エラーの種類ごとの番号（判定表） UPSTREAM_UNAVAILABLE → 502","status":"passed","title":"UPSTREAM_UNAVAILABLE → 502","duration":0.0632500000001528,"failureMessages":[],"meta":{},"tags":[]},{"ancestorTitles":["エラーの種類ごとの番号（判定表）"],"fullName":"エラーの種類ごとの番号（判定表） RATE_LIMITED → 429","status":"passed","title":"RATE_LIMITED → 429","duration":0.06495800000038798,"failureMessages":[],"meta":{},"tags":[]},{"ancestorTitles":["エラーの種類ごとの番号（判定表）"],"fullName":"エラーの種類ごとの番号（判定表） NOT_SUPPORTED → 501","status":"passed","title":"NOT_SUPPORTED → 501","duration":0.06475000000000364,"failureMessages":[],"meta":{},"tags":[]},{"ancestorTitles":["エラーの種類ごとの番号（判定表）"],"fullName":"エラーの種類ごとの番号（判定表） NOT_IMPLEMENTED → 501","status":"passed","title":"NOT_IMPLEMENTED → 501","duration":0.06908400000020265,"failureMessages":[],"meta":{},"tags":[]},{"ancestorTitles":["エラーの種類ごとの番号（判定表）"],"fullName":"エラーの種類ごとの番号（判定表） 他の作業場所のものは「見つかりません」と同じ番号にする","status":"passed","title":"他の作業場所のものは「見つかりません」と同じ番号にする","duration":0.14279100000021572,"failureMessages":[],"meta":{},"tags":[]},{"ancestorTitles":["エラーの種類ごとの番号（判定表）"],"fullName":"エラーの種類ごとの番号（判定表） 他所のものと、そもそも無いものは、REST の本文まで同一","status":"passed","title":"他所のものと、そもそも無いものは、REST の本文まで同一","duration":24.006417000000056,"failureMessages":[],"meta":{},"tags":[]},{"ancestorTitles":["エラーの種類ごとの番号（判定表）"],"fullName":"エラーの種類ごとの番号（判定表） MCP の文面でも同一","status":"passed","title":"MCP の文面でも同一","duration":0.21645800000032978,"failureMessages":[],"meta":{},"tags":[]},{"ancestorTitles":["どの種類でも、返す形は 1 つ"],"fullName":"どの種類でも、返す形は 1 つ VALIDATION_FAILED: REST の本文の形が同じ","status":"passed","title":"VALIDATION_FAILED: REST の本文の形が同じ","duration":0.8795000000000073,"failureMessages":[],"meta":{},"tags":[]},{"ancestorTitles":["どの種類でも、返す形は 1 つ"],"fullName":"どの種類でも、返す形は 1 つ NOT_FOUND: REST の本文の形が同じ","status":"passed","title":"NOT_FOUND: REST の本文の形が同じ","duration":0.21041699999977936,"failureMessages":[],"meta":{},"tags":[]},{"ancestorTitles":["どの種類でも、返す形は 1 つ"],"fullName":"どの種類でも、返す形は 1 つ CONFLICT: REST の本文の形が同じ","status":"passed","title":"CONFLICT: REST の本文の形が同じ","duration":0.150749999999789,"failureMessages":[],"meta":{},"tags":[]},{"ancestorTitles":["どの種類でも、返す形は 1 つ"],"fullName":"どの種類でも、返す形は 1 つ TENANT_MISMATCH: REST の本文の形が同じ","status":"passed","title":"TENANT_MISMATCH: REST の本文の形が同じ","duration":0.32333299999982046,"failureMessages":[],"meta":{},"tags":[]},{"ancestorTitles":["どの種類でも、返す形は 1 つ"],"fullName":"どの種類でも、返す形は 1 つ FORBIDDEN: REST の本文の形が同じ","status":"passed","title":"FORBIDDEN: REST の本文の形が同じ","duration":0.6201249999999163,"failureMessages":[],"meta":{},"tags":[]},{"ancestorTitles":["どの種類でも、返す形は 1 つ"],"fullName":"どの種類でも、返す形は 1 つ UNAUTHENTICATED: REST の本文の形が同じ","status":"passed","title":"UNAUTHENTICATED: REST の本文の形が同じ","duration":0.18720799999982773,"failureMessages":[],"meta":{},"tags":[]},{"ancestorTitles":["どの種類でも、返す形は 1 つ"],"fullName":"どの種類でも、返す形は 1 つ INVARIANT_VIOLATED: REST の本文の形が同じ","status":"passed","title":"INVARIANT_VIOLATED: REST の本文の形が同じ","duration":0.4627500000001419,"failureMessages":[],"meta":{},"tags":[]},{"ancestorTitles":["どの種類でも、返す形は 1 つ"],"fullName":"どの種類でも、返す形は 1 つ COMMERCIAL_INPUT_REJECTED: REST の本文の形が同じ","status":"passed","title":"COMMERCIAL_INPUT_REJECTED: REST の本文の形が同じ","duration":0.17125000000032742,"failureMessages":[],"meta":{},"tags":[]},{"ancestorTitles":["どの種類でも、返す形は 1 つ"],"fullName":"どの種類でも、返す形は 1 つ PUBLISH_GATE_FAILED: REST の本文の形が同じ","status":"passed","title":"PUBLISH_GATE_FAILED: REST の本文の形が同じ","duration":0.15441699999973935,"failureMessages":[],"meta":{},"tags":[]},{"ancestorTitles":["どの種類でも、返す形は 1 つ"],"fullName":"どの種類でも、返す形は 1 つ EVIDENCE_REQUIRED: REST の本文の形が同じ","status":"passed","title":"EVIDENCE_REQUIRED: REST の本文の形が同じ","duration":0.13999999999987267,"failureMessages":[],"meta":{},"tags":[]},{"ancestorTitles":["どの種類でも、返す形は 1 つ"],"fullName":"どの種類でも、返す形は 1 つ FACT_BOUNDARY_VIOLATED: REST の本文の形が同じ","status":"passed","title":"FACT_BOUNDARY_VIOLATED: REST の本文の形が同じ","duration":0.13016700000025594,"failureMessages":[],"meta":{},"tags":[]},{"ancestorTitles":["どの種類でも、返す形は 1 つ"],"fullName":"どの種類でも、返す形は 1 つ UPSTREAM_UNAVAILABLE: REST の本文の形が同じ","status":"passed","title":"UPSTREAM_UNAVAILABLE: REST の本文の形が同じ","duration":0.18558400000028996,"failureMessages":[],"meta":{},"tags":[]},{"ancestorTitles":["どの種類でも、返す形は 1 つ"],"fullName":"どの種類でも、返す形は 1 つ RATE_LIMITED: REST の本文の形が同じ","status":"passed","title":"RATE_LIMITED: REST の本文の形が同じ","duration":0.19337499999983265,"failureMessages":[],"meta":{},"tags":[]},{"ancestorTitles":["どの種類でも、返す形は 1 つ"],"fullName":"どの種類でも、返す形は 1 つ NOT_SUPPORTED: REST の本文の形が同じ","status":"passed","title":"NOT_SUPPORTED: REST の本文の形が同じ","duration":0.12345800000002782,"failureMessages":[],"meta":{},"tags":[]},{"ancestorTitles":["どの種類でも、返す形は 1 つ"],"fullName":"どの種類でも、返す形は 1 つ NOT_IMPLEMENTED: REST の本文の形が同じ","status":"passed","title":"NOT_IMPLEMENTED: REST の本文の形が同じ","duration":0.1218749999998181,"failureMessages":[],"meta":{},"tags":[]},{"ancestorTitles":["どの種類でも、返す形は 1 つ"],"fullName":"どの種類でも、返す形は 1 つ VALIDATION_FAILED: MCP の文面に種類と番号が入る","status":"passed","title":"VALIDATION_FAILED: MCP の文面に種類と番号が入る","duration":0.23662500000000364,"failureMessages":[],"meta":{},"tags":[]},{"ancestorTitles":["どの種類でも、返す形は 1 つ"],"fullName":"どの種類でも、返す形は 1 つ NOT_FOUND: MCP の文面に種類と番号が入る","status":"passed","title":"NOT_FOUND: MCP の文面に種類と番号が入る","duration":0.08649999999988722,"failureMessages":[],"meta":{},"tags":[]},{"ancestorTitles":["どの種類でも、返す形は 1 つ"],"fullName":"どの種類でも、返す形は 1 つ CONFLICT: MCP の文面に種類と番号が入る","status":"passed","title":"CONFLICT: MCP の文面に種類と番号が入る","duration":0.07799999999997453,"failureMessages":[],"meta":{},"tags":[]},{"ancestorTitles":["どの種類でも、返す形は 1 つ"],"fullName":"どの種類でも、返す形は 1 つ TENANT_MISMATCH: MCP の文面に種類と番号が入る","status":"passed","title":"TENANT_MISMATCH: MCP の文面に種類と番号が入る","duration":0.07375000000001819,"failureMessages":[],"meta":{},"tags":[]},{"ancestorTitles":["どの種類でも、返す形は 1 つ"],"fullName":"どの種類でも、返す形は 1 つ FORBIDDEN: MCP の文面に種類と番号が入る","status":"passed","title":"FORBIDDEN: MCP の文面に種類と番号が入る","duration":0.07483300000012605,"failureMessages":[],"meta":{},"tags":[]},{"ancestorTitles":["どの種類でも、返す形は 1 つ"],"fullName":"どの種類でも、返す形は 1 つ UNAUTHENTICATED: MCP の文面に種類と番号が入る","status":"passed","title":"UNAUTHENTICATED: MCP の文面に種類と番号が入る","duration":0.07437500000014552,"failureMessages":[],"meta":{},"tags":[]},{"ancestorTitles":["どの種類でも、返す形は 1 つ"],"fullName":"どの種類でも、返す形は 1 つ INVARIANT_VIOLATED: MCP の文面に種類と番号が入る","status":"passed","title":"INVARIANT_VIOLATED: MCP の文面に種類と番号が入る","duration":0.08729099999982282,"failureMessages":[],"meta":{},"tags":[]},{"ancestorTitles":["どの種類でも、返す形は 1 つ"],"fullName":"どの種類でも、返す形は 1 つ COMMERCIAL_INPUT_REJECTED: MCP の文面に種類と番号が入る","status":"passed","title":"COMMERCIAL_INPUT_REJECTED: MCP の文面に種類と番号が入る","duration":0.07445800000004965,"failureMessages":[],"meta":{},"tags":[]},{"ancestorTitles":["どの種類でも、返す形は 1 つ"],"fullName":"どの種類でも、返す形は 1 つ PUBLISH_GATE_FAILED: MCP の文面に種類と番号が入る","status":"passed","title":"PUBLISH_GATE_FAILED: MCP の文面に種類と番号が入る","duration":0.07104200000003402,"failureMessages":[],"meta":{},"tags":[]},{"ancestorTitles":["どの種類でも、返す形は 1 つ"],"fullName":"どの種類でも、返す形は 1 つ EVIDENCE_REQUIRED: MCP の文面に種類と番号が入る","status":"passed","title":"EVIDENCE_REQUIRED: MCP の文面に種類と番号が入る","duration":0.07312500000034561,"failureMessages":[],"meta":{},"tags":[]},{"ancestorTitles":["どの種類でも、返す形は 1 つ"],"fullName":"どの種類でも、返す形は 1 つ FACT_BOUNDARY_VIOLATED: MCP の文面に種類と番号が入る","status":"passed","title":"FACT_BOUNDARY_VIOLATED: MCP の文面に種類と番号が入る","duration":0.07087499999988722,"failureMessages":[],"meta":{},"tags":[]},{"ancestorTitles":["どの種類でも、返す形は 1 つ"],"fullName":"どの種類でも、返す形は 1 つ UPSTREAM_UNAVAILABLE: MCP の文面に種類と番号が入る","status":"passed","title":"UPSTREAM_UNAVAILABLE: MCP の文面に種類と番号が入る","duration":0.07658300000002782,"failureMessages":[],"meta":{},"tags":[]},{"ancestorTitles":["どの種類でも、返す形は 1 つ"],"fullName":"どの種類でも、返す形は 1 つ RATE_LIMITED: MCP の文面に種類と番号が入る","status":"passed","title":"RATE_LIMITED: MCP の文面に種類と番号が入る","duration":0.0957499999999527,"failureMessages":[],"meta":{},"tags":[]},{"ancestorTitles":["どの種類でも、返す形は 1 つ"],"fullName":"どの種類でも、返す形は 1 つ NOT_SUPPORTED: MCP の文面に種類と番号が入る","status":"passed","title":"NOT_SUPPORTED: MCP の文面に種類と番号が入る","duration":0.07712499999979627,"failureMessages":[],"meta":{},"tags":[]},{"ancestorTitles":["どの種類でも、返す形は 1 つ"],"fullName":"どの種類でも、返す形は 1 つ NOT_IMPLEMENTED: MCP の文面に種類と番号が入る","status":"passed","title":"NOT_IMPLEMENTED: MCP の文面に種類と番号が入る","duration":0.07633399999986068,"failureMessages":[],"meta":{},"tags":[]},{"ancestorTitles":["もう一度試せるかどうかで、返し方が変わる"],"fullName":"もう一度試せるかどうかで、返し方が変わる 試せるものには、待つ時間を添える","status":"passed","title":"試せるものには、待つ時間を添える","duration":0.44470799999999144,"failureMessages":[],"meta":{},"tags":[]},{"ancestorTitles":["もう一度試せるかどうかで、返し方が変わる"],"fullName":"もう一度試せるかどうかで、返し方が変わる 試せないものには添えない（無駄に待たせない）","status":"passed","title":"試せないものには添えない（無駄に待たせない）","duration":0.11187499999959982,"failureMessages":[],"meta":{},"tags":[]},{"ancestorTitles":["もう一度試せるかどうかで、返し方が変わる"],"fullName":"もう一度試せるかどうかで、返し方が変わる 試せるものは、MCP の文面でもそう言う","status":"passed","title":"試せるものは、MCP の文面でもそう言う","duration":0.08912499999996726,"failureMessages":[],"meta":{},"tags":[]}],"startTime":1787542239676,"endTime":1787542239710.4448,"status":"passed","message":"","name":"/Users/dm/orca/workspaces/affiliate-hub/task20-2/tests/presentation/error-format.test.ts"}],"coverageMap":{"/Users/dm/orca/workspaces/affiliate-hub/task20-2/src/domain/identity/brand.ts":{"path":"/Users/dm/orca/workspaces/affiliate-hub/task20-2/src/domain/identity/brand.ts","statementMap":{"0":{"start":{"line":58,"column":30},"end":{"line":58,"column":null}},"1":{"start":{"line":59,"column":33},"end":{"line":59,"column":null}},"2":{"start":{"line":60,"column":27},"end":{"line":60,"column":null}},"3":{"start":{"line":73,"column":47},"end":{"line":78,"column":null}},"4":{"start":{"line":94,"column":2},"end":{"line":96,"column":null}},"5":{"start":{"line":95,"column":4},"end":{"line":95,"column":null}},"6":{"start":{"line":97,"column":2},"end":{"line":104,"column":null}},"7":{"start":{"line":98,"column":4},"end":{"line":103,"column":null}},"8":{"start":{"line":105,"column":2},"end":{"line":118,"column":null}},"9":{"start":{"line":128,"column":28},"end":{"line":128,"column":null}},"10":{"start":{"line":129,"column":2},"end":{"line":129,"column":null}},"11":{"start":{"line":129,"column":24},"end":{"line":129,"column":null}},"12":{"start":{"line":130,"column":2},"end":{"line":130,"column":null}},"13":{"start":{"line":130,"column":27},"end":{"line":130,"column":null}},"14":{"start":{"line":131,"column":2},"end":{"line":131,"column":null}},"15":{"start":{"line":156,"column":2},"end":{"line":159,"column":null}},"16":{"start":{"line":194,"column":2},"end":{"line":194,"column":null}},"17":{"start":{"line":194,"column":22},"end":{"line":194,"column":null}},"18":{"start":{"line":195,"column":12},"end":{"line":195,"column":null}},"19":{"start":{"line":196,"column":2},"end":{"line":200,"column":null}}},"fnMap":{"0":{"name":"createBrand","decl":{"start":{"line":80,"column":16},"end":{"line":80,"column":28}},"loc":{"start":{"line":93,"column":31},"end":{"line":119,"column":null}},"line":93},"1":{"name":"missingPublishReadiness","decl":{"start":{"line":127,"column":16},"end":{"line":127,"column":40}},"loc":{"start":{"line":127,"column":73},"end":{"line":132,"column":null}},"line":127},"2":{"name":"brandGenerationDefaults","decl":{"start":{"line":155,"column":16},"end":{"line":155,"column":40}},"loc":{"start":{"line":155,"column":79},"end":{"line":160,"column":null}},"line":155},"3":{"name":"withBrandDefaults","decl":{"start":{"line":190,"column":16},"end":{"line":190,"column":null}},"loc":{"start":{"line":193,"column":24},"end":{"line":201,"column":null}},"line":193}},"branchMap":{"0":{"loc":{"start":{"line":94,"column":2},"end":{"line":96,"column":null}},"type":"if","locations":[{"start":{"line":94,"column":2},"end":{"line":96,"column":null}},{"start":{},"end":{}}],"line":94},"1":{"loc":{"start":{"line":97,"column":2},"end":{"line":104,"column":null}},"type":"if","locations":[{"start":{"line":97,"column":2},"end":{"line":104,"column":null}},{"start":{},"end":{}}],"line":97},"2":{"loc":{"start":{"line":109,"column":15},"end":{"line":109,"column":null}},"type":"binary-expr","locations":[{"start":{"line":109,"column":15},"end":{"line":109,"column":34}},{"start":{"line":109,"column":34},"end":{"line":109,"column":null}}],"line":109},"3":{"loc":{"start":{"line":110,"column":18},"end":{"line":110,"column":null}},"type":"binary-expr","locations":[{"start":{"line":110,"column":18},"end":{"line":110,"column":40}},{"start":{"line":110,"column":40},"end":{"line":110,"column":null}}],"line":110},"4":{"loc":{"start":{"line":112,"column":11},"end":{"line":112,"column":null}},"type":"binary-expr","locations":[{"start":{"line":112,"column":11},"end":{"line":112,"column":26}},{"start":{"line":112,"column":26},"end":{"line":112,"column":null}}],"line":112},"5":{"loc":{"start":{"line":113,"column":16},"end":{"line":113,"column":null}},"type":"binary-expr","locations":[{"start":{"line":113,"column":16},"end":{"line":113,"column":36}},{"start":{"line":113,"column":36},"end":{"line":113,"column":null}}],"line":113},"6":{"loc":{"start":{"line":114,"column":12},"end":{"line":114,"column":null}},"type":"binary-expr","locations":[{"start":{"line":114,"column":12},"end":{"line":114,"column":36}},{"start":{"line":114,"column":36},"end":{"line":114,"column":null}}],"line":114},"7":{"loc":{"start":{"line":115,"column":14},"end":{"line":115,"column":null}},"type":"binary-expr","locations":[{"start":{"line":115,"column":14},"end":{"line":115,"column":40}},{"start":{"line":115,"column":40},"end":{"line":115,"column":null}}],"line":115},"8":{"loc":{"start":{"line":116,"column":16},"end":{"line":116,"column":null}},"type":"binary-expr","locations":[{"start":{"line":116,"column":16},"end":{"line":116,"column":44}},{"start":{"line":116,"column":44},"end":{"line":116,"column":null}}],"line":116},"9":{"loc":{"start":{"line":129,"column":2},"end":{"line":129,"column":null}},"type":"if","locations":[{"start":{"line":129,"column":2},"end":{"line":129,"column":null}},{"start":{},"end":{}}],"line":129},"10":{"loc":{"start":{"line":130,"column":2},"end":{"line":130,"column":null}},"type":"if","locations":[{"start":{"line":130,"column":2},"end":{"line":130,"column":null}},{"start":{},"end":{}}],"line":130},"11":{"loc":{"start":{"line":194,"column":2},"end":{"line":194,"column":null}},"type":"if","locations":[{"start":{"line":194,"column":2},"end":{"line":194,"column":null}},{"start":{},"end":{}}],"line":194},"12":{"loc":{"start":{"line":198,"column":9},"end":{"line":198,"column":null}},"type":"binary-expr","locations":[{"start":{"line":198,"column":9},"end":{"line":198,"column":25}},{"start":{"line":198,"column":25},"end":{"line":198,"column":null}}],"line":198},"13":{"loc":{"start":{"line":199,"column":16},"end":{"line":199,"column":null}},"type":"binary-expr","locations":[{"start":{"line":199,"column":16},"end":{"line":199,"column":39}},{"start":{"line":199,"column":39},"end":{"line":199,"column":55}},{"start":{"line":199,"column":55},"end":{"line":199,"column":null}}],"line":199}},"s":{"0":4,"1":4,"2":4,"3":4,"4":10,"5":0,"6":10,"7":0,"8":10,"9":0,"10":0,"11":0,"12":0,"13":0,"14":0,"15":9,"16":6,"17":2,"18":4,"19":4},"f":{"0":10,"1":0,"2":9,"3":6},"b":{"0":[0,10],"1":[0,10],"2":[10,10],"3":[10,10],"4":[10,10],"5":[10,10],"6":[10,10],"7":[10,10],"8":[10,10],"9":[0,0],"10":[0,0],"11":[2,4],"12":[4,3],"13":[6,4,2]},"meta":{"lastBranch":14,"lastFunction":4,"lastStatement":20,"seen":{"s:58:30:58:Infinity":0,"s:59:33:59:Infinity":1,"s:60:27:60:Infinity":2,"s:73:47:78:Infinity":3,"f:80:16:80:28":0,"b:94:2:96:Infinity:undefined:undefined:undefined:undefined":0,"s:94:2:96:Infinity":4,"s:95:4:95:Infinity":5,"b:97:2:104:Infinity:undefined:undefined:undefined:undefined":1,"s:97:2:104:Infinity":6,"s:98:4:103:Infinity":7,"s:105:2:118:Infinity":8,"b:109:15:109:34:109:34:109:Infinity":2,"b:110:18:110:40:110:40:110:Infinity":3,"b:112:11:112:26:112:26:112:Infinity":4,"b:113:16:113:36:113:36:113:Infinity":5,"b:114:12:114:36:114:36:114:Infinity":6,"b:115:14:115:40:115:40:115:Infinity":7,"b:116:16:116:44:116:44:116:Infinity":8,"f:127:16:127:40":1,"s:128:28:128:Infinity":9,"b:129:2:129:Infinity:undefined:undefined:undefined:undefined":9,"s:129:2:129:Infinity":10,"s:129:24:129:Infinity":11,"b:130:2:130:Infinity:undefined:undefined:undefined:undefined":10,"s:130:2:130:Infinity":12,"s:130:27:130:Infinity":13,"s:131:2:131:Infinity":14,"f:155:16:155:40":2,"s:156:2:159:Infinity":15,"f:190:16:190:Infinity":3,"b:194:2:194:Infinity:undefined:undefined:undefined:undefined":11,"s:194:2:194:Infinity":16,"s:194:22:194:Infinity":17,"s:195:12:195:Infinity":18,"s:196:2:200:Infinity":19,"b:198:9:198:25:198:25:198:Infinity":12,"b:199:16:199:39:199:39:199:55:199:55:199:Infinity":13},"fnNames":{}}},"/Users/dm/orca/workspaces/affiliate-hub/task20-2/src/domain/shared/tenancy.ts":{"path":"/Users/dm/orca/workspaces/affiliate-hub/task20-2/src/domain/shared/tenancy.ts","statementMap":{"0":{"start":{"line":104,"column":2},"end":{"line":111,"column":null}},"1":{"start":{"line":106,"column":4},"end":{"line":110,"column":null}},"2":{"start":{"line":112,"column":2},"end":{"line":112,"column":null}},"3":{"start":{"line":116,"column":2},"end":{"line":116,"column":null}},"4":{"start":{"line":116,"column":33},"end":{"line":116,"column":50}},"5":{"start":{"line":124,"column":2},"end":{"line":124,"column":null}},"6":{"start":{"line":124,"column":59},"end":{"line":124,"column":null}},"7":{"start":{"line":125,"column":2},"end":{"line":129,"column":null}}},"fnMap":{"0":{"name":"assertSameTenant","decl":{"start":{"line":99,"column":16},"end":{"line":99,"column":null}},"loc":{"start":{"line":103,"column":26},"end":{"line":113,"column":null}},"line":103},"1":{"name":"hasRole","decl":{"start":{"line":115,"column":16},"end":{"line":115,"column":24}},"loc":{"start":{"line":115,"column":81},"end":{"line":117,"column":null}},"line":115},"2":{"name":"(anonymous_2)","decl":{"start":{"line":116,"column":21},"end":{"line":116,"column":27}},"loc":{"start":{"line":116,"column":33},"end":{"line":116,"column":50}},"line":116},"3":{"name":"requireRole","decl":{"start":{"line":119,"column":16},"end":{"line":119,"column":null}},"loc":{"start":{"line":123,"column":29},"end":{"line":130,"column":null}},"line":123}},"branchMap":{"0":{"loc":{"start":{"line":104,"column":2},"end":{"line":111,"column":null}},"type":"if","locations":[{"start":{"line":104,"column":2},"end":{"line":111,"column":null}},{"start":{},"end":{}}],"line":104},"1":{"loc":{"start":{"line":124,"column":2},"end":{"line":124,"column":null}},"type":"if","locations":[{"start":{"line":124,"column":2},"end":{"line":124,"column":null}},{"start":{},"end":{}}],"line":124},"2":{"loc":{"start":{"line":124,"column":6},"end":{"line":124,"column":59}},"type":"binary-expr","locations":[{"start":{"line":124,"column":6},"end":{"line":124,"column":33}},{"start":{"line":124,"column":33},"end":{"line":124,"column":59}}],"line":124}},"s":{"0":3,"1":2,"2":1,"3":0,"4":0,"5":0,"6":0,"7":0},"f":{"0":3,"1":0,"2":0,"3":0},"b":{"0":[2,1],"1":[0,0],"2":[0,0]},"meta":{"lastBranch":3,"lastFunction":4,"lastStatement":8,"seen":{"f:99:16:99:Infinity":0,"b:104:2:111:Infinity:undefined:undefined:undefined:undefined":0,"s:104:2:111:Infinity":0,"s:106:4:110:Infinity":1,"s:112:2:112:Infinity":2,"f:115:16:115:24":1,"s:116:2:116:Infinity":3,"f:116:21:116:27":2,"s:116:33:116:50":4,"f:119:16:119:Infinity":3,"b:124:2:124:Infinity:undefined:undefined:undefined:undefined":1,"s:124:2:124:Infinity":5,"b:124:6:124:33:124:33:124:59":2,"s:124:59:124:Infinity":6,"s:125:2:129:Infinity":7},"fnNames":{}}},"/Users/dm/orca/workspaces/affiliate-hub/task20-2/src/infrastructure/identity/entry-gate.ts":{"path":"/Users/dm/orca/workspaces/affiliate-hub/task20-2/src/infrastructure/identity/entry-gate.ts","statementMap":{"0":{"start":{"line":47,"column":2},"end":{"line":47,"column":null}},"1":{"start":{"line":61,"column":2},"end":{"line":63,"column":null}},"2":{"start":{"line":62,"column":4},"end":{"line":62,"column":null}},"3":{"start":{"line":64,"column":2},"end":{"line":64,"column":null}},"4":{"start":{"line":64,"column":25},"end":{"line":64,"column":null}},"5":{"start":{"line":66,"column":16},"end":{"line":66,"column":null}},"6":{"start":{"line":67,"column":2},"end":{"line":67,"column":null}},"7":{"start":{"line":67,"column":17},"end":{"line":67,"column":null}},"8":{"start":{"line":68,"column":2},"end":{"line":68,"column":null}},"9":{"start":{"line":68,"column":28},"end":{"line":68,"column":null}},"10":{"start":{"line":69,"column":2},"end":{"line":69,"column":null}}},"fnMap":{"0":{"name":"isGuardedPath","decl":{"start":{"line":46,"column":16},"end":{"line":46,"column":30}},"loc":{"start":{"line":46,"column":57},"end":{"line":48,"column":null}},"line":46},"1":{"name":"decideEntry","decl":{"start":{"line":56,"column":22},"end":{"line":56,"column":null}},"loc":{"start":{"line":60,"column":26},"end":{"line":70,"column":null}},"line":60}},"branchMap":{"0":{"loc":{"start":{"line":47,"column":9},"end":{"line":47,"column":null}},"type":"binary-expr","locations":[{"start":{"line":47,"column":9},"end":{"line":47,"column":34}},{"start":{"line":47,"column":34},"end":{"line":47,"column":null}}],"line":47},"1":{"loc":{"start":{"line":61,"column":2},"end":{"line":63,"column":null}},"type":"if","locations":[{"start":{"line":61,"column":2},"end":{"line":63,"column":null}},{"start":{},"end":{}}],"line":61},"2":{"loc":{"start":{"line":61,"column":6},"end":{"line":61,"column":67}},"type":"binary-expr","locations":[{"start":{"line":61,"column":6},"end":{"line":61,"column":24}},{"start":{"line":61,"column":24},"end":{"line":61,"column":47}},{"start":{"line":61,"column":47},"end":{"line":61,"column":67}}],"line":61},"3":{"loc":{"start":{"line":64,"column":2},"end":{"line":64,"column":null}},"type":"if","locations":[{"start":{"line":64,"column":2},"end":{"line":64,"column":null}},{"start":{},"end":{}}],"line":64},"4":{"loc":{"start":{"line":67,"column":2},"end":{"line":67,"column":null}},"type":"if","locations":[{"start":{"line":67,"column":2},"end":{"line":67,"column":null}},{"start":{},"end":{}}],"line":67},"5":{"loc":{"start":{"line":68,"column":2},"end":{"line":68,"column":null}},"type":"if","locations":[{"start":{"line":68,"column":2},"end":{"line":68,"column":null}},{"start":{},"end":{}}],"line":68}},"s":{"0":12,"1":12,"2":5,"3":7,"4":1,"5":6,"6":6,"7":2,"8":4,"9":2,"10":2},"f":{"0":12,"1":12},"b":{"0":[12,11],"1":[5,7],"2":[12,9,8],"3":[1,6],"4":[2,4],"5":[2,2]},"meta":{"lastBranch":6,"lastFunction":2,"lastStatement":11,"seen":{"f:46:16:46:30":0,"s:47:2:47:Infinity":0,"b:47:9:47:34:47:34:47:Infinity":0,"f:56:22:56:Infinity":1,"b:61:2:63:Infinity:undefined:undefined:undefined:undefined":1,"s:61:2:63:Infinity":1,"b:61:6:61:24:61:24:61:47:61:47:61:67":2,"s:62:4:62:Infinity":2,"b:64:2:64:Infinity:undefined:undefined:undefined:undefined":3,"s:64:2:64:Infinity":3,"s:64:25:64:Infinity":4,"s:66:16:66:Infinity":5,"b:67:2:67:Infinity:undefined:undefined:undefined:undefined":4,"s:67:2:67:Infinity":6,"s:67:17:67:Infinity":7,"b:68:2:68:Infinity:undefined:undefined:undefined:undefined":5,"s:68:2:68:Infinity":8,"s:68:28:68:Infinity":9,"s:69:2:69:Infinity":10},"fnNames":{}}},"/Users/dm/orca/workspaces/affiliate-hub/task20-2/src/infrastructure/identity/session-actor.ts":{"path":"/Users/dm/orca/workspaces/affiliate-hub/task20-2/src/infrastructure/identity/session-actor.ts","statementMap":{"0":{"start":{"line":20,"column":35},"end":{"line":20,"column":null}},"1":{"start":{"line":45,"column":14},"end":{"line":45,"column":null}},"2":{"start":{"line":45,"column":33},"end":{"line":45,"column":null}},"3":{"start":{"line":47,"column":2},"end":{"line":76,"column":null}},"4":{"start":{"line":48,"column":4},"end":{"line":48,"column":null}},"5":{"start":{"line":48,"column":46},"end":{"line":48,"column":null}},"6":{"start":{"line":50,"column":18},"end":{"line":50,"column":null}},"7":{"start":{"line":51,"column":4},"end":{"line":51,"column":null}},"8":{"start":{"line":51,"column":19},"end":{"line":51,"column":null}},"9":{"start":{"line":52,"column":4},"end":{"line":52,"column":null}},"10":{"start":{"line":52,"column":30},"end":{"line":52,"column":null}},"11":{"start":{"line":54,"column":36},"end":{"line":54,"column":null}},"12":{"start":{"line":55,"column":23},"end":{"line":55,"column":null}},"13":{"start":{"line":56,"column":4},"end":{"line":56,"column":null}},"14":{"start":{"line":56,"column":24},"end":{"line":56,"column":null}},"15":{"start":{"line":57,"column":4},"end":{"line":57,"column":null}},"16":{"start":{"line":57,"column":35},"end":{"line":57,"column":null}},"17":{"start":{"line":60,"column":4},"end":{"line":60,"column":null}},"18":{"start":{"line":60,"column":45},"end":{"line":60,"column":null}},"19":{"start":{"line":62,"column":4},"end":{"line":75,"column":null}}},"fnMap":{"0":{"name":"createSessionActorResolver","decl":{"start":{"line":40,"column":16},"end":{"line":40,"column":43}},"loc":{"start":{"line":44,"column":3},"end":{"line":77,"column":null}},"line":44},"1":{"name":"(anonymous_1)","decl":{"start":{"line":45,"column":19},"end":{"line":45,"column":33}},"loc":{"start":{"line":45,"column":33},"end":{"line":45,"column":null}},"line":45},"2":{"name":"resolveActor","decl":{"start":{"line":47,"column":24},"end":{"line":47,"column":37}},"loc":{"start":{"line":47,"column":85},"end":{"line":76,"column":null}},"line":47}},"branchMap":{"0":{"loc":{"start":{"line":45,"column":14},"end":{"line":45,"column":null}},"type":"binary-expr","locations":[{"start":{"line":45,"column":14},"end":{"line":45,"column":33}},{"start":{"line":45,"column":19},"end":{"line":45,"column":null}}],"line":45},"1":{"loc":{"start":{"line":48,"column":4},"end":{"line":48,"column":null}},"type":"if","locations":[{"start":{"line":48,"column":4},"end":{"line":48,"column":null}},{"start":{},"end":{}}],"line":48},"2":{"loc":{"start":{"line":48,"column":8},"end":{"line":48,"column":46}},"type":"binary-expr","locations":[{"start":{"line":48,"column":8},"end":{"line":48,"column":26}},{"start":{"line":48,"column":26},"end":{"line":48,"column":46}}],"line":48},"3":{"loc":{"start":{"line":51,"column":4},"end":{"line":51,"column":null}},"type":"if","locations":[{"start":{"line":51,"column":4},"end":{"line":51,"column":null}},{"start":{},"end":{}}],"line":51},"4":{"loc":{"start":{"line":52,"column":4},"end":{"line":52,"column":null}},"type":"if","locations":[{"start":{"line":52,"column":4},"end":{"line":52,"column":null}},{"start":{},"end":{}}],"line":52},"5":{"loc":{"start":{"line":56,"column":4},"end":{"line":56,"column":null}},"type":"if","locations":[{"start":{"line":56,"column":4},"end":{"line":56,"column":null}},{"start":{},"end":{}}],"line":56},"6":{"loc":{"start":{"line":57,"column":4},"end":{"line":57,"column":null}},"type":"if","locations":[{"start":{"line":57,"column":4},"end":{"line":57,"column":null}},{"start":{},"end":{}}],"line":57},"7":{"loc":{"start":{"line":60,"column":4},"end":{"line":60,"column":null}},"type":"if","locations":[{"start":{"line":60,"column":4},"end":{"line":60,"column":null}},{"start":{},"end":{}}],"line":60}},"s":{"0":1,"1":5,"2":0,"3":5,"4":6,"5":2,"6":4,"7":4,"8":1,"9":3,"10":0,"11":3,"12":3,"13":3,"14":0,"15":3,"16":1,"17":2,"18":1,"19":1},"f":{"0":5,"1":0,"2":6},"b":{"0":[5,0],"1":[2,4],"2":[6,5],"3":[1,3],"4":[0,3],"5":[0,3],"6":[1,2],"7":[1,1]},"meta":{"lastBranch":8,"lastFunction":3,"lastStatement":20,"seen":{"s:20:35:20:Infinity":0,"f:40:16:40:43":0,"s:45:14:45:Infinity":1,"b:45:14:45:33:45:19:45:Infinity":0,"f:45:19:45:33":1,"s:45:33:45:Infinity":2,"s:47:2:76:Infinity":3,"f:47:24:47:37":2,"b:48:4:48:Infinity:undefined:undefined:undefined:undefined":1,"s:48:4:48:Infinity":4,"b:48:8:48:26:48:26:48:46":2,"s:48:46:48:Infinity":5,"s:50:18:50:Infinity":6,"b:51:4:51:Infinity:undefined:undefined:undefined:undefined":3,"s:51:4:51:Infinity":7,"s:51:19:51:Infinity":8,"b:52:4:52:Infinity:undefined:undefined:undefined:undefined":4,"s:52:4:52:Infinity":9,"s:52:30:52:Infinity":10,"s:54:36:54:Infinity":11,"s:55:23:55:Infinity":12,"b:56:4:56:Infinity:undefined:undefined:undefined:undefined":5,"s:56:4:56:Infinity":13,"s:56:24:56:Infinity":14,"b:57:4:57:Infinity:undefined:undefined:undefined:undefined":6,"s:57:4:57:Infinity":15,"s:57:35:57:Infinity":16,"b:60:4:60:Infinity:undefined:undefined:undefined:undefined":7,"s:60:4:60:Infinity":17,"s:60:45:60:Infinity":18,"s:62:4:75:Infinity":19},"fnNames":{}}},"/Users/dm/orca/workspaces/affiliate-hub/task20-2/src/domain/identity/permissions.ts":{"path":"/Users/dm/orca/workspaces/affiliate-hub/task20-2/src/domain/identity/permissions.ts","statementMap":{"0":{"start":{"line":85,"column":64},"end":{"line":110,"column":null}},"1":{"start":{"line":112,"column":73},"end":{"line":234,"column":null}},"2":{"start":{"line":237,"column":14},"end":{"line":237,"column":null}},"3":{"start":{"line":238,"column":2},"end":{"line":240,"column":null}},"4":{"start":{"line":239,"column":4},"end":{"line":239,"column":null}},"5":{"start":{"line":239,"column":47},"end":{"line":239,"column":null}},"6":{"start":{"line":241,"column":2},"end":{"line":241,"column":null}},"7":{"start":{"line":245,"column":2},"end":{"line":245,"column":null}},"8":{"start":{"line":245,"column":75},"end":{"line":245,"column":null}},"9":{"start":{"line":246,"column":2},"end":{"line":246,"column":null}},"10":{"start":{"line":260,"column":2},"end":{"line":260,"column":null}},"11":{"start":{"line":260,"column":30},"end":{"line":260,"column":null}},"12":{"start":{"line":261,"column":2},"end":{"line":267,"column":null}},"13":{"start":{"line":262,"column":4},"end":{"line":266,"column":null}},"14":{"start":{"line":268,"column":2},"end":{"line":272,"column":null}}},"fnMap":{"0":{"name":"capabilitiesOf","decl":{"start":{"line":236,"column":16},"end":{"line":236,"column":31}},"loc":{"start":{"line":236,"column":80},"end":{"line":242,"column":null}},"line":236},"1":{"name":"can","decl":{"start":{"line":244,"column":16},"end":{"line":244,"column":20}},"loc":{"start":{"line":244,"column":74},"end":{"line":247,"column":null}},"line":244},"2":{"name":"requireCapability","decl":{"start":{"line":255,"column":16},"end":{"line":255,"column":null}},"loc":{"start":{"line":259,"column":29},"end":{"line":273,"column":null}},"line":259}},"branchMap":{"0":{"loc":{"start":{"line":245,"column":2},"end":{"line":245,"column":null}},"type":"if","locations":[{"start":{"line":245,"column":2},"end":{"line":245,"column":null}},{"start":{},"end":{}}],"line":245},"1":{"loc":{"start":{"line":245,"column":6},"end":{"line":245,"column":75}},"type":"binary-expr","locations":[{"start":{"line":245,"column":6},"end":{"line":245,"column":34}},{"start":{"line":245,"column":34},"end":{"line":245,"column":75}}],"line":245},"2":{"loc":{"start":{"line":260,"column":2},"end":{"line":260,"column":null}},"type":"if","locations":[{"start":{"line":260,"column":2},"end":{"line":260,"column":null}},{"start":{},"end":{}}],"line":260},"3":{"loc":{"start":{"line":261,"column":2},"end":{"line":267,"column":null}},"type":"if","locations":[{"start":{"line":261,"column":2},"end":{"line":267,"column":null}},{"start":{},"end":{}}],"line":261},"4":{"loc":{"start":{"line":261,"column":6},"end":{"line":261,"column":75}},"type":"binary-expr","locations":[{"start":{"line":261,"column":6},"end":{"line":261,"column":34}},{"start":{"line":261,"column":34},"end":{"line":261,"column":75}}],"line":261}},"s":{"0":4,"1":4,"2":66,"3":66,"4":156,"5":1600,"6":66,"7":42,"8":23,"9":19,"10":19,"11":5,"12":14,"13":11,"14":3},"f":{"0":66,"1":42,"2":19},"b":{"0":[23,19],"1":[42,24],"2":[5,14],"3":[11,3],"4":[14,11]},"meta":{"lastBranch":5,"lastFunction":3,"lastStatement":15,"seen":{"s:85:64:110:Infinity":0,"s:112:73:234:Infinity":1,"f:236:16:236:31":0,"s:237:14:237:Infinity":2,"s:238:2:240:Infinity":3,"s:239:4:239:Infinity":4,"s:239:47:239:Infinity":5,"s:241:2:241:Infinity":6,"f:244:16:244:20":1,"b:245:2:245:Infinity:undefined:undefined:undefined:undefined":0,"s:245:2:245:Infinity":7,"b:245:6:245:34:245:34:245:75":1,"s:245:75:245:Infinity":8,"s:246:2:246:Infinity":9,"f:255:16:255:Infinity":2,"b:260:2:260:Infinity:undefined:undefined:undefined:undefined":2,"s:260:2:260:Infinity":10,"s:260:30:260:Infinity":11,"b:261:2:267:Infinity:undefined:undefined:undefined:undefined":3,"s:261:2:267:Infinity":12,"b:261:6:261:34:261:34:261:75":4,"s:262:4:266:Infinity":13,"s:268:2:272:Infinity":14},"fnNames":{}}},"/Users/dm/orca/workspaces/affiliate-hub/task20-2/src/presentation/http/error-response.ts":{"path":"/Users/dm/orca/workspaces/affiliate-hub/task20-2/src/presentation/http/error-response.ts","statementMap":{"0":{"start":{"line":18,"column":71},"end":{"line":36,"column":null}},"1":{"start":{"line":39,"column":2},"end":{"line":39,"column":null}},"2":{"start":{"line":57,"column":59},"end":{"line":57,"column":null}},"3":{"start":{"line":67,"column":2},"end":{"line":67,"column":null}},"4":{"start":{"line":67,"column":52},"end":{"line":67,"column":null}},"5":{"start":{"line":68,"column":2},"end":{"line":73,"column":null}},"6":{"start":{"line":78,"column":16},"end":{"line":78,"column":null}},"7":{"start":{"line":79,"column":2},"end":{"line":93,"column":null}},"8":{"start":{"line":97,"column":2},"end":{"line":97,"column":null}}},"fnMap":{"0":{"name":"statusOf","decl":{"start":{"line":38,"column":16},"end":{"line":38,"column":25}},"loc":{"start":{"line":38,"column":53},"end":{"line":40,"column":null}},"line":38},"1":{"name":"maskExistence","decl":{"start":{"line":66,"column":16},"end":{"line":66,"column":30}},"loc":{"start":{"line":66,"column":63},"end":{"line":74,"column":null}},"line":66},"2":{"name":"errorResponse","decl":{"start":{"line":77,"column":16},"end":{"line":77,"column":30}},"loc":{"start":{"line":77,"column":60},"end":{"line":94,"column":null}},"line":77},"3":{"name":"okResponse","decl":{"start":{"line":96,"column":16},"end":{"line":96,"column":30}},"loc":{"start":{"line":96,"column":63},"end":{"line":98,"column":null}},"line":96}},"branchMap":{"0":{"loc":{"start":{"line":39,"column":9},"end":{"line":39,"column":null}},"type":"binary-expr","locations":[{"start":{"line":39,"column":9},"end":{"line":39,"column":37}},{"start":{"line":39,"column":37},"end":{"line":39,"column":null}}],"line":39},"1":{"loc":{"start":{"line":67,"column":2},"end":{"line":67,"column":null}},"type":"if","locations":[{"start":{"line":67,"column":2},"end":{"line":67,"column":null}},{"start":{},"end":{}}],"line":67},"2":{"loc":{"start":{"line":84,"column":25},"end":{"line":84,"column":null}},"type":"binary-expr","locations":[{"start":{"line":84,"column":25},"end":{"line":84,"column":50}},{"start":{"line":84,"column":50},"end":{"line":84,"column":null}}],"line":84},"3":{"loc":{"start":{"line":85,"column":15},"end":{"line":85,"column":null}},"type":"binary-expr","locations":[{"start":{"line":85,"column":15},"end":{"line":85,"column":30}},{"start":{"line":85,"column":30},"end":{"line":85,"column":null}}],"line":85},"4":{"loc":{"start":{"line":91,"column":15},"end":{"line":91,"column":null}},"type":"cond-expr","locations":[{"start":{"line":91,"column":33},"end":{"line":91,"column":58}},{"start":{"line":91,"column":58},"end":{"line":91,"column":null}}],"line":91},"5":{"loc":{"start":{"line":96,"column":39},"end":{"line":96,"column":63}},"type":"default-arg","locations":[{"start":{"line":96,"column":48},"end":{"line":96,"column":63}}],"line":96}},"s":{"0":2,"1":54,"2":2,"3":69,"4":55,"5":14,"6":21,"7":21,"8":0},"f":{"0":54,"1":69,"2":21,"3":0},"b":{"0":[54,0],"1":[55,14],"2":[21,2],"3":[21,21],"4":[1,20],"5":[0]},"meta":{"lastBranch":6,"lastFunction":4,"lastStatement":9,"seen":{"s:18:71:36:Infinity":0,"f:38:16:38:25":0,"s:39:2:39:Infinity":1,"b:39:9:39:37:39:37:39:Infinity":0,"s:57:59:57:Infinity":2,"f:66:16:66:30":1,"b:67:2:67:Infinity:undefined:undefined:undefined:undefined":1,"s:67:2:67:Infinity":3,"s:67:52:67:Infinity":4,"s:68:2:73:Infinity":5,"f:77:16:77:30":2,"s:78:16:78:Infinity":6,"s:79:2:93:Infinity":7,"b:84:25:84:50:84:50:84:Infinity":2,"b:85:15:85:30:85:30:85:Infinity":3,"b:91:33:91:58:91:58:91:Infinity":4,"f:96:16:96:30":3,"b:96:48:96:63":5,"s:97:2:97:Infinity":8},"fnNames":{}}},"/Users/dm/orca/workspaces/affiliate-hub/task20-2/src/middleware.ts":{"path":"/Users/dm/orca/workspaces/affiliate-hub/task20-2/src/middleware.ts","statementMap":{"0":{"start":{"line":33,"column":22},"end":{"line":37,"column":null}},"1":{"start":{"line":40,"column":2},"end":{"line":40,"column":null}},"2":{"start":{"line":40,"column":48},"end":{"line":40,"column":null}},"3":{"start":{"line":42,"column":16},"end":{"line":42,"column":null}},"4":{"start":{"line":43,"column":19},"end":{"line":43,"column":null}},"5":{"start":{"line":44,"column":2},"end":{"line":44,"column":null}},"6":{"start":{"line":44,"column":30},"end":{"line":44,"column":null}},"7":{"start":{"line":49,"column":17},"end":{"line":49,"column":null}},"8":{"start":{"line":50,"column":2},"end":{"line":50,"column":null}},"9":{"start":{"line":60,"column":2},"end":{"line":70,"column":null}},"10":{"start":{"line":61,"column":25},"end":{"line":61,"column":null}},"11":{"start":{"line":62,"column":15},"end":{"line":62,"column":null}},"12":{"start":{"line":63,"column":4},"end":{"line":63,"column":null}},"13":{"start":{"line":63,"column":21},"end":{"line":63,"column":null}},"14":{"start":{"line":64,"column":38},"end":{"line":65,"column":null}},"15":{"start":{"line":67,"column":4},"end":{"line":67,"column":null}},"16":{"start":{"line":69,"column":4},"end":{"line":69,"column":null}}},"fnMap":{"0":{"name":"middleware","decl":{"start":{"line":39,"column":22},"end":{"line":39,"column":33}},"loc":{"start":{"line":39,"column":78},"end":{"line":51,"column":null}},"line":39},"1":{"name":"tryGetSessionReader","decl":{"start":{"line":59,"column":15},"end":{"line":59,"column":37}},"loc":{"start":{"line":59,"column":37},"end":{"line":71,"column":null}},"line":59}},"branchMap":{"0":{"loc":{"start":{"line":40,"column":2},"end":{"line":40,"column":null}},"type":"if","locations":[{"start":{"line":40,"column":2},"end":{"line":40,"column":null}},{"start":{},"end":{}}],"line":40},"1":{"loc":{"start":{"line":42,"column":16},"end":{"line":42,"column":null}},"type":"binary-expr","locations":[{"start":{"line":42,"column":16},"end":{"line":42,"column":67}},{"start":{"line":42,"column":67},"end":{"line":42,"column":null}}],"line":42},"2":{"loc":{"start":{"line":44,"column":2},"end":{"line":44,"column":null}},"type":"if","locations":[{"start":{"line":44,"column":2},"end":{"line":44,"column":null}},{"start":{},"end":{}}],"line":44},"3":{"loc":{"start":{"line":63,"column":4},"end":{"line":63,"column":null}},"type":"if","locations":[{"start":{"line":63,"column":4},"end":{"line":63,"column":null}},{"start":{},"end":{}}],"line":63}},"s":{"0":0,"1":0,"2":0,"3":0,"4":0,"5":0,"6":0,"7":0,"8":0,"9":0,"10":0,"11":0,"12":0,"13":0,"14":0,"15":0,"16":0},"f":{"0":0,"1":0},"b":{"0":[0,0],"1":[0,0],"2":[0,0],"3":[0,0]},"meta":{"lastBranch":4,"lastFunction":2,"lastStatement":17,"seen":{"s:33:22:37:Infinity":0,"f:39:22:39:33":0,"b:40:2:40:Infinity:undefined:undefined:undefined:undefined":0,"s:40:2:40:Infinity":1,"s:40:48:40:Infinity":2,"s:42:16:42:Infinity":3,"b:42:16:42:67:42:67:42:Infinity":1,"s:43:19:43:Infinity":4,"b:44:2:44:Infinity:undefined:undefined:undefined:undefined":2,"s:44:2:44:Infinity":5,"s:44:30:44:Infinity":6,"s:49:17:49:Infinity":7,"s:50:2:50:Infinity":8,"f:59:15:59:37":1,"s:60:2:70:Infinity":9,"s:61:25:61:Infinity":10,"s:62:15:62:Infinity":11,"b:63:4:63:Infinity:undefined:undefined:undefined:undefined":3,"s:63:4:63:Infinity":12,"s:63:21:63:Infinity":13,"s:64:38:65:Infinity":14,"s:67:4:67:Infinity":15,"s:69:4:69:Infinity":16},"fnNames":{}}}}}